2025-02-17T17:14:58.688+03:00  INFO 56583 --- [kpo] [Test worker] hse.kpo.CarServiceTests                  : Starting CarServiceTests using Java 21.0.5 with PID 56583 (started by artemakulov in /Users/artemakulov/Study/2 course/2 sem/kpo-2025/practice/practise-6)
2025-02-17T17:14:58.689+03:00  INFO 56583 --- [kpo] [Test worker] hse.kpo.CarServiceTests                  : No active profile set, falling back to 1 default profile: "default"
2025-02-17T17:14:58.933+03:00  INFO 56583 --- [kpo] [Test worker] h.k.services.hseServices.HseCarService   : Hse Car Service created
2025-02-17T17:14:58.934+03:00  INFO 56583 --- [kpo] [Test worker] h.k.services.hseServices.HseShipService  : Hse Ship Service created
2025-02-17T17:14:58.987+03:00  INFO 56583 --- [kpo] [Test worker] hse.kpo.CarServiceTests                  : Started CarServiceTests in 0.52 seconds (process running for 1.384)
2025-02-17T17:14:59.642+03:00  INFO 56583 --- [kpo] [Test worker] t.c.s.AnnotationConfigContextLoaderUtils : Could not detect default configuration classes for test class [hse.kpo.CarTests]: CarTests does not declare any static, non-private, non-final, nested classes annotated with @Configuration.
2025-02-17T17:14:59.645+03:00  INFO 56583 --- [kpo] [Test worker] .b.t.c.SpringBootTestContextBootstrapper : Found @SpringBootConfiguration hse.kpo.KpoApplication for test class hse.kpo.CarTests
2025-02-17T17:14:59.664+03:00  INFO 56583 --- [kpo] [Test worker] t.c.s.AnnotationConfigContextLoaderUtils : Could not detect default configuration classes for test class [hse.kpo.CustomerTests]: CustomerTests does not declare any static, non-private, non-final, nested classes annotated with @Configuration.
2025-02-17T17:14:59.668+03:00  INFO 56583 --- [kpo] [Test worker] .b.t.c.SpringBootTestContextBootstrapper : Found @SpringBootConfiguration hse.kpo.KpoApplication for test class hse.kpo.CustomerTests
2025-02-17T17:14:59.686+03:00  INFO 56583 --- [kpo] [Test worker] t.c.s.AnnotationConfigContextLoaderUtils : Could not detect default configuration classes for test class [hse.kpo.KpoApplicationTests]: KpoApplicationTests does not declare any static, non-private, non-final, nested classes annotated with @Configuration.
2025-02-17T17:14:59.688+03:00  INFO 56583 --- [kpo] [Test worker] .b.t.c.SpringBootTestContextBootstrapper : Found @SpringBootConfiguration hse.kpo.KpoApplication for test class hse.kpo.KpoApplicationTests
2025-02-17T17:14:59.706+03:00  INFO 56583 --- [kpo] [Test worker] h.k.services.hseServices.HseCarService   : Customer(name=Ivan1, legPower=6, handPower=4, car=Car(engine=PedalEngine(size=6), vin=4), ship=null, iq=0) take car Car(engine=PedalEngine(size=6), vin=4)
2025-02-17T17:14:59.706+03:00  INFO 56583 --- [kpo] [Test worker] h.k.services.hseServices.HseCarService   : Customer(name=Maksim, legPower=4, handPower=6, car=Car(engine=HandEngine(), vin=1), ship=null, iq=0) take car Car(engine=HandEngine(), vin=1)
2025-02-17T17:14:59.707+03:00  INFO 56583 --- [kpo] [Test worker] h.k.services.hseServices.HseCarService   : Customer(name=Petya, legPower=6, handPower=6, car=Car(engine=PedalEngine(size=6), vin=5), ship=null, iq=0) take car Car(engine=PedalEngine(size=6), vin=5)
2025-02-17T17:14:59.707+03:00  INFO 56583 --- [kpo] [Test worker] h.k.services.hseServices.HseCarService   : Customer(name=Artem, legPower=4, handPower=4, car=Car(engine=FlyEngine(), vin=1), ship=null, iq=350) take car Car(engine=FlyEngine(), vin=1)
2025-02-17T17:14:59.710+03:00  INFO 56583 --- [kpo] [Test worker] t.c.s.AnnotationConfigContextLoaderUtils : Could not detect default configuration classes for test class [hse.kpo.ReportTests]: ReportTests does not declare any static, non-private, non-final, nested classes annotated with @Configuration.
2025-02-17T17:14:59.714+03:00  INFO 56583 --- [kpo] [Test worker] .b.t.c.SpringBootTestContextBootstrapper : Found @SpringBootConfiguration hse.kpo.KpoApplication for test class hse.kpo.ReportTests
2025-02-17T17:14:59.719+03:00  INFO 56583 --- [kpo] [Test worker] h.k.services.hseServices.HseCarService   : Hse Car Service created
2025-02-17T17:14:59.720+03:00  INFO 56583 --- [kpo] [Test worker] h.k.services.hseServices.HseCarService   : Customer(name=Ivan, legPower=6, handPower=4, car=Car(engine=PedalEngine(size=6), vin=2), ship=null, iq=0) take car Car(engine=PedalEngine(size=6), vin=2)
2025-02-17T17:14:59.720+03:00  INFO 56583 --- [kpo] [Test worker] h.k.services.hseServices.HseCarService   : Customer(name=Maksim, legPower=4, handPower=6, car=Car(engine=HandEngine(), vin=1), ship=null, iq=0) take car Car(engine=HandEngine(), vin=1)
2025-02-17T17:14:59.721+03:00  INFO 56583 --- [kpo] [Test worker] h.k.services.hseServices.HseCarService   : Customer(name=Petya, legPower=6, handPower=6, car=Car(engine=PedalEngine(size=6), vin=3), ship=null, iq=0) take car Car(engine=PedalEngine(size=6), vin=3)
2025-02-17T17:14:59.721+03:00  INFO 56583 --- [kpo] [Test worker] h.k.services.hseServices.HseCarService   : Customer(name=Ilya, legPower=6, handPower=6, car=Car(engine=FlyEngine(), vin=4), ship=null, iq=320) take car Car(engine=FlyEngine(), vin=4)
2025-02-17T17:14:59.841+03:00  INFO 56583 --- [kpo] [Test worker] t.c.s.AnnotationConfigContextLoaderUtils : Could not detect default configuration classes for test class [hse.kpo.ShipTest]: ShipTest does not declare any static, non-private, non-final, nested classes annotated with @Configuration.
2025-02-17T17:14:59.843+03:00  INFO 56583 --- [kpo] [Test worker] .b.t.c.SpringBootTestContextBootstrapper : Found @SpringBootConfiguration hse.kpo.KpoApplication for test class hse.kpo.ShipTest
2025-02-17T17:14:59.848+03:00  INFO 56583 --- [kpo] [Test worker] h.k.services.hseServices.HseCarService   : Hse Car Service created
2025-02-17T17:14:59.848+03:00  INFO 56583 --- [kpo] [Test worker] h.k.services.hseServices.HseShipService  : Hse Ship Service created
2025-02-17T17:14:59.849+03:00  INFO 56583 --- [kpo] [Test worker] h.k.services.hseServices.HseCarService   : Customer(name=Maksim, legPower=4, handPower=6, car=Car(engine=HandEngine(), vin=3), ship=null, iq=0) take car Car(engine=HandEngine(), vin=3)
2025-02-17T17:14:59.849+03:00  INFO 56583 --- [kpo] [Test worker] h.k.services.hseServices.HseCarService   : Customer(name=Petya, legPower=6, handPower=6, car=Car(engine=PedalEngine(size=6), vin=2), ship=null, iq=0) take car Car(engine=PedalEngine(size=6), vin=2)
2025-02-17T17:14:59.849+03:00  INFO 56583 --- [kpo] [Test worker] h.k.services.hseServices.HseCarService   : Customer(name=Ilya, legPower=6, handPower=6, car=Car(engine=FlyEngine(), vin=1), ship=null, iq=320) take car Car(engine=FlyEngine(), vin=1)
2025-02-17T17:14:59.850+03:00  INFO 56583 --- [kpo] [Test worker] h.k.services.hseServices.HseShipService  : Customer(name=Maksim, legPower=4, handPower=6, car=Car(engine=HandEngine(), vin=3), ship=Ship(engine=HandEngine(), vin=2), iq=0) take ship Ship(engine=HandEngine(), vin=2)
2025-02-17T17:14:59.850+03:00  INFO 56583 --- [kpo] [Test worker] h.k.services.hseServices.HseShipService  : Customer(name=Petya, legPower=6, handPower=6, car=Car(engine=PedalEngine(size=6), vin=2), ship=Ship(engine=PedalEngine(size=3), vin=3), iq=0) take ship Ship(engine=PedalEngine(size=3), vin=3)
2025-02-17T17:14:59.851+03:00  INFO 56583 --- [kpo] [Test worker] h.k.services.hseServices.HseShipService  : Customer(name=Ilya, legPower=6, handPower=6, car=Car(engine=FlyEngine(), vin=1), ship=Ship(engine=FlyEngine(), vin=1), iq=320) take ship Ship(engine=FlyEngine(), vin=1)
2025-02-17T17:14:59.854+03:00  INFO 56583 --- [kpo] [Test worker] h.k.services.hseServices.HseCarService   : Hse Car Service created
2025-02-17T17:14:59.855+03:00  INFO 56583 --- [kpo] [Test worker] h.k.services.hseServices.HseShipService  : Hse Ship Service created
2025-02-17T17:14:59.859+03:00  INFO 56583 --- [kpo] [Test worker] h.k.services.hseServices.HseCarService   : Hse Car Service created
2025-02-17T17:14:59.859+03:00  INFO 56583 --- [kpo] [Test worker] h.k.services.hseServices.HseShipService  : Hse Ship Service created
2025-02-17T17:14:59.860+03:00  INFO 56583 --- [kpo] [Test worker] h.k.services.hseServices.HseShipService  : Customer(name=Maksim, legPower=4, handPower=6, car=null, ship=Ship(engine=HandEngine(), vin=2), iq=0) take ship Ship(engine=HandEngine(), vin=2)
2025-02-17T17:14:59.861+03:00  INFO 56583 --- [kpo] [Test worker] h.k.services.hseServices.HseShipService  : Customer(name=Petya, legPower=6, handPower=6, car=null, ship=Ship(engine=PedalEngine(size=3), vin=3), iq=0) take ship Ship(engine=PedalEngine(size=3), vin=3)
2025-02-17T17:14:59.861+03:00  INFO 56583 --- [kpo] [Test worker] h.k.services.hseServices.HseShipService  : Customer(name=Ilya, legPower=6, handPower=6, car=null, ship=Ship(engine=FlyEngine(), vin=1), iq=320) take ship Ship(engine=FlyEngine(), vin=1)
2025-02-17T17:15:04.552+03:00  INFO 56627 --- [kpo] [Test worker] hse.kpo.CarServiceTests                  : Starting CarServiceTests using Java 21.0.5 with PID 56627 (started by artemakulov in /Users/artemakulov/Study/2 course/2 sem/kpo-2025/practice/practise-6)
2025-02-17T17:15:04.553+03:00  INFO 56627 --- [kpo] [Test worker] hse.kpo.CarServiceTests                  : No active profile set, falling back to 1 default profile: "default"
2025-02-17T17:15:04.881+03:00  INFO 56627 --- [kpo] [Test worker] h.k.services.hseServices.HseCarService   : Hse Car Service created
2025-02-17T17:15:04.883+03:00  INFO 56627 --- [kpo] [Test worker] h.k.services.hseServices.HseShipService  : Hse Ship Service created
2025-02-17T17:15:04.952+03:00  INFO 56627 --- [kpo] [Test worker] hse.kpo.CarServiceTests                  : Started CarServiceTests in 0.743 seconds (process running for 1.91)
2025-02-17T17:15:05.908+03:00  INFO 56627 --- [kpo] [Test worker] t.c.s.AnnotationConfigContextLoaderUtils : Could not detect default configuration classes for test class [hse.kpo.CarTests]: CarTests does not declare any static, non-private, non-final, nested classes annotated with @Configuration.
2025-02-17T17:15:05.915+03:00  INFO 56627 --- [kpo] [Test worker] .b.t.c.SpringBootTestContextBootstrapper : Found @SpringBootConfiguration hse.kpo.KpoApplication for test class hse.kpo.CarTests
2025-02-17T17:15:05.938+03:00  INFO 56627 --- [kpo] [Test worker] t.c.s.AnnotationConfigContextLoaderUtils : Could not detect default configuration classes for test class [hse.kpo.CustomerTests]: CustomerTests does not declare any static, non-private, non-final, nested classes annotated with @Configuration.
2025-02-17T17:15:05.940+03:00  INFO 56627 --- [kpo] [Test worker] .b.t.c.SpringBootTestContextBootstrapper : Found @SpringBootConfiguration hse.kpo.KpoApplication for test class hse.kpo.CustomerTests
2025-02-17T17:15:05.963+03:00  INFO 56627 --- [kpo] [Test worker] t.c.s.AnnotationConfigContextLoaderUtils : Could not detect default configuration classes for test class [hse.kpo.KpoApplicationTests]: KpoApplicationTests does not declare any static, non-private, non-final, nested classes annotated with @Configuration.
2025-02-17T17:15:05.965+03:00  INFO 56627 --- [kpo] [Test worker] .b.t.c.SpringBootTestContextBootstrapper : Found @SpringBootConfiguration hse.kpo.KpoApplication for test class hse.kpo.KpoApplicationTests
2025-02-17T17:15:05.989+03:00  INFO 56627 --- [kpo] [Test worker] h.k.services.hseServices.HseCarService   : Customer(name=Ivan1, legPower=6, handPower=4, car=Car(engine=PedalEngine(size=6), vin=4), ship=null, iq=0) take car Car(engine=PedalEngine(size=6), vin=4)
2025-02-17T17:15:05.990+03:00  INFO 56627 --- [kpo] [Test worker] h.k.services.hseServices.HseCarService   : Customer(name=Maksim, legPower=4, handPower=6, car=Car(engine=HandEngine(), vin=1), ship=null, iq=0) take car Car(engine=HandEngine(), vin=1)
2025-02-17T17:15:05.990+03:00  INFO 56627 --- [kpo] [Test worker] h.k.services.hseServices.HseCarService   : Customer(name=Petya, legPower=6, handPower=6, car=Car(engine=PedalEngine(size=6), vin=5), ship=null, iq=0) take car Car(engine=PedalEngine(size=6), vin=5)
2025-02-17T17:15:05.990+03:00  INFO 56627 --- [kpo] [Test worker] h.k.services.hseServices.HseCarService   : Customer(name=Artem, legPower=4, handPower=4, car=Car(engine=FlyEngine(), vin=1), ship=null, iq=350) take car Car(engine=FlyEngine(), vin=1)
2025-02-17T17:15:05.998+03:00  INFO 56627 --- [kpo] [Test worker] t.c.s.AnnotationConfigContextLoaderUtils : Could not detect default configuration classes for test class [hse.kpo.ReportTests]: ReportTests does not declare any static, non-private, non-final, nested classes annotated with @Configuration.
2025-02-17T17:15:06.001+03:00  INFO 56627 --- [kpo] [Test worker] .b.t.c.SpringBootTestContextBootstrapper : Found @SpringBootConfiguration hse.kpo.KpoApplication for test class hse.kpo.ReportTests
2025-02-17T17:15:06.007+03:00  INFO 56627 --- [kpo] [Test worker] h.k.services.hseServices.HseCarService   : Hse Car Service created
2025-02-17T17:15:06.008+03:00  INFO 56627 --- [kpo] [Test worker] h.k.services.hseServices.HseCarService   : Customer(name=Ivan, legPower=6, handPower=4, car=Car(engine=PedalEngine(size=6), vin=2), ship=null, iq=0) take car Car(engine=PedalEngine(size=6), vin=2)
2025-02-17T17:15:06.009+03:00  INFO 56627 --- [kpo] [Test worker] h.k.services.hseServices.HseCarService   : Customer(name=Maksim, legPower=4, handPower=6, car=Car(engine=HandEngine(), vin=1), ship=null, iq=0) take car Car(engine=HandEngine(), vin=1)
2025-02-17T17:15:06.009+03:00  INFO 56627 --- [kpo] [Test worker] h.k.services.hseServices.HseCarService   : Customer(name=Petya, legPower=6, handPower=6, car=Car(engine=PedalEngine(size=6), vin=3), ship=null, iq=0) take car Car(engine=PedalEngine(size=6), vin=3)
2025-02-17T17:15:06.009+03:00  INFO 56627 --- [kpo] [Test worker] h.k.services.hseServices.HseCarService   : Customer(name=Ilya, legPower=6, handPower=6, car=Car(engine=FlyEngine(), vin=4), ship=null, iq=320) take car Car(engine=FlyEngine(), vin=4)
2025-02-17T17:15:06.154+03:00  INFO 56627 --- [kpo] [Test worker] t.c.s.AnnotationConfigContextLoaderUtils : Could not detect default configuration classes for test class [hse.kpo.ShipTest]: ShipTest does not declare any static, non-private, non-final, nested classes annotated with @Configuration.
2025-02-17T17:15:06.156+03:00  INFO 56627 --- [kpo] [Test worker] .b.t.c.SpringBootTestContextBootstrapper : Found @SpringBootConfiguration hse.kpo.KpoApplication for test class hse.kpo.ShipTest
2025-02-17T17:15:06.161+03:00  INFO 56627 --- [kpo] [Test worker] h.k.services.hseServices.HseCarService   : Hse Car Service created
2025-02-17T17:15:06.161+03:00  INFO 56627 --- [kpo] [Test worker] h.k.services.hseServices.HseShipService  : Hse Ship Service created
2025-02-17T17:15:06.162+03:00  INFO 56627 --- [kpo] [Test worker] h.k.services.hseServices.HseCarService   : Customer(name=Maksim, legPower=4, handPower=6, car=Car(engine=HandEngine(), vin=3), ship=null, iq=0) take car Car(engine=HandEngine(), vin=3)
2025-02-17T17:15:06.162+03:00  INFO 56627 --- [kpo] [Test worker] h.k.services.hseServices.HseCarService   : Customer(name=Petya, legPower=6, handPower=6, car=Car(engine=PedalEngine(size=6), vin=2), ship=null, iq=0) take car Car(engine=PedalEngine(size=6), vin=2)
2025-02-17T17:15:06.162+03:00  INFO 56627 --- [kpo] [Test worker] h.k.services.hseServices.HseCarService   : Customer(name=Ilya, legPower=6, handPower=6, car=Car(engine=FlyEngine(), vin=1), ship=null, iq=320) take car Car(engine=FlyEngine(), vin=1)
2025-02-17T17:15:06.163+03:00  INFO 56627 --- [kpo] [Test worker] h.k.services.hseServices.HseShipService  : Customer(name=Maksim, legPower=4, handPower=6, car=Car(engine=HandEngine(), vin=3), ship=Ship(engine=HandEngine(), vin=2), iq=0) take ship Ship(engine=HandEngine(), vin=2)
2025-02-17T17:15:06.164+03:00  INFO 56627 --- [kpo] [Test worker] h.k.services.hseServices.HseShipService  : Customer(name=Petya, legPower=6, handPower=6, car=Car(engine=PedalEngine(size=6), vin=2), ship=Ship(engine=PedalEngine(size=3), vin=3), iq=0) take ship Ship(engine=PedalEngine(size=3), vin=3)
2025-02-17T17:15:06.164+03:00  INFO 56627 --- [kpo] [Test worker] h.k.services.hseServices.HseShipService  : Customer(name=Ilya, legPower=6, handPower=6, car=Car(engine=FlyEngine(), vin=1), ship=Ship(engine=FlyEngine(), vin=1), iq=320) take ship Ship(engine=FlyEngine(), vin=1)
2025-02-17T17:15:06.168+03:00  INFO 56627 --- [kpo] [Test worker] h.k.services.hseServices.HseCarService   : Hse Car Service created
2025-02-17T17:15:06.168+03:00  INFO 56627 --- [kpo] [Test worker] h.k.services.hseServices.HseShipService  : Hse Ship Service created
2025-02-17T17:15:06.172+03:00  INFO 56627 --- [kpo] [Test worker] h.k.services.hseServices.HseCarService   : Hse Car Service created
2025-02-17T17:15:06.172+03:00  INFO 56627 --- [kpo] [Test worker] h.k.services.hseServices.HseShipService  : Hse Ship Service created
2025-02-17T17:15:06.173+03:00  INFO 56627 --- [kpo] [Test worker] h.k.services.hseServices.HseShipService  : Customer(name=Maksim, legPower=4, handPower=6, car=null, ship=Ship(engine=HandEngine(), vin=2), iq=0) take ship Ship(engine=HandEngine(), vin=2)
2025-02-17T17:15:06.173+03:00  INFO 56627 --- [kpo] [Test worker] h.k.services.hseServices.HseShipService  : Customer(name=Petya, legPower=6, handPower=6, car=null, ship=Ship(engine=PedalEngine(size=3), vin=3), iq=0) take ship Ship(engine=PedalEngine(size=3), vin=3)
2025-02-17T17:15:06.173+03:00  INFO 56627 --- [kpo] [Test worker] h.k.services.hseServices.HseShipService  : Customer(name=Ilya, legPower=6, handPower=6, car=null, ship=Ship(engine=FlyEngine(), vin=1), iq=320) take ship Ship(engine=FlyEngine(), vin=1)
