2025-03-08T15:44:33.747+03:00  INFO 42823 --- [kpo] [Test worker] hse.AccountTest                          : Starting AccountTest using Java 21.0.5 with PID 42823 (started by artemakulov in /Users/artemakulov/Study/2 course/2 sem/kpo-2025/homeworks/homework-1)
2025-03-08T15:44:33.748+03:00  INFO 42823 --- [kpo] [Test worker] hse.AccountTest                          : No active profile set, falling back to 1 default profile: "default"
2025-03-08T15:44:34.033+03:00  INFO 42823 --- [kpo] [Test worker] hse.AccountTest                          : Started AccountTest in 0.49 seconds (process running for 1.251)
2025-03-08T15:44:47.293+03:00  INFO 42862 --- [kpo] [Test worker] hse.AccountTest                          : Starting AccountTest using Java 21.0.5 with PID 42862 (started by artemakulov in /Users/artemakulov/Study/2 course/2 sem/kpo-2025/homeworks/homework-1)
2025-03-08T15:44:47.294+03:00  INFO 42862 --- [kpo] [Test worker] hse.AccountTest                          : No active profile set, falling back to 1 default profile: "default"
2025-03-08T15:44:47.576+03:00  INFO 42862 --- [kpo] [Test worker] hse.AccountTest                          : Started AccountTest in 0.596 seconds (process running for 1.383)
2025-03-08T16:13:17.406+03:00  INFO 43752 --- [kpo] [Test worker] hse.AccountTest                          : Starting AccountTest using Java 21.0.5 with PID 43752 (started by artemakulov in /Users/artemakulov/Study/2 course/2 sem/kpo-2025/homeworks/homework-1)
2025-03-08T16:13:17.408+03:00  INFO 43752 --- [kpo] [Test worker] hse.AccountTest                          : No active profile set, falling back to 1 default profile: "default"
2025-03-08T16:13:17.705+03:00  INFO 43752 --- [kpo] [Test worker] hse.AccountTest                          : Started AccountTest in 0.516 seconds (process running for 1.377)
2025-03-08T17:59:09.433+03:00  INFO 44484 --- [kpo] [Test worker] hse.OperationTest                        : Starting OperationTest using Java 21.0.5 with PID 44484 (started by artemakulov in /Users/artemakulov/Study/2 course/2 sem/kpo-2025/homeworks/homework-1)
2025-03-08T17:59:09.434+03:00  INFO 44484 --- [kpo] [Test worker] hse.OperationTest                        : No active profile set, falling back to 1 default profile: "default"
2025-03-08T17:59:09.722+03:00  INFO 44484 --- [kpo] [Test worker] hse.OperationTest                        : Started OperationTest in 0.496 seconds (process running for 1.367)
2025-03-08T18:00:00.972+03:00  INFO 44557 --- [kpo] [Test worker] hse.OperationTest                        : Starting OperationTest using Java 21.0.5 with PID 44557 (started by artemakulov in /Users/artemakulov/Study/2 course/2 sem/kpo-2025/homeworks/homework-1)
2025-03-08T18:00:00.973+03:00  INFO 44557 --- [kpo] [Test worker] hse.OperationTest                        : No active profile set, falling back to 1 default profile: "default"
2025-03-08T18:00:01.253+03:00  INFO 44557 --- [kpo] [Test worker] hse.OperationTest                        : Started OperationTest in 0.486 seconds (process running for 1.22)
2025-03-08T18:06:05.323+03:00  INFO 45104 --- [kpo] [Test worker] hse.FacadeTest                           : Starting FacadeTest using Java 21.0.5 with PID 45104 (started by artemakulov in /Users/artemakulov/Study/2 course/2 sem/kpo-2025/homeworks/homework-1)
2025-03-08T18:06:05.324+03:00  INFO 45104 --- [kpo] [Test worker] hse.FacadeTest                           : No active profile set, falling back to 1 default profile: "default"
2025-03-08T18:06:05.640+03:00  INFO 45104 --- [kpo] [Test worker] hse.FacadeTest                           : Started FacadeTest in 0.531 seconds (process running for 1.432)
2025-03-08T18:06:20.364+03:00  INFO 45124 --- [kpo] [Test worker] hse.FacadeTest                           : Starting FacadeTest using Java 21.0.5 with PID 45124 (started by artemakulov in /Users/artemakulov/Study/2 course/2 sem/kpo-2025/homeworks/homework-1)
2025-03-08T18:06:20.366+03:00  INFO 45124 --- [kpo] [Test worker] hse.FacadeTest                           : No active profile set, falling back to 1 default profile: "default"
2025-03-08T18:06:20.954+03:00  INFO 45124 --- [kpo] [Test worker] hse.FacadeTest                           : Started FacadeTest in 1.083 seconds (process running for 2.487)
2025-03-08T18:07:11.897+03:00  INFO 45157 --- [kpo] [Test worker] hse.FacadeTest                           : Starting FacadeTest using Java 21.0.5 with PID 45157 (started by artemakulov in /Users/artemakulov/Study/2 course/2 sem/kpo-2025/homeworks/homework-1)
2025-03-08T18:07:11.898+03:00  INFO 45157 --- [kpo] [Test worker] hse.FacadeTest                           : No active profile set, falling back to 1 default profile: "default"
2025-03-08T18:07:12.198+03:00  INFO 45157 --- [kpo] [Test worker] hse.FacadeTest                           : Started FacadeTest in 0.504 seconds (process running for 1.489)
2025-03-08T18:08:37.916+03:00  INFO 45288 --- [kpo] [Test worker] hse.FacadeTest                           : Starting FacadeTest using Java 21.0.5 with PID 45288 (started by artemakulov in /Users/artemakulov/Study/2 course/2 sem/kpo-2025/homeworks/homework-1)
2025-03-08T18:08:37.917+03:00  INFO 45288 --- [kpo] [Test worker] hse.FacadeTest                           : No active profile set, falling back to 1 default profile: "default"
2025-03-08T18:08:38.208+03:00  INFO 45288 --- [kpo] [Test worker] hse.FacadeTest                           : Started FacadeTest in 0.496 seconds (process running for 1.306)
2025-03-08T18:14:04.980+03:00  INFO 45465 --- [kpo] [Test worker] hse.FacadeTest                           : Starting FacadeTest using Java 21.0.5 with PID 45465 (started by artemakulov in /Users/artemakulov/Study/2 course/2 sem/kpo-2025/homeworks/homework-1)
2025-03-08T18:14:04.981+03:00  INFO 45465 --- [kpo] [Test worker] hse.FacadeTest                           : No active profile set, falling back to 1 default profile: "default"
2025-03-08T18:14:05.274+03:00  INFO 45465 --- [kpo] [Test worker] hse.FacadeTest                           : Started FacadeTest in 0.509 seconds (process running for 1.395)
2025-03-08T19:32:32.415+03:00  INFO 48039 --- [kpo] [Test worker] hse.AccountTest                          : Starting AccountTest using Java 21.0.5 with PID 48039 (started by artemakulov in /Users/artemakulov/Study/2 course/2 sem/kpo-2025/homeworks/homework-1)
2025-03-08T19:32:32.416+03:00  INFO 48039 --- [kpo] [Test worker] hse.AccountTest                          : No active profile set, falling back to 1 default profile: "default"
2025-03-08T19:32:32.716+03:00  INFO 48039 --- [kpo] [Test worker] hse.AccountTest                          : Started AccountTest in 0.53 seconds (process running for 1.393)
2025-03-08T19:32:41.962+03:00  INFO 48066 --- [kpo] [Test worker] hse.AccountTest                          : Starting AccountTest using Java 21.0.5 with PID 48066 (started by artemakulov in /Users/artemakulov/Study/2 course/2 sem/kpo-2025/homeworks/homework-1)
2025-03-08T19:32:41.963+03:00  INFO 48066 --- [kpo] [Test worker] hse.AccountTest                          : No active profile set, falling back to 1 default profile: "default"
2025-03-08T19:32:42.242+03:00  INFO 48066 --- [kpo] [Test worker] hse.AccountTest                          : Started AccountTest in 0.497 seconds (process running for 1.25)
2025-03-08T19:32:42.723+03:00  INFO 48066 --- [kpo] [Test worker] t.c.s.AnnotationConfigContextLoaderUtils : Could not detect default configuration classes for test class [hse.FacadeTest]: FacadeTest does not declare any static, non-private, non-final, nested classes annotated with @Configuration.
2025-03-08T19:32:42.725+03:00  INFO 48066 --- [kpo] [Test worker] .b.t.c.SpringBootTestContextBootstrapper : Found @SpringBootConfiguration hse.KpoApplication for test class hse.FacadeTest
2025-03-08T19:32:42.735+03:00  INFO 48066 --- [kpo] [Test worker] t.c.s.AnnotationConfigContextLoaderUtils : Could not detect default configuration classes for test class [hse.OperationTest]: OperationTest does not declare any static, non-private, non-final, nested classes annotated with @Configuration.
2025-03-08T19:32:42.737+03:00  INFO 48066 --- [kpo] [Test worker] .b.t.c.SpringBootTestContextBootstrapper : Found @SpringBootConfiguration hse.KpoApplication for test class hse.OperationTest
2025-03-08T19:32:55.630+03:00  INFO 48081 --- [kpo] [Test worker] hse.AccountTest                          : Starting AccountTest using Java 21.0.5 with PID 48081 (started by artemakulov in /Users/artemakulov/Study/2 course/2 sem/kpo-2025/homeworks/homework-1)
2025-03-08T19:32:55.632+03:00  INFO 48081 --- [kpo] [Test worker] hse.AccountTest                          : No active profile set, falling back to 1 default profile: "default"
2025-03-08T19:32:56.150+03:00  INFO 48081 --- [kpo] [Test worker] hse.AccountTest                          : Started AccountTest in 0.941 seconds (process running for 2.328)
2025-03-08T19:32:56.914+03:00  INFO 48081 --- [kpo] [Test worker] t.c.s.AnnotationConfigContextLoaderUtils : Could not detect default configuration classes for test class [hse.FacadeTest]: FacadeTest does not declare any static, non-private, non-final, nested classes annotated with @Configuration.
2025-03-08T19:32:56.916+03:00  INFO 48081 --- [kpo] [Test worker] .b.t.c.SpringBootTestContextBootstrapper : Found @SpringBootConfiguration hse.KpoApplication for test class hse.FacadeTest
2025-03-08T19:32:56.928+03:00  INFO 48081 --- [kpo] [Test worker] t.c.s.AnnotationConfigContextLoaderUtils : Could not detect default configuration classes for test class [hse.OperationTest]: OperationTest does not declare any static, non-private, non-final, nested classes annotated with @Configuration.
2025-03-08T19:32:56.930+03:00  INFO 48081 --- [kpo] [Test worker] .b.t.c.SpringBootTestContextBootstrapper : Found @SpringBootConfiguration hse.KpoApplication for test class hse.OperationTest
2025-03-08T19:37:28.835+03:00  INFO 48209 --- [kpo] [Test worker] hse.AccountTest                          : Starting AccountTest using Java 21.0.5 with PID 48209 (started by artemakulov in /Users/artemakulov/Study/2 course/2 sem/kpo-2025/homeworks/homework-1)
2025-03-08T19:37:28.837+03:00  INFO 48209 --- [kpo] [Test worker] hse.AccountTest                          : No active profile set, falling back to 1 default profile: "default"
2025-03-08T19:37:29.118+03:00  INFO 48209 --- [kpo] [Test worker] hse.AccountTest                          : Started AccountTest in 0.502 seconds (process running for 1.259)
2025-03-08T19:37:29.600+03:00  INFO 48209 --- [kpo] [Test worker] t.c.s.AnnotationConfigContextLoaderUtils : Could not detect default configuration classes for test class [hse.FacadeTest]: FacadeTest does not declare any static, non-private, non-final, nested classes annotated with @Configuration.
2025-03-08T19:37:29.602+03:00  INFO 48209 --- [kpo] [Test worker] .b.t.c.SpringBootTestContextBootstrapper : Found @SpringBootConfiguration hse.KpoApplication for test class hse.FacadeTest
2025-03-08T19:37:29.617+03:00  INFO 48209 --- [kpo] [Test worker] t.c.s.AnnotationConfigContextLoaderUtils : Could not detect default configuration classes for test class [hse.OperationTest]: OperationTest does not declare any static, non-private, non-final, nested classes annotated with @Configuration.
2025-03-08T19:37:29.618+03:00  INFO 48209 --- [kpo] [Test worker] .b.t.c.SpringBootTestContextBootstrapper : Found @SpringBootConfiguration hse.KpoApplication for test class hse.OperationTest
2025-03-08T19:44:48.330+03:00  INFO 48523 --- [kpo] [Test worker] hse.FacadeTest                           : Starting FacadeTest using Java 21.0.5 with PID 48523 (started by artemakulov in /Users/artemakulov/Study/2 course/2 sem/kpo-2025/homeworks/homework-1)
2025-03-08T19:44:48.331+03:00  INFO 48523 --- [kpo] [Test worker] hse.FacadeTest                           : No active profile set, falling back to 1 default profile: "default"
2025-03-08T19:44:48.638+03:00  INFO 48523 --- [kpo] [Test worker] hse.FacadeTest                           : Started FacadeTest in 0.514 seconds (process running for 1.386)
2025-03-08T19:45:03.872+03:00  INFO 48543 --- [kpo] [Test worker] hse.FacadeTest                           : Starting FacadeTest using Java 21.0.5 with PID 48543 (started by artemakulov in /Users/artemakulov/Study/2 course/2 sem/kpo-2025/homeworks/homework-1)
2025-03-08T19:45:03.874+03:00  INFO 48543 --- [kpo] [Test worker] hse.FacadeTest                           : No active profile set, falling back to 1 default profile: "default"
2025-03-08T19:45:04.395+03:00  INFO 48543 --- [kpo] [Test worker] hse.FacadeTest                           : Started FacadeTest in 0.996 seconds (process running for 2.372)
2025-03-08T19:47:38.359+03:00  INFO 48617 --- [kpo] [Test worker] hse.FacadeTest                           : Starting FacadeTest using Java 21.0.5 with PID 48617 (started by artemakulov in /Users/artemakulov/Study/2 course/2 sem/kpo-2025/homeworks/homework-1)
2025-03-08T19:47:38.360+03:00  INFO 48617 --- [kpo] [Test worker] hse.FacadeTest                           : No active profile set, falling back to 1 default profile: "default"
2025-03-08T19:47:38.638+03:00  INFO 48617 --- [kpo] [Test worker] hse.FacadeTest                           : Started FacadeTest in 0.476 seconds (process running for 1.21)
2025-03-08T19:48:14.529+03:00  INFO 48677 --- [kpo] [Test worker] hse.FacadeTest                           : Starting FacadeTest using Java 21.0.5 with PID 48677 (started by artemakulov in /Users/artemakulov/Study/2 course/2 sem/kpo-2025/homeworks/homework-1)
2025-03-08T19:48:14.530+03:00  INFO 48677 --- [kpo] [Test worker] hse.FacadeTest                           : No active profile set, falling back to 1 default profile: "default"
2025-03-08T19:48:14.819+03:00  INFO 48677 --- [kpo] [Test worker] hse.FacadeTest                           : Started FacadeTest in 0.504 seconds (process running for 1.289)
2025-03-08T19:52:27.104+03:00  INFO 48787 --- [kpo] [Test worker] hse.FacadeTest                           : Starting FacadeTest using Java 21.0.5 with PID 48787 (started by artemakulov in /Users/artemakulov/Study/2 course/2 sem/kpo-2025/homeworks/homework-1)
2025-03-08T19:52:27.105+03:00  INFO 48787 --- [kpo] [Test worker] hse.FacadeTest                           : No active profile set, falling back to 1 default profile: "default"
2025-03-08T19:52:27.379+03:00  INFO 48787 --- [kpo] [Test worker] hse.FacadeTest                           : Started FacadeTest in 0.49 seconds (process running for 1.301)
2025-03-08T19:55:23.887+03:00  INFO 48933 --- [kpo] [Test worker] hse.FacadeTest                           : Starting FacadeTest using Java 21.0.5 with PID 48933 (started by artemakulov in /Users/artemakulov/Study/2 course/2 sem/kpo-2025/homeworks/homework-1)
2025-03-08T19:55:23.888+03:00  INFO 48933 --- [kpo] [Test worker] hse.FacadeTest                           : No active profile set, falling back to 1 default profile: "default"
2025-03-08T19:55:24.189+03:00  INFO 48933 --- [kpo] [Test worker] hse.FacadeTest                           : Started FacadeTest in 0.519 seconds (process running for 1.417)
