2025-05-21T02:27:47.513+03:00  INFO 7607 --- [kpo] [main] hse.kpo.KpoApplication                   : Starting KpoApplication using Java 21.0.6 with PID 7607 (/Users/artemakulov/Study/2 course/2 sem/kpo-2025/practice/practise-9/build/classes/java/main started by artemakulov in /Users/artemakulov/Study/2 course/2 sem/kpo-2025)
2025-05-21T02:27:47.514+03:00  INFO 7607 --- [kpo] [main] hse.kpo.KpoApplication                   : No active profile set, falling back to 1 default profile: "default"
2025-05-21T02:27:47.966+03:00  INFO 7607 --- [kpo] [main] o.s.b.w.embedded.tomcat.TomcatWebServer  : Tomcat initialized with port 8080 (http)
2025-05-21T02:27:47.972+03:00  INFO 7607 --- [kpo] [main] o.apache.catalina.core.StandardService   : Starting service [Tomcat]
2025-05-21T02:27:47.972+03:00  INFO 7607 --- [kpo] [main] o.apache.catalina.core.StandardEngine    : Starting Servlet engine: [Apache Tomcat/10.1.34]
2025-05-21T02:27:47.989+03:00  INFO 7607 --- [kpo] [main] o.a.c.c.C.[Tomcat].[localhost].[/]       : Initializing Spring embedded WebApplicationContext
2025-05-21T02:27:47.989+03:00  INFO 7607 --- [kpo] [main] w.s.c.ServletWebServerApplicationContext : Root WebApplicationContext: initialization completed in 460 ms
2025-05-21T02:27:48.015+03:00  INFO 7607 --- [kpo] [main] hse.kpo.services.HseCarService           : Hse Car Service created
2025-05-21T02:27:48.025+03:00  INFO 7607 --- [kpo] [main] hse.kpo.services.HseShipService          : Hse Ship Service created
2025-05-21T02:27:48.093+03:00  INFO 7607 --- [kpo] [main] o.s.v.b.OptionalValidatorFactoryBean     : Failed to set up a Bean Validation provider: jakarta.validation.NoProviderFoundException: Unable to create a Configuration, because no Jakarta Bean Validation provider could be found. Add a provider like Hibernate Validator (RI) to your classpath.
2025-05-21T02:27:48.246+03:00  INFO 7607 --- [kpo] [main] o.s.b.w.embedded.tomcat.TomcatWebServer  : Tomcat started on port 8080 (http) with context path '/'
2025-05-21T02:27:48.250+03:00  INFO 7607 --- [kpo] [main] hse.kpo.KpoApplication                   : Started KpoApplication in 0.92 seconds (process running for 1.247)
2025-05-21T02:29:09.079+03:00  INFO 7607 --- [kpo] [http-nio-8080-exec-1] o.a.c.c.C.[Tomcat].[localhost].[/]       : Initializing Spring DispatcherServlet 'dispatcherServlet'
2025-05-21T02:29:09.080+03:00  INFO 7607 --- [kpo] [http-nio-8080-exec-1] o.s.web.servlet.DispatcherServlet        : Initializing Servlet 'dispatcherServlet'
2025-05-21T02:29:09.082+03:00  INFO 7607 --- [kpo] [http-nio-8080-exec-1] o.s.web.servlet.DispatcherServlet        : Completed initialization in 2 ms
2025-05-21T02:29:26.970+03:00  INFO 7607 --- [kpo] [SpringApplicationShutdownHook] o.s.b.w.e.tomcat.GracefulShutdown        : Commencing graceful shutdown. Waiting for active requests to complete
2025-05-21T02:29:26.977+03:00  INFO 7607 --- [kpo] [tomcat-shutdown] o.s.b.w.e.tomcat.GracefulShutdown        : Graceful shutdown complete
2025-05-21T02:29:29.579+03:00  INFO 7653 --- [kpo] [main] hse.kpo.KpoApplication                   : Starting KpoApplication using Java 21.0.6 with PID 7653 (/Users/artemakulov/Study/2 course/2 sem/kpo-2025/practice/practise-9/build/classes/java/main started by artemakulov in /Users/artemakulov/Study/2 course/2 sem/kpo-2025)
2025-05-21T02:29:29.580+03:00  INFO 7653 --- [kpo] [main] hse.kpo.KpoApplication                   : No active profile set, falling back to 1 default profile: "default"
2025-05-21T02:29:30.038+03:00  INFO 7653 --- [kpo] [main] o.s.b.w.embedded.tomcat.TomcatWebServer  : Tomcat initialized with port 8080 (http)
2025-05-21T02:29:30.044+03:00  INFO 7653 --- [kpo] [main] o.apache.catalina.core.StandardService   : Starting service [Tomcat]
2025-05-21T02:29:30.044+03:00  INFO 7653 --- [kpo] [main] o.apache.catalina.core.StandardEngine    : Starting Servlet engine: [Apache Tomcat/10.1.34]
2025-05-21T02:29:30.060+03:00  INFO 7653 --- [kpo] [main] o.a.c.c.C.[Tomcat].[localhost].[/]       : Initializing Spring embedded WebApplicationContext
2025-05-21T02:29:30.060+03:00  INFO 7653 --- [kpo] [main] w.s.c.ServletWebServerApplicationContext : Root WebApplicationContext: initialization completed in 465 ms
2025-05-21T02:29:30.083+03:00  INFO 7653 --- [kpo] [main] hse.kpo.services.HseCarService           : Hse Car Service created
2025-05-21T02:29:30.093+03:00  INFO 7653 --- [kpo] [main] hse.kpo.services.HseShipService          : Hse Ship Service created
2025-05-21T02:29:30.163+03:00  INFO 7653 --- [kpo] [main] o.s.v.b.OptionalValidatorFactoryBean     : Failed to set up a Bean Validation provider: jakarta.validation.NoProviderFoundException: Unable to create a Configuration, because no Jakarta Bean Validation provider could be found. Add a provider like Hibernate Validator (RI) to your classpath.
2025-05-21T02:29:30.335+03:00  INFO 7653 --- [kpo] [main] o.s.b.w.embedded.tomcat.TomcatWebServer  : Tomcat started on port 8080 (http) with context path '/'
2025-05-21T02:29:30.342+03:00  INFO 7653 --- [kpo] [main] hse.kpo.KpoApplication                   : Started KpoApplication in 0.933 seconds (process running for 1.241)
2025-05-21T02:29:34.027+03:00  INFO 7653 --- [kpo] [http-nio-8080-exec-1] o.a.c.c.C.[Tomcat].[localhost].[/]       : Initializing Spring DispatcherServlet 'dispatcherServlet'
2025-05-21T02:29:34.028+03:00  INFO 7653 --- [kpo] [http-nio-8080-exec-1] o.s.web.servlet.DispatcherServlet        : Initializing Servlet 'dispatcherServlet'
2025-05-21T02:29:34.033+03:00  INFO 7653 --- [kpo] [http-nio-8080-exec-1] o.s.web.servlet.DispatcherServlet        : Completed initialization in 5 ms
2025-05-21T02:29:36.512+03:00  INFO 7653 --- [kpo] [SpringApplicationShutdownHook] o.s.b.w.e.tomcat.GracefulShutdown        : Commencing graceful shutdown. Waiting for active requests to complete
2025-05-21T02:29:36.519+03:00  INFO 7653 --- [kpo] [tomcat-shutdown] o.s.b.w.e.tomcat.GracefulShutdown        : Graceful shutdown complete
2025-05-21T03:11:57.761+03:00  INFO 7886 --- [kpo] [main] hse.kpo.KpoApplication                   : Starting KpoApplication using Java 21.0.6 with PID 7886 (/Users/artemakulov/Study/2 course/2 sem/kpo-2025/practice/practise-9/build/classes/java/main started by artemakulov in /Users/artemakulov/Study/2 course/2 sem/kpo-2025)
2025-05-21T03:11:57.762+03:00  INFO 7886 --- [kpo] [main] hse.kpo.KpoApplication                   : No active profile set, falling back to 1 default profile: "default"
2025-05-21T03:11:58.221+03:00  INFO 7886 --- [kpo] [main] o.s.b.w.embedded.tomcat.TomcatWebServer  : Tomcat initialized with port 8080 (http)
2025-05-21T03:11:58.227+03:00  INFO 7886 --- [kpo] [main] o.apache.catalina.core.StandardService   : Starting service [Tomcat]
2025-05-21T03:11:58.227+03:00  INFO 7886 --- [kpo] [main] o.apache.catalina.core.StandardEngine    : Starting Servlet engine: [Apache Tomcat/10.1.34]
2025-05-21T03:11:58.244+03:00  INFO 7886 --- [kpo] [main] o.a.c.c.C.[Tomcat].[localhost].[/]       : Initializing Spring embedded WebApplicationContext
2025-05-21T03:11:58.244+03:00  INFO 7886 --- [kpo] [main] w.s.c.ServletWebServerApplicationContext : Root WebApplicationContext: initialization completed in 462 ms
2025-05-21T03:11:58.269+03:00  INFO 7886 --- [kpo] [main] hse.kpo.services.HseCarService           : Hse Car Service created
2025-05-21T03:11:58.279+03:00  INFO 7886 --- [kpo] [main] hse.kpo.services.HseShipService          : Hse Ship Service created
2025-05-21T03:11:58.347+03:00  INFO 7886 --- [kpo] [main] o.s.v.b.OptionalValidatorFactoryBean     : Failed to set up a Bean Validation provider: jakarta.validation.NoProviderFoundException: Unable to create a Configuration, because no Jakarta Bean Validation provider could be found. Add a provider like Hibernate Validator (RI) to your classpath.
2025-05-21T03:11:58.497+03:00  INFO 7886 --- [kpo] [main] o.s.b.w.embedded.tomcat.TomcatWebServer  : Tomcat started on port 8080 (http) with context path '/'
2025-05-21T03:11:58.501+03:00  INFO 7886 --- [kpo] [main] hse.kpo.KpoApplication                   : Started KpoApplication in 0.919 seconds (process running for 1.269)
2025-05-21T03:12:02.043+03:00  INFO 7886 --- [kpo] [http-nio-8080-exec-1] o.a.c.c.C.[Tomcat].[localhost].[/]       : Initializing Spring DispatcherServlet 'dispatcherServlet'
2025-05-21T03:12:02.043+03:00  INFO 7886 --- [kpo] [http-nio-8080-exec-1] o.s.web.servlet.DispatcherServlet        : Initializing Servlet 'dispatcherServlet'
2025-05-21T03:12:02.048+03:00  INFO 7886 --- [kpo] [http-nio-8080-exec-1] o.s.web.servlet.DispatcherServlet        : Completed initialization in 5 ms
2025-05-21T03:12:50.049+03:00  INFO 7886 --- [kpo] [http-nio-8080-exec-10] o.springdoc.api.AbstractOpenApiResource  : Init duration for springdoc-openapi is: 159 ms
2025-05-21T03:14:45.610+03:00  INFO 7886 --- [kpo] [SpringApplicationShutdownHook] o.s.b.w.e.tomcat.GracefulShutdown        : Commencing graceful shutdown. Waiting for active requests to complete
2025-05-21T03:14:45.621+03:00  INFO 7886 --- [kpo] [tomcat-shutdown] o.s.b.w.e.tomcat.GracefulShutdown        : Graceful shutdown complete
2025-05-21T03:35:54.019+03:00  INFO 8552 --- [kpo] [main] hse.kpo.KpoApplication                   : Starting KpoApplication using Java 21.0.6 with PID 8552 (/Users/artemakulov/Study/2 course/2 sem/kpo-2025/practice/practise-9/build/classes/java/main started by artemakulov in /Users/artemakulov/Study/2 course/2 sem/kpo-2025)
2025-05-21T03:35:54.020+03:00  INFO 8552 --- [kpo] [main] hse.kpo.KpoApplication                   : No active profile set, falling back to 1 default profile: "default"
2025-05-21T03:35:54.525+03:00  INFO 8552 --- [kpo] [main] o.s.b.w.embedded.tomcat.TomcatWebServer  : Tomcat initialized with port 8080 (http)
2025-05-21T03:35:54.532+03:00  INFO 8552 --- [kpo] [main] o.apache.catalina.core.StandardService   : Starting service [Tomcat]
2025-05-21T03:35:54.533+03:00  INFO 8552 --- [kpo] [main] o.apache.catalina.core.StandardEngine    : Starting Servlet engine: [Apache Tomcat/10.1.34]
2025-05-21T03:35:54.555+03:00  INFO 8552 --- [kpo] [main] o.a.c.c.C.[Tomcat].[localhost].[/]       : Initializing Spring embedded WebApplicationContext
2025-05-21T03:35:54.555+03:00  INFO 8552 --- [kpo] [main] w.s.c.ServletWebServerApplicationContext : Root WebApplicationContext: initialization completed in 515 ms
2025-05-21T03:35:54.588+03:00  INFO 8552 --- [kpo] [main] hse.kpo.services.HseCarService           : Hse Car Service created
2025-05-21T03:35:54.599+03:00  INFO 8552 --- [kpo] [main] hse.kpo.services.HseShipService          : Hse Ship Service created
2025-05-21T03:35:54.669+03:00  INFO 8552 --- [kpo] [main] o.s.v.b.OptionalValidatorFactoryBean     : Failed to set up a Bean Validation provider: jakarta.validation.NoProviderFoundException: Unable to create a Configuration, because no Jakarta Bean Validation provider could be found. Add a provider like Hibernate Validator (RI) to your classpath.
2025-05-21T03:35:54.828+03:00  INFO 8552 --- [kpo] [main] o.s.b.w.embedded.tomcat.TomcatWebServer  : Tomcat started on port 8080 (http) with context path '/'
2025-05-21T03:35:54.832+03:00  INFO 8552 --- [kpo] [main] hse.kpo.KpoApplication                   : Started KpoApplication in 1.015 seconds (process running for 1.375)
2025-05-21T03:35:58.159+03:00  INFO 8552 --- [kpo] [http-nio-8080-exec-1] o.a.c.c.C.[Tomcat].[localhost].[/]       : Initializing Spring DispatcherServlet 'dispatcherServlet'
2025-05-21T03:35:58.160+03:00  INFO 8552 --- [kpo] [http-nio-8080-exec-1] o.s.web.servlet.DispatcherServlet        : Initializing Servlet 'dispatcherServlet'
2025-05-21T03:35:58.161+03:00  INFO 8552 --- [kpo] [http-nio-8080-exec-1] o.s.web.servlet.DispatcherServlet        : Completed initialization in 1 ms
2025-05-21T03:35:58.443+03:00  INFO 8552 --- [kpo] [http-nio-8080-exec-3] o.springdoc.api.AbstractOpenApiResource  : Init duration for springdoc-openapi is: 153 ms
2025-05-21T04:02:37.564+03:00  INFO 8552 --- [kpo] [SpringApplicationShutdownHook] o.s.b.w.e.tomcat.GracefulShutdown        : Commencing graceful shutdown. Waiting for active requests to complete
2025-05-21T04:02:37.580+03:00  INFO 8552 --- [kpo] [tomcat-shutdown] o.s.b.w.e.tomcat.GracefulShutdown        : Graceful shutdown complete
