2025-05-24T05:39:28.298+03:00  INFO 30360 --- [kpo] [Test worker] hse.kpo.CarControllerTest                : Starting CarControllerTest using Java 21.0.6 with PID 30360 (started by artemakulov in /Users/artemakulov/Study/2 course/2 sem/kpo-2025/practice/practise-10)
2025-05-24T05:39:28.301+03:00  INFO 30360 --- [kpo] [Test worker] hse.kpo.CarControllerTest                : No active profile set, falling back to 1 default profile: "default"
2025-05-24T05:39:29.629+03:00  INFO 30360 --- [kpo] [Test worker] hse.kpo.services.HseCarService           : Hse Car Service created
2025-05-24T05:39:29.707+03:00  INFO 30360 --- [kpo] [Test worker] hse.kpo.services.HseShipService          : Hse Ship Service created
2025-05-24T05:39:30.062+03:00  INFO 30360 --- [kpo] [Test worker] o.s.v.b.OptionalValidatorFactoryBean     : Failed to set up a Bean Validation provider: jakarta.validation.NoProviderFoundException: Unable to create a Configuration, because no Jakarta Bean Validation provider could be found. Add a provider like Hibernate Validator (RI) to your classpath.
2025-05-24T05:39:30.411+03:00  INFO 30360 --- [kpo] [Test worker] o.s.b.t.m.w.SpringBootMockServletContext : Initializing Spring TestDispatcherServlet ''
2025-05-24T05:39:30.412+03:00  INFO 30360 --- [kpo] [Test worker] o.s.t.web.servlet.TestDispatcherServlet  : Initializing Servlet ''
2025-05-24T05:39:30.412+03:00  INFO 30360 --- [kpo] [Test worker] o.s.t.web.servlet.TestDispatcherServlet  : Completed initialization in 0 ms
2025-05-24T05:39:30.449+03:00  INFO 30360 --- [kpo] [Test worker] hse.kpo.CarControllerTest                : Started CarControllerTest in 3.375 seconds (process running for 4.94)
2025-05-24T05:39:31.389+03:00  INFO 30360 --- [kpo] [Test worker] hse.kpo.services.HseCarService           : Customer(name=Artem, legPower=15, handPower=12, car=Car(engine=PEDAL, vin=6), ship=null, iq=300) take car Car(engine=PEDAL, vin=6)
2025-05-24T05:39:31.390+03:00  INFO 30360 --- [kpo] [Test worker] hse.kpo.services.HseCarService           : Customer(name=Vanya, legPower=10, handPower=13, car=Car(engine=PEDAL, vin=7), ship=null, iq=200) take car Car(engine=PEDAL, vin=7)
2025-05-24T05:39:31.421+03:00  INFO 30360 --- [kpo] [Test worker] t.c.s.AnnotationConfigContextLoaderUtils : Could not detect default configuration classes for test class [hse.kpo.CarServiceTests]: CarServiceTests does not declare any static, non-private, non-final, nested classes annotated with @Configuration.
2025-05-24T05:39:31.424+03:00  INFO 30360 --- [kpo] [Test worker] .b.t.c.SpringBootTestContextBootstrapper : Found @SpringBootConfiguration hse.kpo.KpoApplication for test class hse.kpo.CarServiceTests
2025-05-24T05:39:31.455+03:00  INFO 30360 --- [kpo] [Test worker] hse.kpo.CarServiceTests                  : Starting CarServiceTests using Java 21.0.6 with PID 30360 (started by artemakulov in /Users/artemakulov/Study/2 course/2 sem/kpo-2025/practice/practise-10)
2025-05-24T05:39:31.456+03:00  INFO 30360 --- [kpo] [Test worker] hse.kpo.CarServiceTests                  : No active profile set, falling back to 1 default profile: "default"
2025-05-24T05:39:31.622+03:00  INFO 30360 --- [kpo] [Test worker] hse.kpo.services.HseCarService           : Hse Car Service created
2025-05-24T05:39:31.623+03:00  INFO 30360 --- [kpo] [Test worker] hse.kpo.services.HseShipService          : Hse Ship Service created
2025-05-24T05:39:31.731+03:00  INFO 30360 --- [kpo] [Test worker] o.s.v.b.OptionalValidatorFactoryBean     : Failed to set up a Bean Validation provider: jakarta.validation.NoProviderFoundException: Unable to create a Configuration, because no Jakarta Bean Validation provider could be found. Add a provider like Hibernate Validator (RI) to your classpath.
2025-05-24T05:39:31.819+03:00  INFO 30360 --- [kpo] [Test worker] hse.kpo.CarServiceTests                  : Started CarServiceTests in 0.39 seconds (process running for 6.31)
2025-05-24T05:39:32.099+03:00  INFO 30360 --- [kpo] [Test worker] t.c.s.AnnotationConfigContextLoaderUtils : Could not detect default configuration classes for test class [hse.kpo.CarTests]: CarTests does not declare any static, non-private, non-final, nested classes annotated with @Configuration.
2025-05-24T05:39:32.109+03:00  INFO 30360 --- [kpo] [Test worker] .b.t.c.SpringBootTestContextBootstrapper : Found @SpringBootConfiguration hse.kpo.KpoApplication for test class hse.kpo.CarTests
2025-05-24T05:39:32.155+03:00  INFO 30360 --- [kpo] [Test worker] t.c.s.AnnotationConfigContextLoaderUtils : Could not detect default configuration classes for test class [hse.kpo.CustomerControllerTest]: CustomerControllerTest does not declare any static, non-private, non-final, nested classes annotated with @Configuration.
2025-05-24T05:39:32.162+03:00  INFO 30360 --- [kpo] [Test worker] .b.t.c.SpringBootTestContextBootstrapper : Found @SpringBootConfiguration hse.kpo.KpoApplication for test class hse.kpo.CustomerControllerTest
2025-05-24T05:39:32.295+03:00  INFO 30360 --- [kpo] [Test worker] t.c.s.AnnotationConfigContextLoaderUtils : Could not detect default configuration classes for test class [hse.kpo.CustomerTests]: CustomerTests does not declare any static, non-private, non-final, nested classes annotated with @Configuration.
2025-05-24T05:39:32.298+03:00  INFO 30360 --- [kpo] [Test worker] .b.t.c.SpringBootTestContextBootstrapper : Found @SpringBootConfiguration hse.kpo.KpoApplication for test class hse.kpo.CustomerTests
2025-05-24T05:39:32.350+03:00  INFO 30360 --- [kpo] [Test worker] t.c.s.AnnotationConfigContextLoaderUtils : Could not detect default configuration classes for test class [hse.kpo.FacadeTest]: FacadeTest does not declare any static, non-private, non-final, nested classes annotated with @Configuration.
2025-05-24T05:39:32.354+03:00  INFO 30360 --- [kpo] [Test worker] .b.t.c.SpringBootTestContextBootstrapper : Found @SpringBootConfiguration hse.kpo.KpoApplication for test class hse.kpo.FacadeTest
2025-05-24T05:39:32.380+03:00  INFO 30360 --- [kpo] [Test worker] hse.kpo.services.HseCarService           : Customer(name=Ivan1, legPower=6, handPower=4, car=Car(engine=PEDAL, vin=3), ship=null, iq=150) take car Car(engine=PEDAL, vin=3)
2025-05-24T05:39:32.380+03:00  INFO 30360 --- [kpo] [Test worker] hse.kpo.services.HseCarService           : Customer(name=Maksim, legPower=4, handPower=6, car=Car(engine=HAND, vin=1), ship=null, iq=80) take car Car(engine=HAND, vin=1)
2025-05-24T05:39:32.381+03:00  INFO 30360 --- [kpo] [Test worker] hse.kpo.services.HseCarService           : Customer(name=Petya, legPower=6, handPower=6, car=Car(engine=PEDAL, vin=4), ship=null, iq=20) take car Car(engine=PEDAL, vin=4)
2025-05-24T05:39:32.381+03:00  INFO 30360 --- [kpo] [Test worker] hse.kpo.services.HseCarService           : Customer(name=Nikita, legPower=6, handPower=6, car=Car(engine=HAND, vin=5), ship=null, iq=300) take car Car(engine=HAND, vin=5)
2025-05-24T05:39:32.607+03:00  INFO 30360 --- [kpo] [Test worker] t.c.s.AnnotationConfigContextLoaderUtils : Could not detect default configuration classes for test class [hse.kpo.ReportControllerTest]: ReportControllerTest does not declare any static, non-private, non-final, nested classes annotated with @Configuration.
2025-05-24T05:39:32.610+03:00  INFO 30360 --- [kpo] [Test worker] .b.t.c.SpringBootTestContextBootstrapper : Found @SpringBootConfiguration hse.kpo.KpoApplication for test class hse.kpo.ReportControllerTest
2025-05-24T05:39:32.741+03:00  INFO 30360 --- [kpo] [Test worker] t.c.s.AnnotationConfigContextLoaderUtils : Could not detect default configuration classes for test class [hse.kpo.ReportObserverTest]: ReportObserverTest does not declare any static, non-private, non-final, nested classes annotated with @Configuration.
2025-05-24T05:39:32.743+03:00  INFO 30360 --- [kpo] [Test worker] .b.t.c.SpringBootTestContextBootstrapper : Found @SpringBootConfiguration hse.kpo.KpoApplication for test class hse.kpo.ReportObserverTest
2025-05-24T05:39:32.753+03:00  INFO 30360 --- [kpo] [Test worker] hse.kpo.services.HseCarService           : Customer(name=Ivan1, legPower=6, handPower=4, car=Car(engine=PEDAL, vin=8), ship=null, iq=0) take car Car(engine=PEDAL, vin=8)
2025-05-24T05:39:32.754+03:00  INFO 30360 --- [kpo] [Test worker] hse.kpo.services.HseCarService           : Customer(name=Maksim, legPower=4, handPower=6, car=Catamaran(), ship=null, iq=0) take car Catamaran()
2025-05-24T05:39:32.755+03:00  INFO 30360 --- [kpo] [Test worker] hse.kpo.services.HseCarService           : Customer(name=Petya, legPower=6, handPower=6, car=Car(engine=PEDAL, vin=9), ship=null, iq=0) take car Car(engine=PEDAL, vin=9)
2025-05-24T05:39:32.755+03:00  INFO 30360 --- [kpo] [Test worker] hse.kpo.services.HseCarService           : Customer(name=Artem, legPower=4, handPower=4, car=Car(engine=LEVITATION, vin=1), ship=null, iq=350) take car Car(engine=LEVITATION, vin=1)
2025-05-24T05:39:32.788+03:00  INFO 30360 --- [kpo] [Test worker] hse.kpo.services.HseShipService          : Customer(name=Ivan1, legPower=6, handPower=4, car=Car(engine=PEDAL, vin=3), ship=Ship(engine=PEDAL, vin=2), iq=150) take ship Ship(engine=PEDAL, vin=2)
2025-05-24T05:39:32.789+03:00  INFO 30360 --- [kpo] [Test worker] hse.kpo.services.HseShipService          : Customer(name=Maksim, legPower=4, handPower=6, car=Car(engine=HAND, vin=1), ship=Ship(engine=HAND, vin=4), iq=80) take ship Ship(engine=HAND, vin=4)
2025-05-24T05:39:32.789+03:00  INFO 30360 --- [kpo] [Test worker] hse.kpo.services.HseShipService          : Customer(name=Petya, legPower=6, handPower=6, car=Car(engine=PEDAL, vin=4), ship=Ship(engine=PEDAL, vin=3), iq=20) take ship Ship(engine=PEDAL, vin=3)
2025-05-24T05:39:32.789+03:00  INFO 30360 --- [kpo] [Test worker] hse.kpo.services.HseShipService          : Customer(name=Nikita, legPower=6, handPower=6, car=Car(engine=HAND, vin=5), ship=Ship(engine=HAND, vin=5), iq=300) take ship Ship(engine=HAND, vin=5)
2025-05-24T05:39:32.790+03:00  INFO 30360 --- [kpo] [Test worker] hse.kpo.services.HseShipService          : Customer(name=Artem, legPower=4, handPower=4, car=Car(engine=LEVITATION, vin=1), ship=Ship(engine=LEVITATION, vin=1), iq=350) take ship Ship(engine=LEVITATION, vin=1)
2025-05-24T05:39:32.810+03:00  INFO 30360 --- [kpo] [Test worker] t.c.s.AnnotationConfigContextLoaderUtils : Could not detect default configuration classes for test class [hse.kpo.ReportTests]: ReportTests does not declare any static, non-private, non-final, nested classes annotated with @Configuration.
2025-05-24T05:39:32.815+03:00  INFO 30360 --- [kpo] [Test worker] .b.t.c.SpringBootTestContextBootstrapper : Found @SpringBootConfiguration hse.kpo.KpoApplication for test class hse.kpo.ReportTests
2025-05-24T05:39:32.954+03:00  INFO 30360 --- [kpo] [Test worker] hse.kpo.ReportTests                      : Starting ReportTests using Java 21.0.6 with PID 30360 (started by artemakulov in /Users/artemakulov/Study/2 course/2 sem/kpo-2025/practice/practise-10)
2025-05-24T05:39:32.968+03:00  INFO 30360 --- [kpo] [Test worker] hse.kpo.ReportTests                      : No active profile set, falling back to 1 default profile: "default"
2025-05-24T05:39:33.384+03:00  INFO 30360 --- [kpo] [Test worker] hse.kpo.services.HseCarService           : Hse Car Service created
2025-05-24T05:39:33.388+03:00  INFO 30360 --- [kpo] [Test worker] hse.kpo.services.HseShipService          : Hse Ship Service created
2025-05-24T05:39:33.561+03:00  INFO 30360 --- [kpo] [Test worker] o.s.v.b.OptionalValidatorFactoryBean     : Failed to set up a Bean Validation provider: jakarta.validation.NoProviderFoundException: Unable to create a Configuration, because no Jakarta Bean Validation provider could be found. Add a provider like Hibernate Validator (RI) to your classpath.
2025-05-24T05:39:33.834+03:00  INFO 30360 --- [kpo] [Test worker] hse.kpo.ReportTests                      : Started ReportTests in 0.999 seconds (process running for 8.325)
2025-05-24T05:39:33.843+03:00  INFO 30360 --- [kpo] [Test worker] hse.kpo.services.HseCarService           : Customer(name=Ivan, legPower=6, handPower=4, car=Car(engine=PEDAL, vin=2), ship=null, iq=0) take car Car(engine=PEDAL, vin=2)
2025-05-24T05:39:33.844+03:00  INFO 30360 --- [kpo] [Test worker] hse.kpo.services.HseCarService           : Customer(name=Maksim, legPower=4, handPower=6, car=Car(engine=HAND, vin=1), ship=null, iq=0) take car Car(engine=HAND, vin=1)
2025-05-24T05:39:33.845+03:00  INFO 30360 --- [kpo] [Test worker] hse.kpo.services.HseCarService           : Customer(name=Petya, legPower=6, handPower=6, car=Car(engine=PEDAL, vin=3), ship=null, iq=0) take car Car(engine=PEDAL, vin=3)
2025-05-24T05:39:33.845+03:00  INFO 30360 --- [kpo] [Test worker] hse.kpo.services.HseCarService           : Customer(name=Ilya, legPower=6, handPower=6, car=Car(engine=LEVITATION, vin=4), ship=null, iq=320) take car Car(engine=LEVITATION, vin=4)
2025-05-24T05:39:33.855+03:00  INFO 30360 --- [kpo] [Test worker] t.c.s.AnnotationConfigContextLoaderUtils : Could not detect default configuration classes for test class [hse.kpo.ShipControllerTest]: ShipControllerTest does not declare any static, non-private, non-final, nested classes annotated with @Configuration.
2025-05-24T05:39:33.856+03:00  INFO 30360 --- [kpo] [Test worker] .b.t.c.SpringBootTestContextBootstrapper : Found @SpringBootConfiguration hse.kpo.KpoApplication for test class hse.kpo.ShipControllerTest
2025-05-24T05:39:33.892+03:00  INFO 30360 --- [kpo] [Test worker] hse.kpo.services.HseShipService          : Customer(name=Artem, legPower=15, handPower=12, car=null, ship=Ship(engine=PEDAL, vin=2), iq=300) take ship Ship(engine=PEDAL, vin=2)
2025-05-24T05:39:33.892+03:00  INFO 30360 --- [kpo] [Test worker] hse.kpo.services.HseShipService          : Customer(name=Vanya, legPower=10, handPower=13, car=null, ship=Ship(engine=PEDAL, vin=3), iq=200) take ship Ship(engine=PEDAL, vin=3)
2025-05-24T05:39:33.937+03:00  INFO 30360 --- [kpo] [Test worker] t.c.s.AnnotationConfigContextLoaderUtils : Could not detect default configuration classes for test class [hse.kpo.ShipTest]: ShipTest does not declare any static, non-private, non-final, nested classes annotated with @Configuration.
2025-05-24T05:39:33.939+03:00  INFO 30360 --- [kpo] [Test worker] .b.t.c.SpringBootTestContextBootstrapper : Found @SpringBootConfiguration hse.kpo.KpoApplication for test class hse.kpo.ShipTest
2025-05-24T05:39:33.947+03:00  INFO 30360 --- [kpo] [Test worker] hse.kpo.services.HseCarService           : Hse Car Service created
2025-05-24T05:39:33.947+03:00  INFO 30360 --- [kpo] [Test worker] hse.kpo.services.HseShipService          : Hse Ship Service created
2025-05-24T05:39:33.948+03:00  INFO 30360 --- [kpo] [Test worker] hse.kpo.services.HseCarService           : Customer(name=Maksim, legPower=4, handPower=6, car=Car(engine=HAND, vin=3), ship=null, iq=0) take car Car(engine=HAND, vin=3)
2025-05-24T05:39:33.948+03:00  INFO 30360 --- [kpo] [Test worker] hse.kpo.services.HseCarService           : Customer(name=Petya, legPower=6, handPower=6, car=Car(engine=PEDAL, vin=2), ship=null, iq=0) take car Car(engine=PEDAL, vin=2)
2025-05-24T05:39:33.948+03:00  INFO 30360 --- [kpo] [Test worker] hse.kpo.services.HseCarService           : Customer(name=Ilya, legPower=6, handPower=6, car=Car(engine=LEVITATION, vin=1), ship=null, iq=320) take car Car(engine=LEVITATION, vin=1)
2025-05-24T05:39:33.948+03:00  INFO 30360 --- [kpo] [Test worker] hse.kpo.services.HseShipService          : Customer(name=Maksim, legPower=4, handPower=6, car=Car(engine=HAND, vin=3), ship=Ship(engine=HAND, vin=2), iq=0) take ship Ship(engine=HAND, vin=2)
2025-05-24T05:39:33.948+03:00  INFO 30360 --- [kpo] [Test worker] hse.kpo.services.HseShipService          : Customer(name=Petya, legPower=6, handPower=6, car=Car(engine=PEDAL, vin=2), ship=Ship(engine=PEDAL, vin=3), iq=0) take ship Ship(engine=PEDAL, vin=3)
2025-05-24T05:39:33.948+03:00  INFO 30360 --- [kpo] [Test worker] hse.kpo.services.HseShipService          : Customer(name=Ilya, legPower=6, handPower=6, car=Car(engine=LEVITATION, vin=1), ship=Ship(engine=LEVITATION, vin=1), iq=320) take ship Ship(engine=LEVITATION, vin=1)
2025-05-24T05:39:33.957+03:00  INFO 30360 --- [kpo] [Test worker] hse.kpo.services.HseCarService           : Hse Car Service created
2025-05-24T05:39:33.957+03:00  INFO 30360 --- [kpo] [Test worker] hse.kpo.services.HseShipService          : Hse Ship Service created
2025-05-24T05:39:33.962+03:00  INFO 30360 --- [kpo] [Test worker] hse.kpo.services.HseCarService           : Hse Car Service created
2025-05-24T05:39:33.962+03:00  INFO 30360 --- [kpo] [Test worker] hse.kpo.services.HseShipService          : Hse Ship Service created
2025-05-24T05:39:33.963+03:00  INFO 30360 --- [kpo] [Test worker] hse.kpo.services.HseShipService          : Customer(name=Maksim, legPower=4, handPower=6, car=null, ship=Ship(engine=HAND, vin=2), iq=0) take ship Ship(engine=HAND, vin=2)
2025-05-24T05:39:33.963+03:00  INFO 30360 --- [kpo] [Test worker] hse.kpo.services.HseShipService          : Customer(name=Petya, legPower=6, handPower=6, car=null, ship=Ship(engine=PEDAL, vin=3), iq=0) take ship Ship(engine=PEDAL, vin=3)
2025-05-24T05:39:33.963+03:00  INFO 30360 --- [kpo] [Test worker] hse.kpo.services.HseShipService          : Customer(name=Ilya, legPower=6, handPower=6, car=null, ship=Ship(engine=LEVITATION, vin=1), iq=320) take ship Ship(engine=LEVITATION, vin=1)
2025-05-24T05:39:33.972+03:00  INFO 30360 --- [kpo] [Test worker] t.c.s.AnnotationConfigContextLoaderUtils : Could not detect default configuration classes for test class [hse.kpo.TransportReportTest]: TransportReportTest does not declare any static, non-private, non-final, nested classes annotated with @Configuration.
2025-05-24T05:39:33.973+03:00  INFO 30360 --- [kpo] [Test worker] .b.t.c.SpringBootTestContextBootstrapper : Found @SpringBootConfiguration hse.kpo.KpoApplication for test class hse.kpo.TransportReportTest
2025-05-24T05:39:33.986+03:00  INFO 30360 --- [kpo] [Test worker] hse.kpo.services.HseCarService           : Customer(name=Ivan1, legPower=6, handPower=4, car=Car(engine=PEDAL, vin=5), ship=null, iq=150) take car Car(engine=PEDAL, vin=5)
2025-05-24T05:39:33.986+03:00  INFO 30360 --- [kpo] [Test worker] hse.kpo.services.HseCarService           : Customer(name=Maksim, legPower=4, handPower=6, car=Car(engine=HAND, vin=7), ship=null, iq=80) take car Car(engine=HAND, vin=7)
2025-05-24T05:39:33.987+03:00  INFO 30360 --- [kpo] [Test worker] hse.kpo.services.HseCarService           : Customer(name=Petya, legPower=6, handPower=6, car=Car(engine=PEDAL, vin=6), ship=null, iq=20) take car Car(engine=PEDAL, vin=6)
2025-05-24T05:39:33.987+03:00  INFO 30360 --- [kpo] [Test worker] hse.kpo.services.HseCarService           : Customer(name=Nikita, legPower=6, handPower=6, car=Catamaran(), ship=null, iq=300) take car Catamaran()
2025-05-24T16:49:03.057+03:00  INFO 34654 --- [kpo] [Test worker] hse.kpo.CarControllerTest                : Starting CarControllerTest using Java 21.0.6 with PID 34654 (started by artemakulov in /Users/artemakulov/Study/2 course/2 sem/kpo-2025/practice/practise-10)
2025-05-24T16:49:03.058+03:00  INFO 34654 --- [kpo] [Test worker] hse.kpo.CarControllerTest                : No active profile set, falling back to 1 default profile: "default"
2025-05-24T16:49:03.654+03:00  INFO 34654 --- [kpo] [Test worker] hse.kpo.services.HseCarService           : Hse Car Service created
2025-05-24T16:49:03.673+03:00  INFO 34654 --- [kpo] [Test worker] hse.kpo.services.HseShipService          : Hse Ship Service created
2025-05-24T16:49:03.864+03:00  INFO 34654 --- [kpo] [Test worker] o.s.v.b.OptionalValidatorFactoryBean     : Failed to set up a Bean Validation provider: jakarta.validation.NoProviderFoundException: Unable to create a Configuration, because no Jakarta Bean Validation provider could be found. Add a provider like Hibernate Validator (RI) to your classpath.
2025-05-24T16:49:04.078+03:00  INFO 34654 --- [kpo] [Test worker] o.s.b.t.m.w.SpringBootMockServletContext : Initializing Spring TestDispatcherServlet ''
2025-05-24T16:49:04.078+03:00  INFO 34654 --- [kpo] [Test worker] o.s.t.web.servlet.TestDispatcherServlet  : Initializing Servlet ''
2025-05-24T16:49:04.079+03:00  INFO 34654 --- [kpo] [Test worker] o.s.t.web.servlet.TestDispatcherServlet  : Completed initialization in 1 ms
2025-05-24T16:49:04.103+03:00  INFO 34654 --- [kpo] [Test worker] hse.kpo.CarControllerTest                : Started CarControllerTest in 1.268 seconds (process running for 2.097)
2025-05-24T16:49:30.695+03:00  INFO 34691 --- [kpo] [Test worker] hse.kpo.CarControllerTest                : Starting CarControllerTest using Java 21.0.6 with PID 34691 (started by artemakulov in /Users/artemakulov/Study/2 course/2 sem/kpo-2025/practice/practise-10)
2025-05-24T16:49:30.697+03:00  INFO 34691 --- [kpo] [Test worker] hse.kpo.CarControllerTest                : No active profile set, falling back to 1 default profile: "default"
2025-05-24T16:49:31.567+03:00  INFO 34691 --- [kpo] [Test worker] hse.kpo.services.HseCarService           : Hse Car Service created
2025-05-24T16:49:31.586+03:00  INFO 34691 --- [kpo] [Test worker] hse.kpo.services.HseShipService          : Hse Ship Service created
2025-05-24T16:49:31.931+03:00  INFO 34691 --- [kpo] [Test worker] o.s.v.b.OptionalValidatorFactoryBean     : Failed to set up a Bean Validation provider: jakarta.validation.NoProviderFoundException: Unable to create a Configuration, because no Jakarta Bean Validation provider could be found. Add a provider like Hibernate Validator (RI) to your classpath.
2025-05-24T16:49:32.289+03:00  INFO 34691 --- [kpo] [Test worker] o.s.b.t.m.w.SpringBootMockServletContext : Initializing Spring TestDispatcherServlet ''
2025-05-24T16:49:32.289+03:00  INFO 34691 --- [kpo] [Test worker] o.s.t.web.servlet.TestDispatcherServlet  : Initializing Servlet ''
2025-05-24T16:49:32.290+03:00  INFO 34691 --- [kpo] [Test worker] o.s.t.web.servlet.TestDispatcherServlet  : Completed initialization in 1 ms
2025-05-24T16:49:32.328+03:00  INFO 34691 --- [kpo] [Test worker] hse.kpo.CarControllerTest                : Started CarControllerTest in 1.989 seconds (process running for 3.101)
2025-05-24T16:49:33.072+03:00  INFO 34691 --- [kpo] [Test worker] hse.kpo.services.HseCarService           : Customer(name=Artem, legPower=15, handPower=12, car=Car(engine=PEDAL, vin=7), ship=null, iq=300) take car Car(engine=PEDAL, vin=7)
2025-05-24T16:49:33.073+03:00  INFO 34691 --- [kpo] [Test worker] hse.kpo.services.HseCarService           : Customer(name=Vanya, legPower=10, handPower=13, car=Car(engine=PEDAL, vin=8), ship=null, iq=200) take car Car(engine=PEDAL, vin=8)
2025-05-24T16:49:33.088+03:00  INFO 34691 --- [kpo] [Test worker] t.c.s.AnnotationConfigContextLoaderUtils : Could not detect default configuration classes for test class [hse.kpo.CarServiceTests]: CarServiceTests does not declare any static, non-private, non-final, nested classes annotated with @Configuration.
2025-05-24T16:49:33.089+03:00  INFO 34691 --- [kpo] [Test worker] .b.t.c.SpringBootTestContextBootstrapper : Found @SpringBootConfiguration hse.kpo.KpoApplication for test class hse.kpo.CarServiceTests
2025-05-24T16:49:33.106+03:00  INFO 34691 --- [kpo] [Test worker] hse.kpo.CarServiceTests                  : Starting CarServiceTests using Java 21.0.6 with PID 34691 (started by artemakulov in /Users/artemakulov/Study/2 course/2 sem/kpo-2025/practice/practise-10)
2025-05-24T16:49:33.106+03:00  INFO 34691 --- [kpo] [Test worker] hse.kpo.CarServiceTests                  : No active profile set, falling back to 1 default profile: "default"
2025-05-24T16:49:33.185+03:00  INFO 34691 --- [kpo] [Test worker] hse.kpo.services.HseCarService           : Hse Car Service created
2025-05-24T16:49:33.186+03:00  INFO 34691 --- [kpo] [Test worker] hse.kpo.services.HseShipService          : Hse Ship Service created
2025-05-24T16:49:33.221+03:00  INFO 34691 --- [kpo] [Test worker] o.s.v.b.OptionalValidatorFactoryBean     : Failed to set up a Bean Validation provider: jakarta.validation.NoProviderFoundException: Unable to create a Configuration, because no Jakarta Bean Validation provider could be found. Add a provider like Hibernate Validator (RI) to your classpath.
2025-05-24T16:49:33.286+03:00  INFO 34691 --- [kpo] [Test worker] hse.kpo.CarServiceTests                  : Started CarServiceTests in 0.195 seconds (process running for 4.059)
2025-05-24T16:49:33.456+03:00  INFO 34691 --- [kpo] [Test worker] t.c.s.AnnotationConfigContextLoaderUtils : Could not detect default configuration classes for test class [hse.kpo.CarTests]: CarTests does not declare any static, non-private, non-final, nested classes annotated with @Configuration.
2025-05-24T16:49:33.459+03:00  INFO 34691 --- [kpo] [Test worker] .b.t.c.SpringBootTestContextBootstrapper : Found @SpringBootConfiguration hse.kpo.KpoApplication for test class hse.kpo.CarTests
2025-05-24T16:49:33.478+03:00  INFO 34691 --- [kpo] [Test worker] t.c.s.AnnotationConfigContextLoaderUtils : Could not detect default configuration classes for test class [hse.kpo.CustomerControllerTest]: CustomerControllerTest does not declare any static, non-private, non-final, nested classes annotated with @Configuration.
2025-05-24T16:49:33.481+03:00  INFO 34691 --- [kpo] [Test worker] .b.t.c.SpringBootTestContextBootstrapper : Found @SpringBootConfiguration hse.kpo.KpoApplication for test class hse.kpo.CustomerControllerTest
2025-05-24T16:49:33.540+03:00  INFO 34691 --- [kpo] [Test worker] t.c.s.AnnotationConfigContextLoaderUtils : Could not detect default configuration classes for test class [hse.kpo.CustomerTests]: CustomerTests does not declare any static, non-private, non-final, nested classes annotated with @Configuration.
2025-05-24T16:49:33.541+03:00  INFO 34691 --- [kpo] [Test worker] .b.t.c.SpringBootTestContextBootstrapper : Found @SpringBootConfiguration hse.kpo.KpoApplication for test class hse.kpo.CustomerTests
2025-05-24T16:49:33.549+03:00  INFO 34691 --- [kpo] [Test worker] t.c.s.AnnotationConfigContextLoaderUtils : Could not detect default configuration classes for test class [hse.kpo.FacadeTest]: FacadeTest does not declare any static, non-private, non-final, nested classes annotated with @Configuration.
2025-05-24T16:49:33.551+03:00  INFO 34691 --- [kpo] [Test worker] .b.t.c.SpringBootTestContextBootstrapper : Found @SpringBootConfiguration hse.kpo.KpoApplication for test class hse.kpo.FacadeTest
2025-05-24T16:49:33.567+03:00  INFO 34691 --- [kpo] [Test worker] hse.kpo.services.HseCarService           : Customer(name=Ivan1, legPower=6, handPower=4, car=Car(engine=PEDAL, vin=3), ship=null, iq=150) take car Car(engine=PEDAL, vin=3)
2025-05-24T16:49:33.567+03:00  INFO 34691 --- [kpo] [Test worker] hse.kpo.services.HseCarService           : Customer(name=Maksim, legPower=4, handPower=6, car=Car(engine=HAND, vin=1), ship=null, iq=80) take car Car(engine=HAND, vin=1)
2025-05-24T16:49:33.567+03:00  INFO 34691 --- [kpo] [Test worker] hse.kpo.services.HseCarService           : Customer(name=Petya, legPower=6, handPower=6, car=Car(engine=PEDAL, vin=4), ship=null, iq=20) take car Car(engine=PEDAL, vin=4)
2025-05-24T16:49:33.567+03:00  INFO 34691 --- [kpo] [Test worker] hse.kpo.services.HseCarService           : Customer(name=Nikita, legPower=6, handPower=6, car=Car(engine=HAND, vin=5), ship=null, iq=300) take car Car(engine=HAND, vin=5)
2025-05-24T16:49:33.674+03:00  INFO 34691 --- [kpo] [Test worker] t.c.s.AnnotationConfigContextLoaderUtils : Could not detect default configuration classes for test class [hse.kpo.ReportControllerTest]: ReportControllerTest does not declare any static, non-private, non-final, nested classes annotated with @Configuration.
2025-05-24T16:49:33.676+03:00  INFO 34691 --- [kpo] [Test worker] .b.t.c.SpringBootTestContextBootstrapper : Found @SpringBootConfiguration hse.kpo.KpoApplication for test class hse.kpo.ReportControllerTest
2025-05-24T16:49:33.725+03:00  INFO 34691 --- [kpo] [Test worker] t.c.s.AnnotationConfigContextLoaderUtils : Could not detect default configuration classes for test class [hse.kpo.ReportObserverTest]: ReportObserverTest does not declare any static, non-private, non-final, nested classes annotated with @Configuration.
2025-05-24T16:49:33.726+03:00  INFO 34691 --- [kpo] [Test worker] .b.t.c.SpringBootTestContextBootstrapper : Found @SpringBootConfiguration hse.kpo.KpoApplication for test class hse.kpo.ReportObserverTest
2025-05-24T16:49:33.734+03:00  INFO 34691 --- [kpo] [Test worker] hse.kpo.services.HseCarService           : Customer(name=Ivan1, legPower=6, handPower=4, car=Car(engine=PEDAL, vin=8), ship=null, iq=0) take car Car(engine=PEDAL, vin=8)
2025-05-24T16:49:33.734+03:00  INFO 34691 --- [kpo] [Test worker] hse.kpo.services.HseCarService           : Customer(name=Maksim, legPower=4, handPower=6, car=Catamaran(), ship=null, iq=0) take car Catamaran()
2025-05-24T16:49:33.734+03:00  INFO 34691 --- [kpo] [Test worker] hse.kpo.services.HseCarService           : Customer(name=Petya, legPower=6, handPower=6, car=Car(engine=PEDAL, vin=9), ship=null, iq=0) take car Car(engine=PEDAL, vin=9)
2025-05-24T16:49:33.734+03:00  INFO 34691 --- [kpo] [Test worker] hse.kpo.services.HseCarService           : Customer(name=Artem, legPower=4, handPower=4, car=Car(engine=LEVITATION, vin=1), ship=null, iq=350) take car Car(engine=LEVITATION, vin=1)
2025-05-24T16:49:33.750+03:00  INFO 34691 --- [kpo] [Test worker] hse.kpo.services.HseShipService          : Customer(name=Ivan1, legPower=6, handPower=4, car=Car(engine=PEDAL, vin=3), ship=Ship(engine=PEDAL, vin=2), iq=150) take ship Ship(engine=PEDAL, vin=2)
2025-05-24T16:49:33.750+03:00  INFO 34691 --- [kpo] [Test worker] hse.kpo.services.HseShipService          : Customer(name=Maksim, legPower=4, handPower=6, car=Car(engine=HAND, vin=1), ship=Ship(engine=HAND, vin=4), iq=80) take ship Ship(engine=HAND, vin=4)
2025-05-24T16:49:33.751+03:00  INFO 34691 --- [kpo] [Test worker] hse.kpo.services.HseShipService          : Customer(name=Petya, legPower=6, handPower=6, car=Car(engine=PEDAL, vin=4), ship=Ship(engine=PEDAL, vin=3), iq=20) take ship Ship(engine=PEDAL, vin=3)
2025-05-24T16:49:33.751+03:00  INFO 34691 --- [kpo] [Test worker] hse.kpo.services.HseShipService          : Customer(name=Nikita, legPower=6, handPower=6, car=Car(engine=HAND, vin=5), ship=Ship(engine=HAND, vin=5), iq=300) take ship Ship(engine=HAND, vin=5)
2025-05-24T16:49:33.751+03:00  INFO 34691 --- [kpo] [Test worker] hse.kpo.services.HseShipService          : Customer(name=Artem, legPower=4, handPower=4, car=Car(engine=LEVITATION, vin=1), ship=Ship(engine=LEVITATION, vin=1), iq=350) take ship Ship(engine=LEVITATION, vin=1)
2025-05-24T16:49:33.761+03:00  INFO 34691 --- [kpo] [Test worker] t.c.s.AnnotationConfigContextLoaderUtils : Could not detect default configuration classes for test class [hse.kpo.ReportTests]: ReportTests does not declare any static, non-private, non-final, nested classes annotated with @Configuration.
2025-05-24T16:49:33.763+03:00  INFO 34691 --- [kpo] [Test worker] .b.t.c.SpringBootTestContextBootstrapper : Found @SpringBootConfiguration hse.kpo.KpoApplication for test class hse.kpo.ReportTests
2025-05-24T16:49:33.800+03:00  INFO 34691 --- [kpo] [Test worker] hse.kpo.ReportTests                      : Starting ReportTests using Java 21.0.6 with PID 34691 (started by artemakulov in /Users/artemakulov/Study/2 course/2 sem/kpo-2025/practice/practise-10)
2025-05-24T16:49:33.800+03:00  INFO 34691 --- [kpo] [Test worker] hse.kpo.ReportTests                      : No active profile set, falling back to 1 default profile: "default"
2025-05-24T16:49:33.940+03:00  INFO 34691 --- [kpo] [Test worker] hse.kpo.services.HseCarService           : Hse Car Service created
2025-05-24T16:49:33.942+03:00  INFO 34691 --- [kpo] [Test worker] hse.kpo.services.HseShipService          : Hse Ship Service created
2025-05-24T16:49:34.015+03:00  INFO 34691 --- [kpo] [Test worker] o.s.v.b.OptionalValidatorFactoryBean     : Failed to set up a Bean Validation provider: jakarta.validation.NoProviderFoundException: Unable to create a Configuration, because no Jakarta Bean Validation provider could be found. Add a provider like Hibernate Validator (RI) to your classpath.
2025-05-24T16:49:34.128+03:00  INFO 34691 --- [kpo] [Test worker] hse.kpo.ReportTests                      : Started ReportTests in 0.356 seconds (process running for 4.9)
2025-05-24T16:49:34.130+03:00  INFO 34691 --- [kpo] [Test worker] hse.kpo.services.HseCarService           : Customer(name=Ivan, legPower=6, handPower=4, car=Car(engine=PEDAL, vin=2), ship=null, iq=0) take car Car(engine=PEDAL, vin=2)
2025-05-24T16:49:34.131+03:00  INFO 34691 --- [kpo] [Test worker] hse.kpo.services.HseCarService           : Customer(name=Maksim, legPower=4, handPower=6, car=Car(engine=HAND, vin=1), ship=null, iq=0) take car Car(engine=HAND, vin=1)
2025-05-24T16:49:34.131+03:00  INFO 34691 --- [kpo] [Test worker] hse.kpo.services.HseCarService           : Customer(name=Petya, legPower=6, handPower=6, car=Car(engine=PEDAL, vin=3), ship=null, iq=0) take car Car(engine=PEDAL, vin=3)
2025-05-24T16:49:34.131+03:00  INFO 34691 --- [kpo] [Test worker] hse.kpo.services.HseCarService           : Customer(name=Ilya, legPower=6, handPower=6, car=Car(engine=LEVITATION, vin=4), ship=null, iq=320) take car Car(engine=LEVITATION, vin=4)
2025-05-24T16:49:34.136+03:00  INFO 34691 --- [kpo] [Test worker] t.c.s.AnnotationConfigContextLoaderUtils : Could not detect default configuration classes for test class [hse.kpo.ShipControllerTest]: ShipControllerTest does not declare any static, non-private, non-final, nested classes annotated with @Configuration.
2025-05-24T16:49:34.138+03:00  INFO 34691 --- [kpo] [Test worker] .b.t.c.SpringBootTestContextBootstrapper : Found @SpringBootConfiguration hse.kpo.KpoApplication for test class hse.kpo.ShipControllerTest
2025-05-24T16:49:34.156+03:00  INFO 34691 --- [kpo] [Test worker] hse.kpo.services.HseShipService          : Customer(name=Artem, legPower=15, handPower=12, car=null, ship=Ship(engine=PEDAL, vin=2), iq=300) take ship Ship(engine=PEDAL, vin=2)
2025-05-24T16:49:34.156+03:00  INFO 34691 --- [kpo] [Test worker] hse.kpo.services.HseShipService          : Customer(name=Vanya, legPower=10, handPower=13, car=null, ship=Ship(engine=PEDAL, vin=3), iq=200) take ship Ship(engine=PEDAL, vin=3)
2025-05-24T16:49:34.185+03:00  INFO 34691 --- [kpo] [Test worker] t.c.s.AnnotationConfigContextLoaderUtils : Could not detect default configuration classes for test class [hse.kpo.ShipTest]: ShipTest does not declare any static, non-private, non-final, nested classes annotated with @Configuration.
2025-05-24T16:49:34.186+03:00  INFO 34691 --- [kpo] [Test worker] .b.t.c.SpringBootTestContextBootstrapper : Found @SpringBootConfiguration hse.kpo.KpoApplication for test class hse.kpo.ShipTest
2025-05-24T16:49:34.189+03:00  INFO 34691 --- [kpo] [Test worker] hse.kpo.services.HseCarService           : Hse Car Service created
2025-05-24T16:49:34.189+03:00  INFO 34691 --- [kpo] [Test worker] hse.kpo.services.HseShipService          : Hse Ship Service created
2025-05-24T16:49:34.190+03:00  INFO 34691 --- [kpo] [Test worker] hse.kpo.services.HseCarService           : Customer(name=Maksim, legPower=4, handPower=6, car=Car(engine=HAND, vin=3), ship=null, iq=0) take car Car(engine=HAND, vin=3)
2025-05-24T16:49:34.190+03:00  INFO 34691 --- [kpo] [Test worker] hse.kpo.services.HseCarService           : Customer(name=Petya, legPower=6, handPower=6, car=Car(engine=PEDAL, vin=2), ship=null, iq=0) take car Car(engine=PEDAL, vin=2)
2025-05-24T16:49:34.190+03:00  INFO 34691 --- [kpo] [Test worker] hse.kpo.services.HseCarService           : Customer(name=Ilya, legPower=6, handPower=6, car=Car(engine=LEVITATION, vin=1), ship=null, iq=320) take car Car(engine=LEVITATION, vin=1)
2025-05-24T16:49:34.190+03:00  INFO 34691 --- [kpo] [Test worker] hse.kpo.services.HseShipService          : Customer(name=Maksim, legPower=4, handPower=6, car=Car(engine=HAND, vin=3), ship=Ship(engine=HAND, vin=2), iq=0) take ship Ship(engine=HAND, vin=2)
2025-05-24T16:49:34.190+03:00  INFO 34691 --- [kpo] [Test worker] hse.kpo.services.HseShipService          : Customer(name=Petya, legPower=6, handPower=6, car=Car(engine=PEDAL, vin=2), ship=Ship(engine=PEDAL, vin=3), iq=0) take ship Ship(engine=PEDAL, vin=3)
2025-05-24T16:49:34.190+03:00  INFO 34691 --- [kpo] [Test worker] hse.kpo.services.HseShipService          : Customer(name=Ilya, legPower=6, handPower=6, car=Car(engine=LEVITATION, vin=1), ship=Ship(engine=LEVITATION, vin=1), iq=320) take ship Ship(engine=LEVITATION, vin=1)
2025-05-24T16:49:34.193+03:00  INFO 34691 --- [kpo] [Test worker] hse.kpo.services.HseCarService           : Hse Car Service created
2025-05-24T16:49:34.193+03:00  INFO 34691 --- [kpo] [Test worker] hse.kpo.services.HseShipService          : Hse Ship Service created
2025-05-24T16:49:34.196+03:00  INFO 34691 --- [kpo] [Test worker] hse.kpo.services.HseCarService           : Hse Car Service created
2025-05-24T16:49:34.196+03:00  INFO 34691 --- [kpo] [Test worker] hse.kpo.services.HseShipService          : Hse Ship Service created
2025-05-24T16:49:34.197+03:00  INFO 34691 --- [kpo] [Test worker] hse.kpo.services.HseShipService          : Customer(name=Maksim, legPower=4, handPower=6, car=null, ship=Ship(engine=HAND, vin=2), iq=0) take ship Ship(engine=HAND, vin=2)
2025-05-24T16:49:34.197+03:00  INFO 34691 --- [kpo] [Test worker] hse.kpo.services.HseShipService          : Customer(name=Petya, legPower=6, handPower=6, car=null, ship=Ship(engine=PEDAL, vin=3), iq=0) take ship Ship(engine=PEDAL, vin=3)
2025-05-24T16:49:34.197+03:00  INFO 34691 --- [kpo] [Test worker] hse.kpo.services.HseShipService          : Customer(name=Ilya, legPower=6, handPower=6, car=null, ship=Ship(engine=LEVITATION, vin=1), iq=320) take ship Ship(engine=LEVITATION, vin=1)
2025-05-24T16:49:34.202+03:00  INFO 34691 --- [kpo] [Test worker] t.c.s.AnnotationConfigContextLoaderUtils : Could not detect default configuration classes for test class [hse.kpo.TransportReportTest]: TransportReportTest does not declare any static, non-private, non-final, nested classes annotated with @Configuration.
2025-05-24T16:49:34.203+03:00  INFO 34691 --- [kpo] [Test worker] .b.t.c.SpringBootTestContextBootstrapper : Found @SpringBootConfiguration hse.kpo.KpoApplication for test class hse.kpo.TransportReportTest
2025-05-24T16:49:34.210+03:00  INFO 34691 --- [kpo] [Test worker] hse.kpo.services.HseCarService           : Customer(name=Ivan1, legPower=6, handPower=4, car=Car(engine=PEDAL, vin=5), ship=null, iq=150) take car Car(engine=PEDAL, vin=5)
2025-05-24T16:49:34.210+03:00  INFO 34691 --- [kpo] [Test worker] hse.kpo.services.HseCarService           : Customer(name=Maksim, legPower=4, handPower=6, car=Car(engine=HAND, vin=7), ship=null, iq=80) take car Car(engine=HAND, vin=7)
2025-05-24T16:49:34.210+03:00  INFO 34691 --- [kpo] [Test worker] hse.kpo.services.HseCarService           : Customer(name=Petya, legPower=6, handPower=6, car=Car(engine=PEDAL, vin=6), ship=null, iq=20) take car Car(engine=PEDAL, vin=6)
2025-05-24T16:49:34.211+03:00  INFO 34691 --- [kpo] [Test worker] hse.kpo.services.HseCarService           : Customer(name=Nikita, legPower=6, handPower=6, car=Catamaran(), ship=null, iq=300) take car Catamaran()
