2025-05-22T00:35:17.267+03:00  INFO 6350 --- [kpo] [Test worker] hse.kpo.CarControllerTest                : Starting CarControllerTest using Java 21.0.6 with PID 6350 (started by artemakulov in /Users/artemakulov/Study/2 course/2 sem/kpo-2025/practice/practise-9)
2025-05-22T00:35:17.270+03:00  INFO 6350 --- [kpo] [Test worker] hse.kpo.CarControllerTest                : No active profile set, falling back to 1 default profile: "default"
2025-05-22T00:35:17.891+03:00  INFO 6350 --- [kpo] [Test worker] hse.kpo.services.HseCarService           : Hse Car Service created
2025-05-22T00:35:17.907+03:00  INFO 6350 --- [kpo] [Test worker] hse.kpo.services.HseShipService          : Hse Ship Service created
2025-05-22T00:35:18.104+03:00  INFO 6350 --- [kpo] [Test worker] o.s.v.b.OptionalValidatorFactoryBean     : Failed to set up a Bean Validation provider: jakarta.validation.NoProviderFoundException: Unable to create a Configuration, because no Jakarta Bean Validation provider could be found. Add a provider like Hibernate Validator (RI) to your classpath.
2025-05-22T00:35:18.334+03:00  INFO 6350 --- [kpo] [Test worker] o.s.b.t.m.w.SpringBootMockServletContext : Initializing Spring TestDispatcherServlet ''
2025-05-22T00:35:18.334+03:00  INFO 6350 --- [kpo] [Test worker] o.s.t.web.servlet.TestDispatcherServlet  : Initializing Servlet ''
2025-05-22T00:35:18.334+03:00  INFO 6350 --- [kpo] [Test worker] o.s.t.web.servlet.TestDispatcherServlet  : Completed initialization in 0 ms
2025-05-22T00:35:18.362+03:00  INFO 6350 --- [kpo] [Test worker] hse.kpo.CarControllerTest                : Started CarControllerTest in 1.311 seconds (process running for 2.218)
2025-05-22T00:35:18.983+03:00  INFO 6350 --- [kpo] [Test worker] t.c.s.AnnotationConfigContextLoaderUtils : Could not detect default configuration classes for test class [hse.kpo.CarServiceTests]: CarServiceTests does not declare any static, non-private, non-final, nested classes annotated with @Configuration.
2025-05-22T00:35:18.984+03:00  INFO 6350 --- [kpo] [Test worker] .b.t.c.SpringBootTestContextBootstrapper : Found @SpringBootConfiguration hse.kpo.KpoApplication for test class hse.kpo.CarServiceTests
2025-05-22T00:35:18.998+03:00  INFO 6350 --- [kpo] [Test worker] hse.kpo.CarServiceTests                  : Starting CarServiceTests using Java 21.0.6 with PID 6350 (started by artemakulov in /Users/artemakulov/Study/2 course/2 sem/kpo-2025/practice/practise-9)
2025-05-22T00:35:18.998+03:00  INFO 6350 --- [kpo] [Test worker] hse.kpo.CarServiceTests                  : No active profile set, falling back to 1 default profile: "default"
2025-05-22T00:35:19.078+03:00  INFO 6350 --- [kpo] [Test worker] hse.kpo.services.HseCarService           : Hse Car Service created
2025-05-22T00:35:19.079+03:00  INFO 6350 --- [kpo] [Test worker] hse.kpo.services.HseShipService          : Hse Ship Service created
2025-05-22T00:35:19.123+03:00  INFO 6350 --- [kpo] [Test worker] o.s.v.b.OptionalValidatorFactoryBean     : Failed to set up a Bean Validation provider: jakarta.validation.NoProviderFoundException: Unable to create a Configuration, because no Jakarta Bean Validation provider could be found. Add a provider like Hibernate Validator (RI) to your classpath.
2025-05-22T00:35:19.180+03:00  INFO 6350 --- [kpo] [Test worker] hse.kpo.CarServiceTests                  : Started CarServiceTests in 0.193 seconds (process running for 3.035)
2025-05-22T00:35:19.355+03:00  INFO 6350 --- [kpo] [Test worker] t.c.s.AnnotationConfigContextLoaderUtils : Could not detect default configuration classes for test class [hse.kpo.CarTests]: CarTests does not declare any static, non-private, non-final, nested classes annotated with @Configuration.
2025-05-22T00:35:19.358+03:00  INFO 6350 --- [kpo] [Test worker] .b.t.c.SpringBootTestContextBootstrapper : Found @SpringBootConfiguration hse.kpo.KpoApplication for test class hse.kpo.CarTests
2025-05-22T00:35:19.377+03:00  INFO 6350 --- [kpo] [Test worker] t.c.s.AnnotationConfigContextLoaderUtils : Could not detect default configuration classes for test class [hse.kpo.CustomerTests]: CustomerTests does not declare any static, non-private, non-final, nested classes annotated with @Configuration.
2025-05-22T00:35:19.379+03:00  INFO 6350 --- [kpo] [Test worker] .b.t.c.SpringBootTestContextBootstrapper : Found @SpringBootConfiguration hse.kpo.KpoApplication for test class hse.kpo.CustomerTests
2025-05-22T00:35:19.396+03:00  INFO 6350 --- [kpo] [Test worker] t.c.s.AnnotationConfigContextLoaderUtils : Could not detect default configuration classes for test class [hse.kpo.FacadeTest]: FacadeTest does not declare any static, non-private, non-final, nested classes annotated with @Configuration.
2025-05-22T00:35:19.397+03:00  INFO 6350 --- [kpo] [Test worker] .b.t.c.SpringBootTestContextBootstrapper : Found @SpringBootConfiguration hse.kpo.KpoApplication for test class hse.kpo.FacadeTest
2025-05-22T00:35:19.423+03:00  INFO 6350 --- [kpo] [Test worker] hse.kpo.services.HseCarService           : Customer(name=Ivan1, legPower=6, handPower=4, car=Car(engine=PedalEngine(size=6), vin=3), ship=null, iq=150) take car Car(engine=PedalEngine(size=6), vin=3)
2025-05-22T00:35:19.424+03:00  INFO 6350 --- [kpo] [Test worker] hse.kpo.services.HseCarService           : Customer(name=Maksim, legPower=4, handPower=6, car=Car(engine=HandEngine(), vin=1), ship=null, iq=80) take car Car(engine=HandEngine(), vin=1)
2025-05-22T00:35:19.424+03:00  INFO 6350 --- [kpo] [Test worker] hse.kpo.services.HseCarService           : Customer(name=Petya, legPower=6, handPower=6, car=Car(engine=PedalEngine(size=6), vin=4), ship=null, iq=20) take car Car(engine=PedalEngine(size=6), vin=4)
2025-05-22T00:35:19.424+03:00  INFO 6350 --- [kpo] [Test worker] hse.kpo.services.HseCarService           : Customer(name=Nikita, legPower=6, handPower=6, car=Car(engine=HandEngine(), vin=5), ship=null, iq=300) take car Car(engine=HandEngine(), vin=5)
2025-05-22T00:35:19.533+03:00  INFO 6350 --- [kpo] [Test worker] t.c.s.AnnotationConfigContextLoaderUtils : Could not detect default configuration classes for test class [hse.kpo.ReportObserverTest]: ReportObserverTest does not declare any static, non-private, non-final, nested classes annotated with @Configuration.
2025-05-22T00:35:19.535+03:00  INFO 6350 --- [kpo] [Test worker] .b.t.c.SpringBootTestContextBootstrapper : Found @SpringBootConfiguration hse.kpo.KpoApplication for test class hse.kpo.ReportObserverTest
2025-05-22T00:35:19.542+03:00  INFO 6350 --- [kpo] [Test worker] hse.kpo.services.HseCarService           : Customer(name=Ivan1, legPower=6, handPower=4, car=Car(engine=PedalEngine(size=6), vin=8), ship=null, iq=0) take car Car(engine=PedalEngine(size=6), vin=8)
2025-05-22T00:35:19.542+03:00  INFO 6350 --- [kpo] [Test worker] hse.kpo.services.HseCarService           : Customer(name=Maksim, legPower=4, handPower=6, car=Catamaran(), ship=null, iq=0) take car Catamaran()
2025-05-22T00:35:19.543+03:00  INFO 6350 --- [kpo] [Test worker] hse.kpo.services.HseCarService           : Customer(name=Petya, legPower=6, handPower=6, car=Car(engine=PedalEngine(size=6), vin=9), ship=null, iq=0) take car Car(engine=PedalEngine(size=6), vin=9)
2025-05-22T00:35:19.543+03:00  INFO 6350 --- [kpo] [Test worker] hse.kpo.services.HseCarService           : Customer(name=Artem, legPower=4, handPower=4, car=Car(engine=FlyEngine(), vin=1), ship=null, iq=350) take car Car(engine=FlyEngine(), vin=1)
2025-05-22T00:35:19.552+03:00  INFO 6350 --- [kpo] [Test worker] hse.kpo.services.HseShipService          : Customer(name=Ivan1, legPower=6, handPower=4, car=Car(engine=PedalEngine(size=6), vin=3), ship=Ship(engine=PedalEngine(size=6), vin=2), iq=150) take ship Ship(engine=PedalEngine(size=6), vin=2)
2025-05-22T00:35:19.552+03:00  INFO 6350 --- [kpo] [Test worker] hse.kpo.services.HseShipService          : Customer(name=Maksim, legPower=4, handPower=6, car=Car(engine=HandEngine(), vin=1), ship=Ship(engine=HandEngine(), vin=4), iq=80) take ship Ship(engine=HandEngine(), vin=4)
2025-05-22T00:35:19.553+03:00  INFO 6350 --- [kpo] [Test worker] hse.kpo.services.HseShipService          : Customer(name=Petya, legPower=6, handPower=6, car=Car(engine=PedalEngine(size=6), vin=4), ship=Ship(engine=PedalEngine(size=6), vin=3), iq=20) take ship Ship(engine=PedalEngine(size=6), vin=3)
2025-05-22T00:35:19.553+03:00  INFO 6350 --- [kpo] [Test worker] hse.kpo.services.HseShipService          : Customer(name=Nikita, legPower=6, handPower=6, car=Car(engine=HandEngine(), vin=5), ship=Ship(engine=HandEngine(), vin=5), iq=300) take ship Ship(engine=HandEngine(), vin=5)
2025-05-22T00:35:19.553+03:00  INFO 6350 --- [kpo] [Test worker] hse.kpo.services.HseShipService          : Customer(name=Artem, legPower=4, handPower=4, car=Car(engine=FlyEngine(), vin=1), ship=Ship(engine=FlyEngine(), vin=1), iq=350) take ship Ship(engine=FlyEngine(), vin=1)
2025-05-22T00:35:19.561+03:00  INFO 6350 --- [kpo] [Test worker] t.c.s.AnnotationConfigContextLoaderUtils : Could not detect default configuration classes for test class [hse.kpo.ReportTests]: ReportTests does not declare any static, non-private, non-final, nested classes annotated with @Configuration.
2025-05-22T00:35:19.562+03:00  INFO 6350 --- [kpo] [Test worker] .b.t.c.SpringBootTestContextBootstrapper : Found @SpringBootConfiguration hse.kpo.KpoApplication for test class hse.kpo.ReportTests
2025-05-22T00:35:19.597+03:00  INFO 6350 --- [kpo] [Test worker] hse.kpo.ReportTests                      : Starting ReportTests using Java 21.0.6 with PID 6350 (started by artemakulov in /Users/artemakulov/Study/2 course/2 sem/kpo-2025/practice/practise-9)
2025-05-22T00:35:19.598+03:00  INFO 6350 --- [kpo] [Test worker] hse.kpo.ReportTests                      : No active profile set, falling back to 1 default profile: "default"
2025-05-22T00:35:19.740+03:00  INFO 6350 --- [kpo] [Test worker] hse.kpo.services.HseCarService           : Hse Car Service created
2025-05-22T00:35:19.742+03:00  INFO 6350 --- [kpo] [Test worker] hse.kpo.services.HseShipService          : Hse Ship Service created
2025-05-22T00:35:19.816+03:00  INFO 6350 --- [kpo] [Test worker] o.s.v.b.OptionalValidatorFactoryBean     : Failed to set up a Bean Validation provider: jakarta.validation.NoProviderFoundException: Unable to create a Configuration, because no Jakarta Bean Validation provider could be found. Add a provider like Hibernate Validator (RI) to your classpath.
2025-05-22T00:35:19.926+03:00  INFO 6350 --- [kpo] [Test worker] hse.kpo.ReportTests                      : Started ReportTests in 0.355 seconds (process running for 3.781)
2025-05-22T00:35:19.928+03:00  INFO 6350 --- [kpo] [Test worker] hse.kpo.services.HseCarService           : Customer(name=Ivan, legPower=6, handPower=4, car=Car(engine=PedalEngine(size=6), vin=2), ship=null, iq=0) take car Car(engine=PedalEngine(size=6), vin=2)
2025-05-22T00:35:19.929+03:00  INFO 6350 --- [kpo] [Test worker] hse.kpo.services.HseCarService           : Customer(name=Maksim, legPower=4, handPower=6, car=Car(engine=HandEngine(), vin=1), ship=null, iq=0) take car Car(engine=HandEngine(), vin=1)
2025-05-22T00:35:19.929+03:00  INFO 6350 --- [kpo] [Test worker] hse.kpo.services.HseCarService           : Customer(name=Petya, legPower=6, handPower=6, car=Car(engine=PedalEngine(size=6), vin=3), ship=null, iq=0) take car Car(engine=PedalEngine(size=6), vin=3)
2025-05-22T00:35:19.929+03:00  INFO 6350 --- [kpo] [Test worker] hse.kpo.services.HseCarService           : Customer(name=Ilya, legPower=6, handPower=6, car=Car(engine=FlyEngine(), vin=4), ship=null, iq=320) take car Car(engine=FlyEngine(), vin=4)
2025-05-22T00:35:19.933+03:00  INFO 6350 --- [kpo] [Test worker] t.c.s.AnnotationConfigContextLoaderUtils : Could not detect default configuration classes for test class [hse.kpo.ShipTest]: ShipTest does not declare any static, non-private, non-final, nested classes annotated with @Configuration.
2025-05-22T00:35:19.934+03:00  INFO 6350 --- [kpo] [Test worker] .b.t.c.SpringBootTestContextBootstrapper : Found @SpringBootConfiguration hse.kpo.KpoApplication for test class hse.kpo.ShipTest
2025-05-22T00:35:19.938+03:00  INFO 6350 --- [kpo] [Test worker] hse.kpo.services.HseCarService           : Hse Car Service created
2025-05-22T00:35:19.938+03:00  INFO 6350 --- [kpo] [Test worker] hse.kpo.services.HseShipService          : Hse Ship Service created
2025-05-22T00:35:19.938+03:00  INFO 6350 --- [kpo] [Test worker] hse.kpo.services.HseCarService           : Customer(name=Maksim, legPower=4, handPower=6, car=Car(engine=HandEngine(), vin=3), ship=null, iq=0) take car Car(engine=HandEngine(), vin=3)
2025-05-22T00:35:19.938+03:00  INFO 6350 --- [kpo] [Test worker] hse.kpo.services.HseCarService           : Customer(name=Petya, legPower=6, handPower=6, car=Car(engine=PedalEngine(size=6), vin=2), ship=null, iq=0) take car Car(engine=PedalEngine(size=6), vin=2)
2025-05-22T00:35:19.938+03:00  INFO 6350 --- [kpo] [Test worker] hse.kpo.services.HseCarService           : Customer(name=Ilya, legPower=6, handPower=6, car=Car(engine=FlyEngine(), vin=1), ship=null, iq=320) take car Car(engine=FlyEngine(), vin=1)
2025-05-22T00:35:19.939+03:00  INFO 6350 --- [kpo] [Test worker] hse.kpo.services.HseShipService          : Customer(name=Maksim, legPower=4, handPower=6, car=Car(engine=HandEngine(), vin=3), ship=Ship(engine=HandEngine(), vin=2), iq=0) take ship Ship(engine=HandEngine(), vin=2)
2025-05-22T00:35:19.939+03:00  INFO 6350 --- [kpo] [Test worker] hse.kpo.services.HseShipService          : Customer(name=Petya, legPower=6, handPower=6, car=Car(engine=PedalEngine(size=6), vin=2), ship=Ship(engine=PedalEngine(size=3), vin=3), iq=0) take ship Ship(engine=PedalEngine(size=3), vin=3)
2025-05-22T00:35:19.939+03:00  INFO 6350 --- [kpo] [Test worker] hse.kpo.services.HseShipService          : Customer(name=Ilya, legPower=6, handPower=6, car=Car(engine=FlyEngine(), vin=1), ship=Ship(engine=FlyEngine(), vin=1), iq=320) take ship Ship(engine=FlyEngine(), vin=1)
2025-05-22T00:35:19.943+03:00  INFO 6350 --- [kpo] [Test worker] hse.kpo.services.HseCarService           : Hse Car Service created
2025-05-22T00:35:19.943+03:00  INFO 6350 --- [kpo] [Test worker] hse.kpo.services.HseShipService          : Hse Ship Service created
2025-05-22T00:35:19.946+03:00  INFO 6350 --- [kpo] [Test worker] hse.kpo.services.HseCarService           : Hse Car Service created
2025-05-22T00:35:19.947+03:00  INFO 6350 --- [kpo] [Test worker] hse.kpo.services.HseShipService          : Hse Ship Service created
2025-05-22T00:35:19.947+03:00  INFO 6350 --- [kpo] [Test worker] hse.kpo.services.HseShipService          : Customer(name=Maksim, legPower=4, handPower=6, car=null, ship=Ship(engine=HandEngine(), vin=2), iq=0) take ship Ship(engine=HandEngine(), vin=2)
2025-05-22T00:35:19.947+03:00  INFO 6350 --- [kpo] [Test worker] hse.kpo.services.HseShipService          : Customer(name=Petya, legPower=6, handPower=6, car=null, ship=Ship(engine=PedalEngine(size=3), vin=3), iq=0) take ship Ship(engine=PedalEngine(size=3), vin=3)
2025-05-22T00:35:19.948+03:00  INFO 6350 --- [kpo] [Test worker] hse.kpo.services.HseShipService          : Customer(name=Ilya, legPower=6, handPower=6, car=null, ship=Ship(engine=FlyEngine(), vin=1), iq=320) take ship Ship(engine=FlyEngine(), vin=1)
2025-05-22T00:35:19.951+03:00  INFO 6350 --- [kpo] [Test worker] t.c.s.AnnotationConfigContextLoaderUtils : Could not detect default configuration classes for test class [hse.kpo.TransportReportTest]: TransportReportTest does not declare any static, non-private, non-final, nested classes annotated with @Configuration.
2025-05-22T00:35:19.952+03:00  INFO 6350 --- [kpo] [Test worker] .b.t.c.SpringBootTestContextBootstrapper : Found @SpringBootConfiguration hse.kpo.KpoApplication for test class hse.kpo.TransportReportTest
2025-05-22T00:35:19.963+03:00  INFO 6350 --- [kpo] [Test worker] hse.kpo.services.HseCarService           : Customer(name=Ivan1, legPower=6, handPower=4, car=Car(engine=PedalEngine(size=6), vin=5), ship=null, iq=150) take car Car(engine=PedalEngine(size=6), vin=5)
2025-05-22T00:35:19.963+03:00  INFO 6350 --- [kpo] [Test worker] hse.kpo.services.HseCarService           : Customer(name=Maksim, legPower=4, handPower=6, car=Car(engine=HandEngine(), vin=7), ship=null, iq=80) take car Car(engine=HandEngine(), vin=7)
2025-05-22T00:35:19.964+03:00  INFO 6350 --- [kpo] [Test worker] hse.kpo.services.HseCarService           : Customer(name=Petya, legPower=6, handPower=6, car=Car(engine=PedalEngine(size=6), vin=6), ship=null, iq=20) take car Car(engine=PedalEngine(size=6), vin=6)
2025-05-22T00:35:19.964+03:00  INFO 6350 --- [kpo] [Test worker] hse.kpo.services.HseCarService           : Customer(name=Nikita, legPower=6, handPower=6, car=Catamaran(), ship=null, iq=300) take car Catamaran()
