2025-02-24T16:31:24.606+03:00  INFO 47512 --- [kpo] [Test worker] hse.kpo.CarServiceTests                  : Starting CarServiceTests using Java 21.0.5 with PID 47512 (started by artemakulov in /Users/artemakulov/Study/2 course/2 sem/kpo-2025/practice/practise-7)
2025-02-24T16:31:24.607+03:00  INFO 47512 --- [kpo] [Test worker] hse.kpo.CarServiceTests                  : No active profile set, falling back to 1 default profile: "default"
2025-02-24T16:31:24.956+03:00  INFO 47512 --- [kpo] [Test worker] hse.kpo.services.HseCarService           : Hse Car Service created
2025-02-24T16:31:24.982+03:00  INFO 47512 --- [kpo] [Test worker] hse.kpo.services.HseShipService          : Hse Ship Service created
2025-02-24T16:31:25.041+03:00  INFO 47512 --- [kpo] [Test worker] hse.kpo.CarServiceTests                  : Started CarServiceTests in 0.643 seconds (process running for 1.502)
2025-02-24T16:31:25.720+03:00  INFO 47512 --- [kpo] [Test worker] t.c.s.AnnotationConfigContextLoaderUtils : Could not detect default configuration classes for test class [hse.kpo.CarTests]: CarTests does not declare any static, non-private, non-final, nested classes annotated with @Configuration.
2025-02-24T16:31:25.723+03:00  INFO 47512 --- [kpo] [Test worker] .b.t.c.SpringBootTestContextBootstrapper : Found @SpringBootConfiguration hse.kpo.KpoApplication for test class hse.kpo.CarTests
2025-02-24T16:31:25.742+03:00  INFO 47512 --- [kpo] [Test worker] t.c.s.AnnotationConfigContextLoaderUtils : Could not detect default configuration classes for test class [hse.kpo.CustomerTests]: CustomerTests does not declare any static, non-private, non-final, nested classes annotated with @Configuration.
2025-02-24T16:31:25.745+03:00  INFO 47512 --- [kpo] [Test worker] .b.t.c.SpringBootTestContextBootstrapper : Found @SpringBootConfiguration hse.kpo.KpoApplication for test class hse.kpo.CustomerTests
2025-02-24T16:31:25.763+03:00  INFO 47512 --- [kpo] [Test worker] t.c.s.AnnotationConfigContextLoaderUtils : Could not detect default configuration classes for test class [hse.kpo.ReportObserverTest]: ReportObserverTest does not declare any static, non-private, non-final, nested classes annotated with @Configuration.
2025-02-24T16:31:25.764+03:00  INFO 47512 --- [kpo] [Test worker] .b.t.c.SpringBootTestContextBootstrapper : Found @SpringBootConfiguration hse.kpo.KpoApplication for test class hse.kpo.ReportObserverTest
2025-02-24T16:31:25.800+03:00  INFO 47512 --- [kpo] [Test worker] hse.kpo.services.HseCarService           : Customer(name=Ivan1, legPower=6, handPower=4, car=Car(engine=PedalEngine(size=6), vin=4), ship=null, iq=0) take car Car(engine=PedalEngine(size=6), vin=4)
2025-02-24T16:31:25.800+03:00  INFO 47512 --- [kpo] [Test worker] hse.kpo.services.HseCarService           : Customer(name=Maksim, legPower=4, handPower=6, car=Car(engine=HandEngine(), vin=1), ship=null, iq=0) take car Car(engine=HandEngine(), vin=1)
2025-02-24T16:31:25.801+03:00  INFO 47512 --- [kpo] [Test worker] hse.kpo.services.HseCarService           : Customer(name=Petya, legPower=6, handPower=6, car=Car(engine=PedalEngine(size=6), vin=5), ship=null, iq=0) take car Car(engine=PedalEngine(size=6), vin=5)
2025-02-24T16:31:25.801+03:00  INFO 47512 --- [kpo] [Test worker] hse.kpo.services.HseCarService           : Customer(name=Artem, legPower=4, handPower=4, car=Car(engine=FlyEngine(), vin=1), ship=null, iq=350) take car Car(engine=FlyEngine(), vin=1)
2025-02-24T16:31:25.807+03:00  INFO 47512 --- [kpo] [Test worker] t.c.s.AnnotationConfigContextLoaderUtils : Could not detect default configuration classes for test class [hse.kpo.ReportTests]: ReportTests does not declare any static, non-private, non-final, nested classes annotated with @Configuration.
2025-02-24T16:31:25.808+03:00  INFO 47512 --- [kpo] [Test worker] .b.t.c.SpringBootTestContextBootstrapper : Found @SpringBootConfiguration hse.kpo.KpoApplication for test class hse.kpo.ReportTests
2025-02-24T16:31:25.853+03:00  INFO 47512 --- [kpo] [Test worker] hse.kpo.ReportTests                      : Starting ReportTests using Java 21.0.5 with PID 47512 (started by artemakulov in /Users/artemakulov/Study/2 course/2 sem/kpo-2025/practice/practise-7)
2025-02-24T16:31:25.854+03:00  INFO 47512 --- [kpo] [Test worker] hse.kpo.ReportTests                      : No active profile set, falling back to 1 default profile: "default"
2025-02-24T16:31:25.933+03:00  INFO 47512 --- [kpo] [Test worker] hse.kpo.services.HseCarService           : Hse Car Service created
2025-02-24T16:31:25.935+03:00  INFO 47512 --- [kpo] [Test worker] hse.kpo.services.HseShipService          : Hse Ship Service created
2025-02-24T16:31:25.962+03:00  INFO 47512 --- [kpo] [Test worker] hse.kpo.ReportTests                      : Started ReportTests in 0.144 seconds (process running for 2.423)
2025-02-24T16:31:25.965+03:00  INFO 47512 --- [kpo] [Test worker] hse.kpo.services.HseCarService           : Customer(name=Ivan, legPower=6, handPower=4, car=Car(engine=PedalEngine(size=6), vin=2), ship=null, iq=0) take car Car(engine=PedalEngine(size=6), vin=2)
2025-02-24T16:31:25.965+03:00  INFO 47512 --- [kpo] [Test worker] hse.kpo.services.HseCarService           : Customer(name=Maksim, legPower=4, handPower=6, car=Car(engine=HandEngine(), vin=1), ship=null, iq=0) take car Car(engine=HandEngine(), vin=1)
2025-02-24T16:31:25.965+03:00  INFO 47512 --- [kpo] [Test worker] hse.kpo.services.HseCarService           : Customer(name=Petya, legPower=6, handPower=6, car=Car(engine=PedalEngine(size=6), vin=3), ship=null, iq=0) take car Car(engine=PedalEngine(size=6), vin=3)
2025-02-24T16:31:25.965+03:00  INFO 47512 --- [kpo] [Test worker] hse.kpo.services.HseCarService           : Customer(name=Ilya, legPower=6, handPower=6, car=Car(engine=FlyEngine(), vin=4), ship=null, iq=320) take car Car(engine=FlyEngine(), vin=4)
2025-02-24T16:31:26.058+03:00  INFO 47512 --- [kpo] [Test worker] t.c.s.AnnotationConfigContextLoaderUtils : Could not detect default configuration classes for test class [hse.kpo.ShipTest]: ShipTest does not declare any static, non-private, non-final, nested classes annotated with @Configuration.
2025-02-24T16:31:26.060+03:00  INFO 47512 --- [kpo] [Test worker] .b.t.c.SpringBootTestContextBootstrapper : Found @SpringBootConfiguration hse.kpo.KpoApplication for test class hse.kpo.ShipTest
2025-02-24T16:31:26.064+03:00  INFO 47512 --- [kpo] [Test worker] hse.kpo.services.HseCarService           : Hse Car Service created
2025-02-24T16:31:26.064+03:00  INFO 47512 --- [kpo] [Test worker] hse.kpo.services.HseShipService          : Hse Ship Service created
2025-02-24T16:31:26.065+03:00  INFO 47512 --- [kpo] [Test worker] hse.kpo.services.HseCarService           : Customer(name=Maksim, legPower=4, handPower=6, car=Car(engine=HandEngine(), vin=3), ship=null, iq=0) take car Car(engine=HandEngine(), vin=3)
2025-02-24T16:31:26.065+03:00  INFO 47512 --- [kpo] [Test worker] hse.kpo.services.HseCarService           : Customer(name=Petya, legPower=6, handPower=6, car=Car(engine=PedalEngine(size=6), vin=2), ship=null, iq=0) take car Car(engine=PedalEngine(size=6), vin=2)
2025-02-24T16:31:26.065+03:00  INFO 47512 --- [kpo] [Test worker] hse.kpo.services.HseCarService           : Customer(name=Ilya, legPower=6, handPower=6, car=Car(engine=FlyEngine(), vin=1), ship=null, iq=320) take car Car(engine=FlyEngine(), vin=1)
2025-02-24T16:31:26.066+03:00  INFO 47512 --- [kpo] [Test worker] hse.kpo.services.HseShipService          : Customer(name=Maksim, legPower=4, handPower=6, car=Car(engine=HandEngine(), vin=3), ship=Ship(engine=HandEngine(), vin=2), iq=0) take ship Ship(engine=HandEngine(), vin=2)
2025-02-24T16:31:26.066+03:00  INFO 47512 --- [kpo] [Test worker] hse.kpo.services.HseShipService          : Customer(name=Petya, legPower=6, handPower=6, car=Car(engine=PedalEngine(size=6), vin=2), ship=Ship(engine=PedalEngine(size=3), vin=3), iq=0) take ship Ship(engine=PedalEngine(size=3), vin=3)
2025-02-24T16:31:26.067+03:00  INFO 47512 --- [kpo] [Test worker] hse.kpo.services.HseShipService          : Customer(name=Ilya, legPower=6, handPower=6, car=Car(engine=FlyEngine(), vin=1), ship=Ship(engine=FlyEngine(), vin=1), iq=320) take ship Ship(engine=FlyEngine(), vin=1)
2025-02-24T16:31:26.070+03:00  INFO 47512 --- [kpo] [Test worker] hse.kpo.services.HseCarService           : Hse Car Service created
2025-02-24T16:31:26.070+03:00  INFO 47512 --- [kpo] [Test worker] hse.kpo.services.HseShipService          : Hse Ship Service created
2025-02-24T16:31:26.074+03:00  INFO 47512 --- [kpo] [Test worker] hse.kpo.services.HseCarService           : Hse Car Service created
2025-02-24T16:31:26.074+03:00  INFO 47512 --- [kpo] [Test worker] hse.kpo.services.HseShipService          : Hse Ship Service created
2025-02-24T16:31:26.074+03:00  INFO 47512 --- [kpo] [Test worker] hse.kpo.services.HseShipService          : Customer(name=Maksim, legPower=4, handPower=6, car=null, ship=Ship(engine=HandEngine(), vin=2), iq=0) take ship Ship(engine=HandEngine(), vin=2)
2025-02-24T16:31:26.075+03:00  INFO 47512 --- [kpo] [Test worker] hse.kpo.services.HseShipService          : Customer(name=Petya, legPower=6, handPower=6, car=null, ship=Ship(engine=PedalEngine(size=3), vin=3), iq=0) take ship Ship(engine=PedalEngine(size=3), vin=3)
2025-02-24T16:31:26.075+03:00  INFO 47512 --- [kpo] [Test worker] hse.kpo.services.HseShipService          : Customer(name=Ilya, legPower=6, handPower=6, car=null, ship=Ship(engine=FlyEngine(), vin=1), iq=320) take ship Ship(engine=FlyEngine(), vin=1)
2025-02-24T16:31:31.890+03:00  INFO 47565 --- [kpo] [Test worker] hse.kpo.CarServiceTests                  : Starting CarServiceTests using Java 21.0.5 with PID 47565 (started by artemakulov in /Users/artemakulov/Study/2 course/2 sem/kpo-2025/practice/practise-7)
2025-02-24T16:31:31.891+03:00  INFO 47565 --- [kpo] [Test worker] hse.kpo.CarServiceTests                  : No active profile set, falling back to 1 default profile: "default"
2025-02-24T16:31:32.440+03:00  INFO 47565 --- [kpo] [Test worker] hse.kpo.services.HseCarService           : Hse Car Service created
2025-02-24T16:31:32.466+03:00  INFO 47565 --- [kpo] [Test worker] hse.kpo.services.HseShipService          : Hse Ship Service created
2025-02-24T16:31:32.551+03:00  INFO 47565 --- [kpo] [Test worker] hse.kpo.CarServiceTests                  : Started CarServiceTests in 1.004 seconds (process running for 2.157)
2025-02-24T16:31:33.496+03:00  INFO 47565 --- [kpo] [Test worker] t.c.s.AnnotationConfigContextLoaderUtils : Could not detect default configuration classes for test class [hse.kpo.CarTests]: CarTests does not declare any static, non-private, non-final, nested classes annotated with @Configuration.
2025-02-24T16:31:33.501+03:00  INFO 47565 --- [kpo] [Test worker] .b.t.c.SpringBootTestContextBootstrapper : Found @SpringBootConfiguration hse.kpo.KpoApplication for test class hse.kpo.CarTests
2025-02-24T16:31:33.521+03:00  INFO 47565 --- [kpo] [Test worker] t.c.s.AnnotationConfigContextLoaderUtils : Could not detect default configuration classes for test class [hse.kpo.CustomerTests]: CustomerTests does not declare any static, non-private, non-final, nested classes annotated with @Configuration.
2025-02-24T16:31:33.523+03:00  INFO 47565 --- [kpo] [Test worker] .b.t.c.SpringBootTestContextBootstrapper : Found @SpringBootConfiguration hse.kpo.KpoApplication for test class hse.kpo.CustomerTests
2025-02-24T16:31:33.547+03:00  INFO 47565 --- [kpo] [Test worker] t.c.s.AnnotationConfigContextLoaderUtils : Could not detect default configuration classes for test class [hse.kpo.ReportObserverTest]: ReportObserverTest does not declare any static, non-private, non-final, nested classes annotated with @Configuration.
2025-02-24T16:31:33.550+03:00  INFO 47565 --- [kpo] [Test worker] .b.t.c.SpringBootTestContextBootstrapper : Found @SpringBootConfiguration hse.kpo.KpoApplication for test class hse.kpo.ReportObserverTest
2025-02-24T16:31:33.590+03:00  INFO 47565 --- [kpo] [Test worker] hse.kpo.services.HseCarService           : Customer(name=Ivan1, legPower=6, handPower=4, car=Car(engine=PedalEngine(size=6), vin=4), ship=null, iq=0) take car Car(engine=PedalEngine(size=6), vin=4)
2025-02-24T16:31:33.590+03:00  INFO 47565 --- [kpo] [Test worker] hse.kpo.services.HseCarService           : Customer(name=Maksim, legPower=4, handPower=6, car=Car(engine=HandEngine(), vin=1), ship=null, iq=0) take car Car(engine=HandEngine(), vin=1)
2025-02-24T16:31:33.591+03:00  INFO 47565 --- [kpo] [Test worker] hse.kpo.services.HseCarService           : Customer(name=Petya, legPower=6, handPower=6, car=Car(engine=PedalEngine(size=6), vin=5), ship=null, iq=0) take car Car(engine=PedalEngine(size=6), vin=5)
2025-02-24T16:31:33.592+03:00  INFO 47565 --- [kpo] [Test worker] hse.kpo.services.HseCarService           : Customer(name=Artem, legPower=4, handPower=4, car=Car(engine=FlyEngine(), vin=1), ship=null, iq=350) take car Car(engine=FlyEngine(), vin=1)
2025-02-24T16:31:33.600+03:00  INFO 47565 --- [kpo] [Test worker] t.c.s.AnnotationConfigContextLoaderUtils : Could not detect default configuration classes for test class [hse.kpo.ReportTests]: ReportTests does not declare any static, non-private, non-final, nested classes annotated with @Configuration.
2025-02-24T16:31:33.602+03:00  INFO 47565 --- [kpo] [Test worker] .b.t.c.SpringBootTestContextBootstrapper : Found @SpringBootConfiguration hse.kpo.KpoApplication for test class hse.kpo.ReportTests
2025-02-24T16:31:33.650+03:00  INFO 47565 --- [kpo] [Test worker] hse.kpo.ReportTests                      : Starting ReportTests using Java 21.0.5 with PID 47565 (started by artemakulov in /Users/artemakulov/Study/2 course/2 sem/kpo-2025/practice/practise-7)
2025-02-24T16:31:33.650+03:00  INFO 47565 --- [kpo] [Test worker] hse.kpo.ReportTests                      : No active profile set, falling back to 1 default profile: "default"
2025-02-24T16:31:33.726+03:00  INFO 47565 --- [kpo] [Test worker] hse.kpo.services.HseCarService           : Hse Car Service created
2025-02-24T16:31:33.728+03:00  INFO 47565 --- [kpo] [Test worker] hse.kpo.services.HseShipService          : Hse Ship Service created
2025-02-24T16:31:33.757+03:00  INFO 47565 --- [kpo] [Test worker] hse.kpo.ReportTests                      : Started ReportTests in 0.144 seconds (process running for 3.362)
2025-02-24T16:31:33.760+03:00  INFO 47565 --- [kpo] [Test worker] hse.kpo.services.HseCarService           : Customer(name=Ivan, legPower=6, handPower=4, car=Car(engine=PedalEngine(size=6), vin=2), ship=null, iq=0) take car Car(engine=PedalEngine(size=6), vin=2)
2025-02-24T16:31:33.760+03:00  INFO 47565 --- [kpo] [Test worker] hse.kpo.services.HseCarService           : Customer(name=Maksim, legPower=4, handPower=6, car=Car(engine=HandEngine(), vin=1), ship=null, iq=0) take car Car(engine=HandEngine(), vin=1)
2025-02-24T16:31:33.760+03:00  INFO 47565 --- [kpo] [Test worker] hse.kpo.services.HseCarService           : Customer(name=Petya, legPower=6, handPower=6, car=Car(engine=PedalEngine(size=6), vin=3), ship=null, iq=0) take car Car(engine=PedalEngine(size=6), vin=3)
2025-02-24T16:31:33.760+03:00  INFO 47565 --- [kpo] [Test worker] hse.kpo.services.HseCarService           : Customer(name=Ilya, legPower=6, handPower=6, car=Car(engine=FlyEngine(), vin=4), ship=null, iq=320) take car Car(engine=FlyEngine(), vin=4)
2025-02-24T16:31:33.829+03:00  INFO 47565 --- [kpo] [Test worker] t.c.s.AnnotationConfigContextLoaderUtils : Could not detect default configuration classes for test class [hse.kpo.ShipTest]: ShipTest does not declare any static, non-private, non-final, nested classes annotated with @Configuration.
2025-02-24T16:31:33.830+03:00  INFO 47565 --- [kpo] [Test worker] .b.t.c.SpringBootTestContextBootstrapper : Found @SpringBootConfiguration hse.kpo.KpoApplication for test class hse.kpo.ShipTest
2025-02-24T16:31:33.834+03:00  INFO 47565 --- [kpo] [Test worker] hse.kpo.services.HseCarService           : Hse Car Service created
2025-02-24T16:31:33.834+03:00  INFO 47565 --- [kpo] [Test worker] hse.kpo.services.HseShipService          : Hse Ship Service created
2025-02-24T16:31:33.835+03:00  INFO 47565 --- [kpo] [Test worker] hse.kpo.services.HseCarService           : Customer(name=Maksim, legPower=4, handPower=6, car=Car(engine=HandEngine(), vin=3), ship=null, iq=0) take car Car(engine=HandEngine(), vin=3)
2025-02-24T16:31:33.835+03:00  INFO 47565 --- [kpo] [Test worker] hse.kpo.services.HseCarService           : Customer(name=Petya, legPower=6, handPower=6, car=Car(engine=PedalEngine(size=6), vin=2), ship=null, iq=0) take car Car(engine=PedalEngine(size=6), vin=2)
2025-02-24T16:31:33.835+03:00  INFO 47565 --- [kpo] [Test worker] hse.kpo.services.HseCarService           : Customer(name=Ilya, legPower=6, handPower=6, car=Car(engine=FlyEngine(), vin=1), ship=null, iq=320) take car Car(engine=FlyEngine(), vin=1)
2025-02-24T16:31:33.836+03:00  INFO 47565 --- [kpo] [Test worker] hse.kpo.services.HseShipService          : Customer(name=Maksim, legPower=4, handPower=6, car=Car(engine=HandEngine(), vin=3), ship=Ship(engine=HandEngine(), vin=2), iq=0) take ship Ship(engine=HandEngine(), vin=2)
2025-02-24T16:31:33.837+03:00  INFO 47565 --- [kpo] [Test worker] hse.kpo.services.HseShipService          : Customer(name=Petya, legPower=6, handPower=6, car=Car(engine=PedalEngine(size=6), vin=2), ship=Ship(engine=PedalEngine(size=3), vin=3), iq=0) take ship Ship(engine=PedalEngine(size=3), vin=3)
2025-02-24T16:31:33.837+03:00  INFO 47565 --- [kpo] [Test worker] hse.kpo.services.HseShipService          : Customer(name=Ilya, legPower=6, handPower=6, car=Car(engine=FlyEngine(), vin=1), ship=Ship(engine=FlyEngine(), vin=1), iq=320) take ship Ship(engine=FlyEngine(), vin=1)
2025-02-24T16:31:33.840+03:00  INFO 47565 --- [kpo] [Test worker] hse.kpo.services.HseCarService           : Hse Car Service created
2025-02-24T16:31:33.841+03:00  INFO 47565 --- [kpo] [Test worker] hse.kpo.services.HseShipService          : Hse Ship Service created
2025-02-24T16:31:33.846+03:00  INFO 47565 --- [kpo] [Test worker] hse.kpo.services.HseCarService           : Hse Car Service created
2025-02-24T16:31:33.847+03:00  INFO 47565 --- [kpo] [Test worker] hse.kpo.services.HseShipService          : Hse Ship Service created
2025-02-24T16:31:33.847+03:00  INFO 47565 --- [kpo] [Test worker] hse.kpo.services.HseShipService          : Customer(name=Maksim, legPower=4, handPower=6, car=null, ship=Ship(engine=HandEngine(), vin=2), iq=0) take ship Ship(engine=HandEngine(), vin=2)
2025-02-24T16:31:33.848+03:00  INFO 47565 --- [kpo] [Test worker] hse.kpo.services.HseShipService          : Customer(name=Petya, legPower=6, handPower=6, car=null, ship=Ship(engine=PedalEngine(size=3), vin=3), iq=0) take ship Ship(engine=PedalEngine(size=3), vin=3)
2025-02-24T16:31:33.848+03:00  INFO 47565 --- [kpo] [Test worker] hse.kpo.services.HseShipService          : Customer(name=Ilya, legPower=6, handPower=6, car=null, ship=Ship(engine=FlyEngine(), vin=1), iq=320) take ship Ship(engine=FlyEngine(), vin=1)
