2025-03-03T17:24:07.015+03:00  INFO 12019 --- [kpo] [Test worker] hse.kpo.CarServiceTests                  : Starting CarServiceTests using Java 21.0.5 with PID 12019 (started by artemakulov in /Users/artemakulov/Study/2 course/2 sem/kpo-2025/practice/practise-8)
2025-03-03T17:24:07.016+03:00  INFO 12019 --- [kpo] [Test worker] hse.kpo.CarServiceTests                  : No active profile set, falling back to 1 default profile: "default"
2025-03-03T17:24:07.362+03:00  INFO 12019 --- [kpo] [Test worker] hse.kpo.services.HseCarService           : Hse Car Service created
2025-03-03T17:24:07.380+03:00  INFO 12019 --- [kpo] [Test worker] hse.kpo.services.HseShipService          : Hse Ship Service created
2025-03-03T17:24:07.464+03:00  INFO 12019 --- [kpo] [Test worker] hse.kpo.CarServiceTests                  : Started CarServiceTests in 0.654 seconds (process running for 1.464)
2025-03-03T17:24:08.090+03:00  INFO 12019 --- [kpo] [Test worker] t.c.s.AnnotationConfigContextLoaderUtils : Could not detect default configuration classes for test class [hse.kpo.CarTests]: CarTests does not declare any static, non-private, non-final, nested classes annotated with @Configuration.
2025-03-03T17:24:08.093+03:00  INFO 12019 --- [kpo] [Test worker] .b.t.c.SpringBootTestContextBootstrapper : Found @SpringBootConfiguration hse.kpo.KpoApplication for test class hse.kpo.CarTests
2025-03-03T17:24:08.108+03:00  INFO 12019 --- [kpo] [Test worker] t.c.s.AnnotationConfigContextLoaderUtils : Could not detect default configuration classes for test class [hse.kpo.CustomerTests]: CustomerTests does not declare any static, non-private, non-final, nested classes annotated with @Configuration.
2025-03-03T17:24:08.112+03:00  INFO 12019 --- [kpo] [Test worker] .b.t.c.SpringBootTestContextBootstrapper : Found @SpringBootConfiguration hse.kpo.KpoApplication for test class hse.kpo.CustomerTests
2025-03-03T17:24:08.126+03:00  INFO 12019 --- [kpo] [Test worker] t.c.s.AnnotationConfigContextLoaderUtils : Could not detect default configuration classes for test class [hse.kpo.HseTest]: HseTest does not declare any static, non-private, non-final, nested classes annotated with @Configuration.
2025-03-03T17:24:08.128+03:00  INFO 12019 --- [kpo] [Test worker] .b.t.c.SpringBootTestContextBootstrapper : Found @SpringBootConfiguration hse.kpo.KpoApplication for test class hse.kpo.HseTest
2025-03-03T17:24:08.149+03:00  INFO 12019 --- [kpo] [Test worker] hse.kpo.services.HseCarService           : Customer(name=Ivan1, legPower=6, handPower=4, car=Car(engine=PedalEngine(size=6), vin=3), ship=null, iq=150) take car Car(engine=PedalEngine(size=6), vin=3)
2025-03-03T17:24:08.149+03:00  INFO 12019 --- [kpo] [Test worker] hse.kpo.services.HseCarService           : Customer(name=Maksim, legPower=4, handPower=6, car=Car(engine=HandEngine(), vin=1), ship=null, iq=80) take car Car(engine=HandEngine(), vin=1)
2025-03-03T17:24:08.150+03:00  INFO 12019 --- [kpo] [Test worker] hse.kpo.services.HseCarService           : Customer(name=Petya, legPower=6, handPower=6, car=Car(engine=PedalEngine(size=6), vin=4), ship=null, iq=20) take car Car(engine=PedalEngine(size=6), vin=4)
2025-03-03T17:24:08.150+03:00  INFO 12019 --- [kpo] [Test worker] hse.kpo.services.HseCarService           : Customer(name=Nikita, legPower=6, handPower=6, car=Car(engine=HandEngine(), vin=5), ship=null, iq=300) take car Car(engine=HandEngine(), vin=5)
2025-03-03T17:24:08.155+03:00  INFO 12019 --- [kpo] [Test worker] t.c.s.AnnotationConfigContextLoaderUtils : Could not detect default configuration classes for test class [hse.kpo.ReportObserverTest]: ReportObserverTest does not declare any static, non-private, non-final, nested classes annotated with @Configuration.
2025-03-03T17:24:08.158+03:00  INFO 12019 --- [kpo] [Test worker] .b.t.c.SpringBootTestContextBootstrapper : Found @SpringBootConfiguration hse.kpo.KpoApplication for test class hse.kpo.ReportObserverTest
2025-03-03T17:24:08.168+03:00  INFO 12019 --- [kpo] [Test worker] hse.kpo.services.HseCarService           : Customer(name=Ivan1, legPower=6, handPower=4, car=Car(engine=PedalEngine(size=6), vin=8), ship=null, iq=0) take car Car(engine=PedalEngine(size=6), vin=8)
2025-03-03T17:24:08.169+03:00  INFO 12019 --- [kpo] [Test worker] hse.kpo.services.HseCarService           : Customer(name=Maksim, legPower=4, handPower=6, car=WilledCatamaran(), ship=null, iq=0) take car WilledCatamaran()
2025-03-03T17:24:08.169+03:00  INFO 12019 --- [kpo] [Test worker] hse.kpo.services.HseCarService           : Customer(name=Petya, legPower=6, handPower=6, car=Car(engine=PedalEngine(size=6), vin=9), ship=null, iq=0) take car Car(engine=PedalEngine(size=6), vin=9)
2025-03-03T17:24:08.169+03:00  INFO 12019 --- [kpo] [Test worker] hse.kpo.services.HseCarService           : Customer(name=Artem, legPower=4, handPower=4, car=Car(engine=FlyEngine(), vin=1), ship=null, iq=350) take car Car(engine=FlyEngine(), vin=1)
2025-03-03T17:24:08.179+03:00  INFO 12019 --- [kpo] [Test worker] hse.kpo.services.HseShipService          : Customer(name=Ivan1, legPower=6, handPower=4, car=Car(engine=PedalEngine(size=6), vin=3), ship=Ship(engine=PedalEngine(size=6), vin=2), iq=150) take ship Ship(engine=PedalEngine(size=6), vin=2)
2025-03-03T17:24:08.179+03:00  INFO 12019 --- [kpo] [Test worker] hse.kpo.services.HseShipService          : Customer(name=Maksim, legPower=4, handPower=6, car=Car(engine=HandEngine(), vin=1), ship=Ship(engine=HandEngine(), vin=4), iq=80) take ship Ship(engine=HandEngine(), vin=4)
2025-03-03T17:24:08.180+03:00  INFO 12019 --- [kpo] [Test worker] hse.kpo.services.HseShipService          : Customer(name=Petya, legPower=6, handPower=6, car=Car(engine=PedalEngine(size=6), vin=4), ship=Ship(engine=PedalEngine(size=6), vin=3), iq=20) take ship Ship(engine=PedalEngine(size=6), vin=3)
2025-03-03T17:24:08.180+03:00  INFO 12019 --- [kpo] [Test worker] hse.kpo.services.HseShipService          : Customer(name=Nikita, legPower=6, handPower=6, car=Car(engine=HandEngine(), vin=5), ship=Ship(engine=HandEngine(), vin=5), iq=300) take ship Ship(engine=HandEngine(), vin=5)
2025-03-03T17:24:08.180+03:00  INFO 12019 --- [kpo] [Test worker] hse.kpo.services.HseShipService          : Customer(name=Artem, legPower=4, handPower=4, car=Car(engine=FlyEngine(), vin=1), ship=Ship(engine=FlyEngine(), vin=1), iq=350) take ship Ship(engine=FlyEngine(), vin=1)
2025-03-03T17:24:08.189+03:00  INFO 12019 --- [kpo] [Test worker] t.c.s.AnnotationConfigContextLoaderUtils : Could not detect default configuration classes for test class [hse.kpo.ReportTests]: ReportTests does not declare any static, non-private, non-final, nested classes annotated with @Configuration.
2025-03-03T17:24:08.190+03:00  INFO 12019 --- [kpo] [Test worker] .b.t.c.SpringBootTestContextBootstrapper : Found @SpringBootConfiguration hse.kpo.KpoApplication for test class hse.kpo.ReportTests
2025-03-03T17:24:08.234+03:00  INFO 12019 --- [kpo] [Test worker] hse.kpo.ReportTests                      : Starting ReportTests using Java 21.0.5 with PID 12019 (started by artemakulov in /Users/artemakulov/Study/2 course/2 sem/kpo-2025/practice/practise-8)
2025-03-03T17:24:08.234+03:00  INFO 12019 --- [kpo] [Test worker] hse.kpo.ReportTests                      : No active profile set, falling back to 1 default profile: "default"
2025-03-03T17:24:08.303+03:00  INFO 12019 --- [kpo] [Test worker] hse.kpo.services.HseCarService           : Hse Car Service created
2025-03-03T17:24:08.305+03:00  INFO 12019 --- [kpo] [Test worker] hse.kpo.services.HseShipService          : Hse Ship Service created
2025-03-03T17:24:08.341+03:00  INFO 12019 --- [kpo] [Test worker] hse.kpo.ReportTests                      : Started ReportTests in 0.142 seconds (process running for 2.341)
2025-03-03T17:24:08.344+03:00  INFO 12019 --- [kpo] [Test worker] hse.kpo.services.HseCarService           : Customer(name=Ivan, legPower=6, handPower=4, car=Car(engine=PedalEngine(size=6), vin=2), ship=null, iq=0) take car Car(engine=PedalEngine(size=6), vin=2)
2025-03-03T17:24:08.344+03:00  INFO 12019 --- [kpo] [Test worker] hse.kpo.services.HseCarService           : Customer(name=Maksim, legPower=4, handPower=6, car=Car(engine=HandEngine(), vin=1), ship=null, iq=0) take car Car(engine=HandEngine(), vin=1)
2025-03-03T17:24:08.344+03:00  INFO 12019 --- [kpo] [Test worker] hse.kpo.services.HseCarService           : Customer(name=Petya, legPower=6, handPower=6, car=Car(engine=PedalEngine(size=6), vin=3), ship=null, iq=0) take car Car(engine=PedalEngine(size=6), vin=3)
2025-03-03T17:24:08.345+03:00  INFO 12019 --- [kpo] [Test worker] hse.kpo.services.HseCarService           : Customer(name=Ilya, legPower=6, handPower=6, car=Car(engine=FlyEngine(), vin=4), ship=null, iq=320) take car Car(engine=FlyEngine(), vin=4)
2025-03-03T17:24:08.412+03:00  INFO 12019 --- [kpo] [Test worker] t.c.s.AnnotationConfigContextLoaderUtils : Could not detect default configuration classes for test class [hse.kpo.ShipTest]: ShipTest does not declare any static, non-private, non-final, nested classes annotated with @Configuration.
2025-03-03T17:24:08.413+03:00  INFO 12019 --- [kpo] [Test worker] .b.t.c.SpringBootTestContextBootstrapper : Found @SpringBootConfiguration hse.kpo.KpoApplication for test class hse.kpo.ShipTest
2025-03-03T17:24:08.417+03:00  INFO 12019 --- [kpo] [Test worker] hse.kpo.services.HseCarService           : Hse Car Service created
2025-03-03T17:24:08.417+03:00  INFO 12019 --- [kpo] [Test worker] hse.kpo.services.HseShipService          : Hse Ship Service created
2025-03-03T17:24:08.417+03:00  INFO 12019 --- [kpo] [Test worker] hse.kpo.services.HseCarService           : Customer(name=Maksim, legPower=4, handPower=6, car=Car(engine=HandEngine(), vin=3), ship=null, iq=0) take car Car(engine=HandEngine(), vin=3)
2025-03-03T17:24:08.417+03:00  INFO 12019 --- [kpo] [Test worker] hse.kpo.services.HseCarService           : Customer(name=Petya, legPower=6, handPower=6, car=Car(engine=PedalEngine(size=6), vin=2), ship=null, iq=0) take car Car(engine=PedalEngine(size=6), vin=2)
2025-03-03T17:24:08.418+03:00  INFO 12019 --- [kpo] [Test worker] hse.kpo.services.HseCarService           : Customer(name=Ilya, legPower=6, handPower=6, car=Car(engine=FlyEngine(), vin=1), ship=null, iq=320) take car Car(engine=FlyEngine(), vin=1)
2025-03-03T17:24:08.418+03:00  INFO 12019 --- [kpo] [Test worker] hse.kpo.services.HseShipService          : Customer(name=Maksim, legPower=4, handPower=6, car=Car(engine=HandEngine(), vin=3), ship=Ship(engine=HandEngine(), vin=2), iq=0) take ship Ship(engine=HandEngine(), vin=2)
2025-03-03T17:24:08.418+03:00  INFO 12019 --- [kpo] [Test worker] hse.kpo.services.HseShipService          : Customer(name=Petya, legPower=6, handPower=6, car=Car(engine=PedalEngine(size=6), vin=2), ship=Ship(engine=PedalEngine(size=3), vin=3), iq=0) take ship Ship(engine=PedalEngine(size=3), vin=3)
2025-03-03T17:24:08.418+03:00  INFO 12019 --- [kpo] [Test worker] hse.kpo.services.HseShipService          : Customer(name=Ilya, legPower=6, handPower=6, car=Car(engine=FlyEngine(), vin=1), ship=Ship(engine=FlyEngine(), vin=1), iq=320) take ship Ship(engine=FlyEngine(), vin=1)
2025-03-03T17:24:08.421+03:00  INFO 12019 --- [kpo] [Test worker] hse.kpo.services.HseCarService           : Hse Car Service created
2025-03-03T17:24:08.422+03:00  INFO 12019 --- [kpo] [Test worker] hse.kpo.services.HseShipService          : Hse Ship Service created
2025-03-03T17:24:08.425+03:00  INFO 12019 --- [kpo] [Test worker] hse.kpo.services.HseCarService           : Hse Car Service created
2025-03-03T17:24:08.426+03:00  INFO 12019 --- [kpo] [Test worker] hse.kpo.services.HseShipService          : Hse Ship Service created
2025-03-03T17:24:08.426+03:00  INFO 12019 --- [kpo] [Test worker] hse.kpo.services.HseShipService          : Customer(name=Maksim, legPower=4, handPower=6, car=null, ship=Ship(engine=HandEngine(), vin=2), iq=0) take ship Ship(engine=HandEngine(), vin=2)
2025-03-03T17:24:08.426+03:00  INFO 12019 --- [kpo] [Test worker] hse.kpo.services.HseShipService          : Customer(name=Petya, legPower=6, handPower=6, car=null, ship=Ship(engine=PedalEngine(size=3), vin=3), iq=0) take ship Ship(engine=PedalEngine(size=3), vin=3)
2025-03-03T17:24:08.426+03:00  INFO 12019 --- [kpo] [Test worker] hse.kpo.services.HseShipService          : Customer(name=Ilya, legPower=6, handPower=6, car=null, ship=Ship(engine=FlyEngine(), vin=1), iq=320) take ship Ship(engine=FlyEngine(), vin=1)
2025-03-03T17:32:12.420+03:00  INFO 12233 --- [kpo] [Test worker] hse.kpo.CarServiceTests                  : Starting CarServiceTests using Java 21.0.5 with PID 12233 (started by artemakulov in /Users/artemakulov/Study/2 course/2 sem/kpo-2025/practice/practise-8)
2025-03-03T17:32:12.422+03:00  INFO 12233 --- [kpo] [Test worker] hse.kpo.CarServiceTests                  : No active profile set, falling back to 1 default profile: "default"
2025-03-03T17:32:12.775+03:00  INFO 12233 --- [kpo] [Test worker] hse.kpo.services.HseCarService           : Hse Car Service created
2025-03-03T17:32:12.794+03:00  INFO 12233 --- [kpo] [Test worker] hse.kpo.services.HseShipService          : Hse Ship Service created
2025-03-03T17:32:12.881+03:00  INFO 12233 --- [kpo] [Test worker] hse.kpo.CarServiceTests                  : Started CarServiceTests in 0.669 seconds (process running for 1.509)
2025-03-03T17:32:13.519+03:00  INFO 12233 --- [kpo] [Test worker] t.c.s.AnnotationConfigContextLoaderUtils : Could not detect default configuration classes for test class [hse.kpo.CarTests]: CarTests does not declare any static, non-private, non-final, nested classes annotated with @Configuration.
2025-03-03T17:32:13.522+03:00  INFO 12233 --- [kpo] [Test worker] .b.t.c.SpringBootTestContextBootstrapper : Found @SpringBootConfiguration hse.kpo.KpoApplication for test class hse.kpo.CarTests
2025-03-03T17:32:13.538+03:00  INFO 12233 --- [kpo] [Test worker] t.c.s.AnnotationConfigContextLoaderUtils : Could not detect default configuration classes for test class [hse.kpo.CustomerTests]: CustomerTests does not declare any static, non-private, non-final, nested classes annotated with @Configuration.
2025-03-03T17:32:13.540+03:00  INFO 12233 --- [kpo] [Test worker] .b.t.c.SpringBootTestContextBootstrapper : Found @SpringBootConfiguration hse.kpo.KpoApplication for test class hse.kpo.CustomerTests
2025-03-03T17:32:13.557+03:00  INFO 12233 --- [kpo] [Test worker] t.c.s.AnnotationConfigContextLoaderUtils : Could not detect default configuration classes for test class [hse.kpo.HseTest]: HseTest does not declare any static, non-private, non-final, nested classes annotated with @Configuration.
2025-03-03T17:32:13.559+03:00  INFO 12233 --- [kpo] [Test worker] .b.t.c.SpringBootTestContextBootstrapper : Found @SpringBootConfiguration hse.kpo.KpoApplication for test class hse.kpo.HseTest
2025-03-03T17:32:13.581+03:00  INFO 12233 --- [kpo] [Test worker] hse.kpo.services.HseCarService           : Customer(name=Ivan1, legPower=6, handPower=4, car=Car(engine=PedalEngine(size=6), vin=3), ship=null, iq=150) take car Car(engine=PedalEngine(size=6), vin=3)
2025-03-03T17:32:13.581+03:00  INFO 12233 --- [kpo] [Test worker] hse.kpo.services.HseCarService           : Customer(name=Maksim, legPower=4, handPower=6, car=Car(engine=HandEngine(), vin=1), ship=null, iq=80) take car Car(engine=HandEngine(), vin=1)
2025-03-03T17:32:13.582+03:00  INFO 12233 --- [kpo] [Test worker] hse.kpo.services.HseCarService           : Customer(name=Petya, legPower=6, handPower=6, car=Car(engine=PedalEngine(size=6), vin=4), ship=null, iq=20) take car Car(engine=PedalEngine(size=6), vin=4)
2025-03-03T17:32:13.582+03:00  INFO 12233 --- [kpo] [Test worker] hse.kpo.services.HseCarService           : Customer(name=Nikita, legPower=6, handPower=6, car=Car(engine=HandEngine(), vin=5), ship=null, iq=300) take car Car(engine=HandEngine(), vin=5)
2025-03-03T17:32:13.588+03:00  INFO 12233 --- [kpo] [Test worker] t.c.s.AnnotationConfigContextLoaderUtils : Could not detect default configuration classes for test class [hse.kpo.ReportObserverTest]: ReportObserverTest does not declare any static, non-private, non-final, nested classes annotated with @Configuration.
2025-03-03T17:32:13.590+03:00  INFO 12233 --- [kpo] [Test worker] .b.t.c.SpringBootTestContextBootstrapper : Found @SpringBootConfiguration hse.kpo.KpoApplication for test class hse.kpo.ReportObserverTest
2025-03-03T17:32:13.599+03:00  INFO 12233 --- [kpo] [Test worker] hse.kpo.services.HseCarService           : Customer(name=Ivan1, legPower=6, handPower=4, car=Car(engine=PedalEngine(size=6), vin=8), ship=null, iq=0) take car Car(engine=PedalEngine(size=6), vin=8)
2025-03-03T17:32:13.599+03:00  INFO 12233 --- [kpo] [Test worker] hse.kpo.services.HseCarService           : Customer(name=Maksim, legPower=4, handPower=6, car=WilledCatamaran(), ship=null, iq=0) take car WilledCatamaran()
2025-03-03T17:32:13.600+03:00  INFO 12233 --- [kpo] [Test worker] hse.kpo.services.HseCarService           : Customer(name=Petya, legPower=6, handPower=6, car=Car(engine=PedalEngine(size=6), vin=9), ship=null, iq=0) take car Car(engine=PedalEngine(size=6), vin=9)
2025-03-03T17:32:13.600+03:00  INFO 12233 --- [kpo] [Test worker] hse.kpo.services.HseCarService           : Customer(name=Artem, legPower=4, handPower=4, car=Car(engine=FlyEngine(), vin=1), ship=null, iq=350) take car Car(engine=FlyEngine(), vin=1)
2025-03-03T17:32:13.608+03:00  INFO 12233 --- [kpo] [Test worker] hse.kpo.services.HseShipService          : Customer(name=Ivan1, legPower=6, handPower=4, car=Car(engine=PedalEngine(size=6), vin=3), ship=Ship(engine=PedalEngine(size=6), vin=2), iq=150) take ship Ship(engine=PedalEngine(size=6), vin=2)
2025-03-03T17:32:13.609+03:00  INFO 12233 --- [kpo] [Test worker] hse.kpo.services.HseShipService          : Customer(name=Maksim, legPower=4, handPower=6, car=Car(engine=HandEngine(), vin=1), ship=Ship(engine=HandEngine(), vin=4), iq=80) take ship Ship(engine=HandEngine(), vin=4)
2025-03-03T17:32:13.609+03:00  INFO 12233 --- [kpo] [Test worker] hse.kpo.services.HseShipService          : Customer(name=Petya, legPower=6, handPower=6, car=Car(engine=PedalEngine(size=6), vin=4), ship=Ship(engine=PedalEngine(size=6), vin=3), iq=20) take ship Ship(engine=PedalEngine(size=6), vin=3)
2025-03-03T17:32:13.609+03:00  INFO 12233 --- [kpo] [Test worker] hse.kpo.services.HseShipService          : Customer(name=Nikita, legPower=6, handPower=6, car=Car(engine=HandEngine(), vin=5), ship=Ship(engine=HandEngine(), vin=5), iq=300) take ship Ship(engine=HandEngine(), vin=5)
2025-03-03T17:32:13.610+03:00  INFO 12233 --- [kpo] [Test worker] hse.kpo.services.HseShipService          : Customer(name=Artem, legPower=4, handPower=4, car=Car(engine=FlyEngine(), vin=1), ship=Ship(engine=FlyEngine(), vin=1), iq=350) take ship Ship(engine=FlyEngine(), vin=1)
2025-03-03T17:32:13.620+03:00  INFO 12233 --- [kpo] [Test worker] t.c.s.AnnotationConfigContextLoaderUtils : Could not detect default configuration classes for test class [hse.kpo.ReportTests]: ReportTests does not declare any static, non-private, non-final, nested classes annotated with @Configuration.
2025-03-03T17:32:13.621+03:00  INFO 12233 --- [kpo] [Test worker] .b.t.c.SpringBootTestContextBootstrapper : Found @SpringBootConfiguration hse.kpo.KpoApplication for test class hse.kpo.ReportTests
2025-03-03T17:32:13.659+03:00  INFO 12233 --- [kpo] [Test worker] hse.kpo.ReportTests                      : Starting ReportTests using Java 21.0.5 with PID 12233 (started by artemakulov in /Users/artemakulov/Study/2 course/2 sem/kpo-2025/practice/practise-8)
2025-03-03T17:32:13.659+03:00  INFO 12233 --- [kpo] [Test worker] hse.kpo.ReportTests                      : No active profile set, falling back to 1 default profile: "default"
2025-03-03T17:32:13.729+03:00  INFO 12233 --- [kpo] [Test worker] hse.kpo.services.HseCarService           : Hse Car Service created
2025-03-03T17:32:13.731+03:00  INFO 12233 --- [kpo] [Test worker] hse.kpo.services.HseShipService          : Hse Ship Service created
2025-03-03T17:32:13.771+03:00  INFO 12233 --- [kpo] [Test worker] hse.kpo.ReportTests                      : Started ReportTests in 0.142 seconds (process running for 2.399)
2025-03-03T17:32:13.774+03:00  INFO 12233 --- [kpo] [Test worker] hse.kpo.services.HseCarService           : Customer(name=Ivan, legPower=6, handPower=4, car=Car(engine=PedalEngine(size=6), vin=2), ship=null, iq=0) take car Car(engine=PedalEngine(size=6), vin=2)
2025-03-03T17:32:13.774+03:00  INFO 12233 --- [kpo] [Test worker] hse.kpo.services.HseCarService           : Customer(name=Maksim, legPower=4, handPower=6, car=Car(engine=HandEngine(), vin=1), ship=null, iq=0) take car Car(engine=HandEngine(), vin=1)
2025-03-03T17:32:13.774+03:00  INFO 12233 --- [kpo] [Test worker] hse.kpo.services.HseCarService           : Customer(name=Petya, legPower=6, handPower=6, car=Car(engine=PedalEngine(size=6), vin=3), ship=null, iq=0) take car Car(engine=PedalEngine(size=6), vin=3)
2025-03-03T17:32:13.775+03:00  INFO 12233 --- [kpo] [Test worker] hse.kpo.services.HseCarService           : Customer(name=Ilya, legPower=6, handPower=6, car=Car(engine=FlyEngine(), vin=4), ship=null, iq=320) take car Car(engine=FlyEngine(), vin=4)
2025-03-03T17:32:13.867+03:00  INFO 12233 --- [kpo] [Test worker] t.c.s.AnnotationConfigContextLoaderUtils : Could not detect default configuration classes for test class [hse.kpo.ShipTest]: ShipTest does not declare any static, non-private, non-final, nested classes annotated with @Configuration.
2025-03-03T17:32:13.869+03:00  INFO 12233 --- [kpo] [Test worker] .b.t.c.SpringBootTestContextBootstrapper : Found @SpringBootConfiguration hse.kpo.KpoApplication for test class hse.kpo.ShipTest
2025-03-03T17:32:13.873+03:00  INFO 12233 --- [kpo] [Test worker] hse.kpo.services.HseCarService           : Hse Car Service created
2025-03-03T17:32:13.873+03:00  INFO 12233 --- [kpo] [Test worker] hse.kpo.services.HseShipService          : Hse Ship Service created
2025-03-03T17:32:13.873+03:00  INFO 12233 --- [kpo] [Test worker] hse.kpo.services.HseCarService           : Customer(name=Maksim, legPower=4, handPower=6, car=Car(engine=HandEngine(), vin=3), ship=null, iq=0) take car Car(engine=HandEngine(), vin=3)
2025-03-03T17:32:13.873+03:00  INFO 12233 --- [kpo] [Test worker] hse.kpo.services.HseCarService           : Customer(name=Petya, legPower=6, handPower=6, car=Car(engine=PedalEngine(size=6), vin=2), ship=null, iq=0) take car Car(engine=PedalEngine(size=6), vin=2)
2025-03-03T17:32:13.874+03:00  INFO 12233 --- [kpo] [Test worker] hse.kpo.services.HseCarService           : Customer(name=Ilya, legPower=6, handPower=6, car=Car(engine=FlyEngine(), vin=1), ship=null, iq=320) take car Car(engine=FlyEngine(), vin=1)
2025-03-03T17:32:13.874+03:00  INFO 12233 --- [kpo] [Test worker] hse.kpo.services.HseShipService          : Customer(name=Maksim, legPower=4, handPower=6, car=Car(engine=HandEngine(), vin=3), ship=Ship(engine=HandEngine(), vin=2), iq=0) take ship Ship(engine=HandEngine(), vin=2)
2025-03-03T17:32:13.874+03:00  INFO 12233 --- [kpo] [Test worker] hse.kpo.services.HseShipService          : Customer(name=Petya, legPower=6, handPower=6, car=Car(engine=PedalEngine(size=6), vin=2), ship=Ship(engine=PedalEngine(size=3), vin=3), iq=0) take ship Ship(engine=PedalEngine(size=3), vin=3)
2025-03-03T17:32:13.874+03:00  INFO 12233 --- [kpo] [Test worker] hse.kpo.services.HseShipService          : Customer(name=Ilya, legPower=6, handPower=6, car=Car(engine=FlyEngine(), vin=1), ship=Ship(engine=FlyEngine(), vin=1), iq=320) take ship Ship(engine=FlyEngine(), vin=1)
2025-03-03T17:32:13.877+03:00  INFO 12233 --- [kpo] [Test worker] hse.kpo.services.HseCarService           : Hse Car Service created
2025-03-03T17:32:13.877+03:00  INFO 12233 --- [kpo] [Test worker] hse.kpo.services.HseShipService          : Hse Ship Service created
2025-03-03T17:32:13.880+03:00  INFO 12233 --- [kpo] [Test worker] hse.kpo.services.HseCarService           : Hse Car Service created
2025-03-03T17:32:13.880+03:00  INFO 12233 --- [kpo] [Test worker] hse.kpo.services.HseShipService          : Hse Ship Service created
2025-03-03T17:32:13.881+03:00  INFO 12233 --- [kpo] [Test worker] hse.kpo.services.HseShipService          : Customer(name=Maksim, legPower=4, handPower=6, car=null, ship=Ship(engine=HandEngine(), vin=2), iq=0) take ship Ship(engine=HandEngine(), vin=2)
2025-03-03T17:32:13.881+03:00  INFO 12233 --- [kpo] [Test worker] hse.kpo.services.HseShipService          : Customer(name=Petya, legPower=6, handPower=6, car=null, ship=Ship(engine=PedalEngine(size=3), vin=3), iq=0) take ship Ship(engine=PedalEngine(size=3), vin=3)
2025-03-03T17:32:13.881+03:00  INFO 12233 --- [kpo] [Test worker] hse.kpo.services.HseShipService          : Customer(name=Ilya, legPower=6, handPower=6, car=null, ship=Ship(engine=FlyEngine(), vin=1), iq=320) take ship Ship(engine=FlyEngine(), vin=1)
2025-03-03T17:34:31.260+03:00  INFO 12356 --- [kpo] [Test worker] hse.kpo.HseTest                          : Starting HseTest using Java 21.0.5 with PID 12356 (started by artemakulov in /Users/artemakulov/Study/2 course/2 sem/kpo-2025/practice/practise-8)
2025-03-03T17:34:31.261+03:00  INFO 12356 --- [kpo] [Test worker] hse.kpo.HseTest                          : No active profile set, falling back to 1 default profile: "default"
2025-03-03T17:34:31.609+03:00  INFO 12356 --- [kpo] [Test worker] hse.kpo.services.HseCarService           : Hse Car Service created
2025-03-03T17:34:31.627+03:00  INFO 12356 --- [kpo] [Test worker] hse.kpo.services.HseShipService          : Hse Ship Service created
2025-03-03T17:34:31.713+03:00  INFO 12356 --- [kpo] [Test worker] hse.kpo.HseTest                          : Started HseTest in 0.66 seconds (process running for 1.454)
2025-03-03T17:34:32.228+03:00  INFO 12356 --- [kpo] [Test worker] hse.kpo.services.HseCarService           : Customer(name=Ivan1, legPower=6, handPower=4, car=Car(engine=PedalEngine(size=6), vin=1), ship=null, iq=150) take car Car(engine=PedalEngine(size=6), vin=1)
2025-03-03T17:34:32.228+03:00  INFO 12356 --- [kpo] [Test worker] hse.kpo.services.HseCarService           : Customer(name=Maksim, legPower=4, handPower=6, car=Car(engine=HandEngine(), vin=3), ship=null, iq=80) take car Car(engine=HandEngine(), vin=3)
2025-03-03T17:34:32.228+03:00  INFO 12356 --- [kpo] [Test worker] hse.kpo.services.HseCarService           : Customer(name=Petya, legPower=6, handPower=6, car=Car(engine=PedalEngine(size=6), vin=2), ship=null, iq=20) take car Car(engine=PedalEngine(size=6), vin=2)
2025-03-03T17:34:32.229+03:00  INFO 12356 --- [kpo] [Test worker] hse.kpo.services.HseCarService           : Customer(name=Nikita, legPower=6, handPower=6, car=WilledCatamaran(), ship=null, iq=300) take car WilledCatamaran()
2025-03-03T18:03:10.777+03:00  INFO 12735 --- [kpo] [Test worker] hse.kpo.CarServiceTests                  : Starting CarServiceTests using Java 21.0.5 with PID 12735 (started by artemakulov in /Users/artemakulov/Study/2 course/2 sem/kpo-2025/practice/practise-8)
2025-03-03T18:03:10.778+03:00  INFO 12735 --- [kpo] [Test worker] hse.kpo.CarServiceTests                  : No active profile set, falling back to 1 default profile: "default"
2025-03-03T18:03:11.135+03:00  INFO 12735 --- [kpo] [Test worker] hse.kpo.services.HseCarService           : Hse Car Service created
2025-03-03T18:03:11.156+03:00  INFO 12735 --- [kpo] [Test worker] hse.kpo.services.HseShipService          : Hse Ship Service created
2025-03-03T18:03:11.241+03:00  INFO 12735 --- [kpo] [Test worker] hse.kpo.CarServiceTests                  : Started CarServiceTests in 0.737 seconds (process running for 1.651)
2025-03-03T18:03:11.892+03:00  INFO 12735 --- [kpo] [Test worker] t.c.s.AnnotationConfigContextLoaderUtils : Could not detect default configuration classes for test class [hse.kpo.CarTests]: CarTests does not declare any static, non-private, non-final, nested classes annotated with @Configuration.
2025-03-03T18:03:11.895+03:00  INFO 12735 --- [kpo] [Test worker] .b.t.c.SpringBootTestContextBootstrapper : Found @SpringBootConfiguration hse.kpo.KpoApplication for test class hse.kpo.CarTests
2025-03-03T18:03:11.909+03:00  INFO 12735 --- [kpo] [Test worker] t.c.s.AnnotationConfigContextLoaderUtils : Could not detect default configuration classes for test class [hse.kpo.CustomerTests]: CustomerTests does not declare any static, non-private, non-final, nested classes annotated with @Configuration.
2025-03-03T18:03:11.911+03:00  INFO 12735 --- [kpo] [Test worker] .b.t.c.SpringBootTestContextBootstrapper : Found @SpringBootConfiguration hse.kpo.KpoApplication for test class hse.kpo.CustomerTests
2025-03-03T18:03:11.926+03:00  INFO 12735 --- [kpo] [Test worker] t.c.s.AnnotationConfigContextLoaderUtils : Could not detect default configuration classes for test class [hse.kpo.HseTest]: HseTest does not declare any static, non-private, non-final, nested classes annotated with @Configuration.
2025-03-03T18:03:11.928+03:00  INFO 12735 --- [kpo] [Test worker] .b.t.c.SpringBootTestContextBootstrapper : Found @SpringBootConfiguration hse.kpo.KpoApplication for test class hse.kpo.HseTest
2025-03-03T18:03:11.949+03:00  INFO 12735 --- [kpo] [Test worker] hse.kpo.services.HseCarService           : Customer(name=Ivan1, legPower=6, handPower=4, car=Car(engine=PedalEngine(size=6), vin=3), ship=null, iq=150) take car Car(engine=PedalEngine(size=6), vin=3)
2025-03-03T18:03:11.950+03:00  INFO 12735 --- [kpo] [Test worker] hse.kpo.services.HseCarService           : Customer(name=Maksim, legPower=4, handPower=6, car=Car(engine=HandEngine(), vin=1), ship=null, iq=80) take car Car(engine=HandEngine(), vin=1)
2025-03-03T18:03:11.950+03:00  INFO 12735 --- [kpo] [Test worker] hse.kpo.services.HseCarService           : Customer(name=Petya, legPower=6, handPower=6, car=Car(engine=PedalEngine(size=6), vin=4), ship=null, iq=20) take car Car(engine=PedalEngine(size=6), vin=4)
2025-03-03T18:03:11.950+03:00  INFO 12735 --- [kpo] [Test worker] hse.kpo.services.HseCarService           : Customer(name=Nikita, legPower=6, handPower=6, car=Car(engine=HandEngine(), vin=5), ship=null, iq=300) take car Car(engine=HandEngine(), vin=5)
2025-03-03T18:03:12.324+03:00  INFO 12735 --- [kpo] [Test worker] t.c.s.AnnotationConfigContextLoaderUtils : Could not detect default configuration classes for test class [hse.kpo.ReportObserverTest]: ReportObserverTest does not declare any static, non-private, non-final, nested classes annotated with @Configuration.
2025-03-03T18:03:12.327+03:00  INFO 12735 --- [kpo] [Test worker] .b.t.c.SpringBootTestContextBootstrapper : Found @SpringBootConfiguration hse.kpo.KpoApplication for test class hse.kpo.ReportObserverTest
2025-03-03T18:03:12.334+03:00  INFO 12735 --- [kpo] [Test worker] hse.kpo.services.HseCarService           : Customer(name=Ivan1, legPower=6, handPower=4, car=Car(engine=PedalEngine(size=6), vin=8), ship=null, iq=0) take car Car(engine=PedalEngine(size=6), vin=8)
2025-03-03T18:03:12.334+03:00  INFO 12735 --- [kpo] [Test worker] hse.kpo.services.HseCarService           : Customer(name=Maksim, legPower=4, handPower=6, car=WilledCatamaran(), ship=null, iq=0) take car WilledCatamaran()
2025-03-03T18:03:12.335+03:00  INFO 12735 --- [kpo] [Test worker] hse.kpo.services.HseCarService           : Customer(name=Petya, legPower=6, handPower=6, car=Car(engine=PedalEngine(size=6), vin=9), ship=null, iq=0) take car Car(engine=PedalEngine(size=6), vin=9)
2025-03-03T18:03:12.335+03:00  INFO 12735 --- [kpo] [Test worker] hse.kpo.services.HseCarService           : Customer(name=Artem, legPower=4, handPower=4, car=Car(engine=FlyEngine(), vin=1), ship=null, iq=350) take car Car(engine=FlyEngine(), vin=1)
2025-03-03T18:03:12.342+03:00  INFO 12735 --- [kpo] [Test worker] hse.kpo.services.HseShipService          : Customer(name=Ivan1, legPower=6, handPower=4, car=Car(engine=PedalEngine(size=6), vin=3), ship=Ship(engine=PedalEngine(size=6), vin=2), iq=150) take ship Ship(engine=PedalEngine(size=6), vin=2)
2025-03-03T18:03:12.343+03:00  INFO 12735 --- [kpo] [Test worker] hse.kpo.services.HseShipService          : Customer(name=Maksim, legPower=4, handPower=6, car=Car(engine=HandEngine(), vin=1), ship=Ship(engine=HandEngine(), vin=4), iq=80) take ship Ship(engine=HandEngine(), vin=4)
2025-03-03T18:03:12.343+03:00  INFO 12735 --- [kpo] [Test worker] hse.kpo.services.HseShipService          : Customer(name=Petya, legPower=6, handPower=6, car=Car(engine=PedalEngine(size=6), vin=4), ship=Ship(engine=PedalEngine(size=6), vin=3), iq=20) take ship Ship(engine=PedalEngine(size=6), vin=3)
2025-03-03T18:03:12.344+03:00  INFO 12735 --- [kpo] [Test worker] hse.kpo.services.HseShipService          : Customer(name=Nikita, legPower=6, handPower=6, car=Car(engine=HandEngine(), vin=5), ship=Ship(engine=HandEngine(), vin=5), iq=300) take ship Ship(engine=HandEngine(), vin=5)
2025-03-03T18:03:12.344+03:00  INFO 12735 --- [kpo] [Test worker] hse.kpo.services.HseShipService          : Customer(name=Artem, legPower=4, handPower=4, car=Car(engine=FlyEngine(), vin=1), ship=Ship(engine=FlyEngine(), vin=1), iq=350) take ship Ship(engine=FlyEngine(), vin=1)
2025-03-03T18:03:12.352+03:00  INFO 12735 --- [kpo] [Test worker] t.c.s.AnnotationConfigContextLoaderUtils : Could not detect default configuration classes for test class [hse.kpo.ReportTests]: ReportTests does not declare any static, non-private, non-final, nested classes annotated with @Configuration.
2025-03-03T18:03:12.354+03:00  INFO 12735 --- [kpo] [Test worker] .b.t.c.SpringBootTestContextBootstrapper : Found @SpringBootConfiguration hse.kpo.KpoApplication for test class hse.kpo.ReportTests
2025-03-03T18:03:12.394+03:00  INFO 12735 --- [kpo] [Test worker] hse.kpo.ReportTests                      : Starting ReportTests using Java 21.0.5 with PID 12735 (started by artemakulov in /Users/artemakulov/Study/2 course/2 sem/kpo-2025/practice/practise-8)
2025-03-03T18:03:12.394+03:00  INFO 12735 --- [kpo] [Test worker] hse.kpo.ReportTests                      : No active profile set, falling back to 1 default profile: "default"
2025-03-03T18:03:12.463+03:00  INFO 12735 --- [kpo] [Test worker] hse.kpo.services.HseCarService           : Hse Car Service created
2025-03-03T18:03:12.464+03:00  INFO 12735 --- [kpo] [Test worker] hse.kpo.services.HseShipService          : Hse Ship Service created
2025-03-03T18:03:12.505+03:00  INFO 12735 --- [kpo] [Test worker] hse.kpo.ReportTests                      : Started ReportTests in 0.143 seconds (process running for 2.916)
2025-03-03T18:03:12.508+03:00  INFO 12735 --- [kpo] [Test worker] hse.kpo.services.HseCarService           : Customer(name=Ivan, legPower=6, handPower=4, car=Car(engine=PedalEngine(size=6), vin=2), ship=null, iq=0) take car Car(engine=PedalEngine(size=6), vin=2)
2025-03-03T18:03:12.509+03:00  INFO 12735 --- [kpo] [Test worker] hse.kpo.services.HseCarService           : Customer(name=Maksim, legPower=4, handPower=6, car=Car(engine=HandEngine(), vin=1), ship=null, iq=0) take car Car(engine=HandEngine(), vin=1)
2025-03-03T18:03:12.509+03:00  INFO 12735 --- [kpo] [Test worker] hse.kpo.services.HseCarService           : Customer(name=Petya, legPower=6, handPower=6, car=Car(engine=PedalEngine(size=6), vin=3), ship=null, iq=0) take car Car(engine=PedalEngine(size=6), vin=3)
2025-03-03T18:03:12.509+03:00  INFO 12735 --- [kpo] [Test worker] hse.kpo.services.HseCarService           : Customer(name=Ilya, legPower=6, handPower=6, car=Car(engine=FlyEngine(), vin=4), ship=null, iq=320) take car Car(engine=FlyEngine(), vin=4)
2025-03-03T18:03:12.577+03:00  INFO 12735 --- [kpo] [Test worker] t.c.s.AnnotationConfigContextLoaderUtils : Could not detect default configuration classes for test class [hse.kpo.ShipTest]: ShipTest does not declare any static, non-private, non-final, nested classes annotated with @Configuration.
2025-03-03T18:03:12.579+03:00  INFO 12735 --- [kpo] [Test worker] .b.t.c.SpringBootTestContextBootstrapper : Found @SpringBootConfiguration hse.kpo.KpoApplication for test class hse.kpo.ShipTest
2025-03-03T18:03:12.583+03:00  INFO 12735 --- [kpo] [Test worker] hse.kpo.services.HseCarService           : Hse Car Service created
2025-03-03T18:03:12.583+03:00  INFO 12735 --- [kpo] [Test worker] hse.kpo.services.HseShipService          : Hse Ship Service created
2025-03-03T18:03:12.584+03:00  INFO 12735 --- [kpo] [Test worker] hse.kpo.services.HseCarService           : Customer(name=Maksim, legPower=4, handPower=6, car=Car(engine=HandEngine(), vin=3), ship=null, iq=0) take car Car(engine=HandEngine(), vin=3)
2025-03-03T18:03:12.584+03:00  INFO 12735 --- [kpo] [Test worker] hse.kpo.services.HseCarService           : Customer(name=Petya, legPower=6, handPower=6, car=Car(engine=PedalEngine(size=6), vin=2), ship=null, iq=0) take car Car(engine=PedalEngine(size=6), vin=2)
2025-03-03T18:03:12.584+03:00  INFO 12735 --- [kpo] [Test worker] hse.kpo.services.HseCarService           : Customer(name=Ilya, legPower=6, handPower=6, car=Car(engine=FlyEngine(), vin=1), ship=null, iq=320) take car Car(engine=FlyEngine(), vin=1)
2025-03-03T18:03:12.584+03:00  INFO 12735 --- [kpo] [Test worker] hse.kpo.services.HseShipService          : Customer(name=Maksim, legPower=4, handPower=6, car=Car(engine=HandEngine(), vin=3), ship=Ship(engine=HandEngine(), vin=2), iq=0) take ship Ship(engine=HandEngine(), vin=2)
2025-03-03T18:03:12.584+03:00  INFO 12735 --- [kpo] [Test worker] hse.kpo.services.HseShipService          : Customer(name=Petya, legPower=6, handPower=6, car=Car(engine=PedalEngine(size=6), vin=2), ship=Ship(engine=PedalEngine(size=3), vin=3), iq=0) take ship Ship(engine=PedalEngine(size=3), vin=3)
2025-03-03T18:03:12.584+03:00  INFO 12735 --- [kpo] [Test worker] hse.kpo.services.HseShipService          : Customer(name=Ilya, legPower=6, handPower=6, car=Car(engine=FlyEngine(), vin=1), ship=Ship(engine=FlyEngine(), vin=1), iq=320) take ship Ship(engine=FlyEngine(), vin=1)
2025-03-03T18:03:12.587+03:00  INFO 12735 --- [kpo] [Test worker] hse.kpo.services.HseCarService           : Hse Car Service created
2025-03-03T18:03:12.587+03:00  INFO 12735 --- [kpo] [Test worker] hse.kpo.services.HseShipService          : Hse Ship Service created
2025-03-03T18:03:12.590+03:00  INFO 12735 --- [kpo] [Test worker] hse.kpo.services.HseCarService           : Hse Car Service created
2025-03-03T18:03:12.591+03:00  INFO 12735 --- [kpo] [Test worker] hse.kpo.services.HseShipService          : Hse Ship Service created
2025-03-03T18:03:12.591+03:00  INFO 12735 --- [kpo] [Test worker] hse.kpo.services.HseShipService          : Customer(name=Maksim, legPower=4, handPower=6, car=null, ship=Ship(engine=HandEngine(), vin=2), iq=0) take ship Ship(engine=HandEngine(), vin=2)
2025-03-03T18:03:12.591+03:00  INFO 12735 --- [kpo] [Test worker] hse.kpo.services.HseShipService          : Customer(name=Petya, legPower=6, handPower=6, car=null, ship=Ship(engine=PedalEngine(size=3), vin=3), iq=0) take ship Ship(engine=PedalEngine(size=3), vin=3)
2025-03-03T18:03:12.592+03:00  INFO 12735 --- [kpo] [Test worker] hse.kpo.services.HseShipService          : Customer(name=Ilya, legPower=6, handPower=6, car=null, ship=Ship(engine=FlyEngine(), vin=1), iq=320) take ship Ship(engine=FlyEngine(), vin=1)
2025-03-03T18:04:40.028+03:00  INFO 12806 --- [kpo] [Test worker] hse.kpo.HseTest                          : Starting HseTest using Java 21.0.5 with PID 12806 (started by artemakulov in /Users/artemakulov/Study/2 course/2 sem/kpo-2025/practice/practise-8)
2025-03-03T18:04:40.029+03:00  INFO 12806 --- [kpo] [Test worker] hse.kpo.HseTest                          : No active profile set, falling back to 1 default profile: "default"
2025-03-03T18:04:40.389+03:00  INFO 12806 --- [kpo] [Test worker] hse.kpo.services.HseCarService           : Hse Car Service created
2025-03-03T18:04:40.408+03:00  INFO 12806 --- [kpo] [Test worker] hse.kpo.services.HseShipService          : Hse Ship Service created
2025-03-03T18:04:40.492+03:00  INFO 12806 --- [kpo] [Test worker] hse.kpo.HseTest                          : Started HseTest in 0.711 seconds (process running for 1.598)
2025-03-03T18:04:40.991+03:00  INFO 12806 --- [kpo] [Test worker] hse.kpo.services.HseCarService           : Customer(name=Ivan1, legPower=6, handPower=4, car=Car(engine=PedalEngine(size=6), vin=1), ship=null, iq=150) take car Car(engine=PedalEngine(size=6), vin=1)
2025-03-03T18:04:40.992+03:00  INFO 12806 --- [kpo] [Test worker] hse.kpo.services.HseCarService           : Customer(name=Maksim, legPower=4, handPower=6, car=Car(engine=HandEngine(), vin=3), ship=null, iq=80) take car Car(engine=HandEngine(), vin=3)
2025-03-03T18:04:40.992+03:00  INFO 12806 --- [kpo] [Test worker] hse.kpo.services.HseCarService           : Customer(name=Petya, legPower=6, handPower=6, car=Car(engine=PedalEngine(size=6), vin=2), ship=null, iq=20) take car Car(engine=PedalEngine(size=6), vin=2)
2025-03-03T18:04:40.992+03:00  INFO 12806 --- [kpo] [Test worker] hse.kpo.services.HseCarService           : Customer(name=Nikita, legPower=6, handPower=6, car=WilledCatamaran(), ship=null, iq=300) take car WilledCatamaran()
2025-03-03T18:05:21.810+03:00  INFO 12850 --- [kpo] [Test worker] hse.kpo.HseTest                          : Starting HseTest using Java 21.0.5 with PID 12850 (started by artemakulov in /Users/artemakulov/Study/2 course/2 sem/kpo-2025/practice/practise-8)
2025-03-03T18:05:21.811+03:00  INFO 12850 --- [kpo] [Test worker] hse.kpo.HseTest                          : No active profile set, falling back to 1 default profile: "default"
2025-03-03T18:05:22.185+03:00  INFO 12850 --- [kpo] [Test worker] hse.kpo.services.HseCarService           : Hse Car Service created
2025-03-03T18:05:22.204+03:00  INFO 12850 --- [kpo] [Test worker] hse.kpo.services.HseShipService          : Hse Ship Service created
2025-03-03T18:05:22.289+03:00  INFO 12850 --- [kpo] [Test worker] hse.kpo.HseTest                          : Started HseTest in 0.763 seconds (process running for 1.669)
2025-03-03T18:06:13.009+03:00  INFO 12873 --- [kpo] [Test worker] hse.kpo.HseTest                          : Starting HseTest using Java 21.0.5 with PID 12873 (started by artemakulov in /Users/artemakulov/Study/2 course/2 sem/kpo-2025/practice/practise-8)
2025-03-03T18:06:13.010+03:00  INFO 12873 --- [kpo] [Test worker] hse.kpo.HseTest                          : No active profile set, falling back to 1 default profile: "default"
2025-03-03T18:06:24.845+03:00  INFO 12882 --- [kpo] [Test worker] hse.kpo.HseTest                          : Starting HseTest using Java 21.0.5 with PID 12882 (started by artemakulov in /Users/artemakulov/Study/2 course/2 sem/kpo-2025/practice/practise-8)
2025-03-03T18:06:24.846+03:00  INFO 12882 --- [kpo] [Test worker] hse.kpo.HseTest                          : No active profile set, falling back to 1 default profile: "default"
2025-03-03T18:06:25.213+03:00  INFO 12882 --- [kpo] [Test worker] hse.kpo.services.HseCarService           : Hse Car Service created
2025-03-03T18:06:25.233+03:00  INFO 12882 --- [kpo] [Test worker] hse.kpo.services.HseShipService          : Hse Ship Service created
2025-03-03T18:06:25.323+03:00  INFO 12882 --- [kpo] [Test worker] hse.kpo.HseTest                          : Started HseTest in 0.696 seconds (process running for 1.601)
2025-03-03T18:06:41.557+03:00  INFO 12895 --- [kpo] [Test worker] hse.kpo.HseTest                          : Starting HseTest using Java 21.0.5 with PID 12895 (started by artemakulov in /Users/artemakulov/Study/2 course/2 sem/kpo-2025/practice/practise-8)
2025-03-03T18:06:41.558+03:00  INFO 12895 --- [kpo] [Test worker] hse.kpo.HseTest                          : No active profile set, falling back to 1 default profile: "default"
2025-03-03T18:06:41.953+03:00  INFO 12895 --- [kpo] [Test worker] hse.kpo.services.HseCarService           : Hse Car Service created
2025-03-03T18:06:41.973+03:00  INFO 12895 --- [kpo] [Test worker] hse.kpo.services.HseShipService          : Hse Ship Service created
2025-03-03T18:06:42.064+03:00  INFO 12895 --- [kpo] [Test worker] hse.kpo.HseTest                          : Started HseTest in 0.738 seconds (process running for 1.612)
2025-03-03T18:08:03.193+03:00  INFO 12906 --- [kpo] [Test worker] hse.kpo.HseTest                          : Starting HseTest using Java 21.0.5 with PID 12906 (started by artemakulov in /Users/artemakulov/Study/2 course/2 sem/kpo-2025/practice/practise-8)
2025-03-03T18:08:03.195+03:00  INFO 12906 --- [kpo] [Test worker] hse.kpo.HseTest                          : No active profile set, falling back to 1 default profile: "default"
2025-03-03T18:08:03.550+03:00  INFO 12906 --- [kpo] [Test worker] hse.kpo.services.HseCarService           : Hse Car Service created
2025-03-03T18:08:03.571+03:00  INFO 12906 --- [kpo] [Test worker] hse.kpo.services.HseShipService          : Hse Ship Service created
2025-03-03T18:08:03.657+03:00  INFO 12906 --- [kpo] [Test worker] hse.kpo.HseTest                          : Started HseTest in 0.666 seconds (process running for 1.489)
2025-03-03T19:04:41.905+03:00  INFO 14026 --- [kpo] [Test worker] hse.kpo.CarServiceTests                  : Starting CarServiceTests using Java 21.0.5 with PID 14026 (started by artemakulov in /Users/artemakulov/Study/2 course/2 sem/kpo-2025/practice/practise-8)
2025-03-03T19:04:41.906+03:00  INFO 14026 --- [kpo] [Test worker] hse.kpo.CarServiceTests                  : No active profile set, falling back to 1 default profile: "default"
2025-03-03T19:04:42.312+03:00  INFO 14026 --- [kpo] [Test worker] hse.kpo.services.HseCarService           : Hse Car Service created
2025-03-03T19:04:42.333+03:00  INFO 14026 --- [kpo] [Test worker] hse.kpo.services.HseShipService          : Hse Ship Service created
2025-03-03T19:04:42.434+03:00  INFO 14026 --- [kpo] [Test worker] hse.kpo.CarServiceTests                  : Started CarServiceTests in 0.754 seconds (process running for 1.58)
2025-03-03T19:04:50.257+03:00  INFO 14062 --- [kpo] [Test worker] hse.kpo.HseTest                          : Starting HseTest using Java 21.0.5 with PID 14062 (started by artemakulov in /Users/artemakulov/Study/2 course/2 sem/kpo-2025/practice/practise-8)
2025-03-03T19:04:50.258+03:00  INFO 14062 --- [kpo] [Test worker] hse.kpo.HseTest                          : No active profile set, falling back to 1 default profile: "default"
2025-03-03T19:04:50.629+03:00  INFO 14062 --- [kpo] [Test worker] hse.kpo.services.HseCarService           : Hse Car Service created
2025-03-03T19:04:50.648+03:00  INFO 14062 --- [kpo] [Test worker] hse.kpo.services.HseShipService          : Hse Ship Service created
2025-03-03T19:04:50.739+03:00  INFO 14062 --- [kpo] [Test worker] hse.kpo.HseTest                          : Started HseTest in 0.701 seconds (process running for 1.546)
2025-03-03T19:04:51.234+03:00  INFO 14062 --- [kpo] [Test worker] hse.kpo.services.HseCarService           : Customer(name=Ivan1, legPower=6, handPower=4, car=Car(engine=PedalEngine(size=6), vin=1), ship=null, iq=150) take car Car(engine=PedalEngine(size=6), vin=1)
2025-03-03T19:04:51.235+03:00  INFO 14062 --- [kpo] [Test worker] hse.kpo.services.HseCarService           : Customer(name=Maksim, legPower=4, handPower=6, car=Car(engine=HandEngine(), vin=3), ship=null, iq=80) take car Car(engine=HandEngine(), vin=3)
2025-03-03T19:04:51.236+03:00  INFO 14062 --- [kpo] [Test worker] hse.kpo.services.HseCarService           : Customer(name=Petya, legPower=6, handPower=6, car=Car(engine=PedalEngine(size=6), vin=2), ship=null, iq=20) take car Car(engine=PedalEngine(size=6), vin=2)
2025-03-03T19:14:19.990+03:00  INFO 14144 --- [kpo] [Test worker] hse.kpo.HseTest                          : Starting HseTest using Java 21.0.5 with PID 14144 (started by artemakulov in /Users/artemakulov/Study/2 course/2 sem/kpo-2025/practice/practise-8)
2025-03-03T19:14:19.991+03:00  INFO 14144 --- [kpo] [Test worker] hse.kpo.HseTest                          : No active profile set, falling back to 1 default profile: "default"
2025-03-03T19:14:20.366+03:00  INFO 14144 --- [kpo] [Test worker] hse.kpo.services.HseCarService           : Hse Car Service created
2025-03-03T19:14:20.387+03:00  INFO 14144 --- [kpo] [Test worker] hse.kpo.services.HseShipService          : Hse Ship Service created
2025-03-03T19:14:20.475+03:00  INFO 14144 --- [kpo] [Test worker] hse.kpo.HseTest                          : Started HseTest in 0.704 seconds (process running for 1.526)
2025-03-03T19:14:21.021+03:00  INFO 14144 --- [kpo] [Test worker] hse.kpo.services.HseCarService           : Customer(name=Ivan1, legPower=6, handPower=4, car=Car(engine=PedalEngine(size=6), vin=1), ship=null, iq=150) take car Car(engine=PedalEngine(size=6), vin=1)
2025-03-03T19:14:21.022+03:00  INFO 14144 --- [kpo] [Test worker] hse.kpo.services.HseCarService           : Customer(name=Maksim, legPower=4, handPower=6, car=Car(engine=HandEngine(), vin=3), ship=null, iq=80) take car Car(engine=HandEngine(), vin=3)
2025-03-03T19:14:21.022+03:00  INFO 14144 --- [kpo] [Test worker] hse.kpo.services.HseCarService           : Customer(name=Petya, legPower=6, handPower=6, car=Car(engine=PedalEngine(size=6), vin=2), ship=null, iq=20) take car Car(engine=PedalEngine(size=6), vin=2)
2025-03-03T19:14:21.022+03:00  INFO 14144 --- [kpo] [Test worker] hse.kpo.services.HseCarService           : Customer(name=Nikita, legPower=6, handPower=6, car=Catamaran(), ship=null, iq=300) take car Catamaran()
2025-03-03T19:24:32.427+03:00  INFO 14403 --- [kpo] [Test worker] hse.kpo.HseTest                          : Starting HseTest using Java 21.0.5 with PID 14403 (started by artemakulov in /Users/artemakulov/Study/2 course/2 sem/kpo-2025/practice/practise-8)
2025-03-03T19:24:32.428+03:00  INFO 14403 --- [kpo] [Test worker] hse.kpo.HseTest                          : No active profile set, falling back to 1 default profile: "default"
2025-03-03T19:24:32.791+03:00  INFO 14403 --- [kpo] [Test worker] hse.kpo.services.HseCarService           : Hse Car Service created
2025-03-03T19:24:32.810+03:00  INFO 14403 --- [kpo] [Test worker] hse.kpo.services.HseShipService          : Hse Ship Service created
2025-03-03T19:24:32.899+03:00  INFO 14403 --- [kpo] [Test worker] hse.kpo.HseTest                          : Started HseTest in 0.683 seconds (process running for 1.551)
2025-03-03T19:24:33.415+03:00  INFO 14403 --- [kpo] [Test worker] hse.kpo.services.HseCarService           : Customer(name=Ivan1, legPower=6, handPower=4, car=Car(engine=PedalEngine(size=6), vin=1), ship=null, iq=150) take car Car(engine=PedalEngine(size=6), vin=1)
2025-03-03T19:24:33.415+03:00  INFO 14403 --- [kpo] [Test worker] hse.kpo.services.HseCarService           : Customer(name=Maksim, legPower=4, handPower=6, car=Car(engine=HandEngine(), vin=3), ship=null, iq=80) take car Car(engine=HandEngine(), vin=3)
2025-03-03T19:24:33.415+03:00  INFO 14403 --- [kpo] [Test worker] hse.kpo.services.HseCarService           : Customer(name=Petya, legPower=6, handPower=6, car=Car(engine=PedalEngine(size=6), vin=2), ship=null, iq=20) take car Car(engine=PedalEngine(size=6), vin=2)
2025-03-03T19:24:33.416+03:00  INFO 14403 --- [kpo] [Test worker] hse.kpo.services.HseCarService           : Customer(name=Nikita, legPower=6, handPower=6, car=Catamaran(), ship=null, iq=300) take car Catamaran()
2025-03-03T19:25:16.501+03:00  INFO 14450 --- [kpo] [Test worker] hse.kpo.HseTest                          : Starting HseTest using Java 21.0.5 with PID 14450 (started by artemakulov in /Users/artemakulov/Study/2 course/2 sem/kpo-2025/practice/practise-8)
2025-03-03T19:25:16.502+03:00  INFO 14450 --- [kpo] [Test worker] hse.kpo.HseTest                          : No active profile set, falling back to 1 default profile: "default"
2025-03-03T19:25:16.874+03:00  INFO 14450 --- [kpo] [Test worker] hse.kpo.services.HseCarService           : Hse Car Service created
2025-03-03T19:25:16.894+03:00  INFO 14450 --- [kpo] [Test worker] hse.kpo.services.HseShipService          : Hse Ship Service created
2025-03-03T19:25:16.976+03:00  INFO 14450 --- [kpo] [Test worker] hse.kpo.HseTest                          : Started HseTest in 0.704 seconds (process running for 1.515)
2025-03-03T19:25:35.068+03:00  INFO 14471 --- [kpo] [Test worker] hse.kpo.HseTest                          : Starting HseTest using Java 21.0.5 with PID 14471 (started by artemakulov in /Users/artemakulov/Study/2 course/2 sem/kpo-2025/practice/practise-8)
2025-03-03T19:25:35.070+03:00  INFO 14471 --- [kpo] [Test worker] hse.kpo.HseTest                          : No active profile set, falling back to 1 default profile: "default"
2025-03-03T19:25:35.674+03:00  INFO 14471 --- [kpo] [Test worker] hse.kpo.services.HseCarService           : Hse Car Service created
2025-03-03T19:25:35.714+03:00  INFO 14471 --- [kpo] [Test worker] hse.kpo.services.HseShipService          : Hse Ship Service created
2025-03-03T19:25:35.884+03:00  INFO 14471 --- [kpo] [Test worker] hse.kpo.HseTest                          : Started HseTest in 1.265 seconds (process running for 2.612)
2025-03-03T19:30:36.721+03:00  INFO 14523 --- [kpo] [Test worker] hse.kpo.HseTest                          : Starting HseTest using Java 21.0.5 with PID 14523 (started by artemakulov in /Users/artemakulov/Study/2 course/2 sem/kpo-2025/practice/practise-8)
2025-03-03T19:30:36.723+03:00  INFO 14523 --- [kpo] [Test worker] hse.kpo.HseTest                          : No active profile set, falling back to 1 default profile: "default"
2025-03-03T19:30:37.085+03:00  INFO 14523 --- [kpo] [Test worker] hse.kpo.services.HseCarService           : Hse Car Service created
2025-03-03T19:30:37.104+03:00  INFO 14523 --- [kpo] [Test worker] hse.kpo.services.HseShipService          : Hse Ship Service created
2025-03-03T19:30:37.190+03:00  INFO 14523 --- [kpo] [Test worker] hse.kpo.HseTest                          : Started HseTest in 0.679 seconds (process running for 1.449)
2025-03-03T19:30:46.952+03:00  INFO 14540 --- [kpo] [Test worker] hse.kpo.HseTest                          : Starting HseTest using Java 21.0.5 with PID 14540 (started by artemakulov in /Users/artemakulov/Study/2 course/2 sem/kpo-2025/practice/practise-8)
2025-03-03T19:30:46.957+03:00  INFO 14540 --- [kpo] [Test worker] hse.kpo.HseTest                          : No active profile set, falling back to 1 default profile: "default"
2025-03-03T19:30:47.574+03:00  INFO 14540 --- [kpo] [Test worker] hse.kpo.services.HseCarService           : Hse Car Service created
2025-03-03T19:30:47.614+03:00  INFO 14540 --- [kpo] [Test worker] hse.kpo.services.HseShipService          : Hse Ship Service created
2025-03-03T19:30:47.784+03:00  INFO 14540 --- [kpo] [Test worker] hse.kpo.HseTest                          : Started HseTest in 1.393 seconds (process running for 2.791)
2025-03-03T19:31:45.760+03:00  INFO 14551 --- [kpo] [Test worker] hse.kpo.HseTest                          : Starting HseTest using Java 21.0.5 with PID 14551 (started by artemakulov in /Users/artemakulov/Study/2 course/2 sem/kpo-2025/practice/practise-8)
2025-03-03T19:31:45.762+03:00  INFO 14551 --- [kpo] [Test worker] hse.kpo.HseTest                          : No active profile set, falling back to 1 default profile: "default"
2025-03-03T19:31:46.368+03:00  INFO 14551 --- [kpo] [Test worker] hse.kpo.services.HseCarService           : Hse Car Service created
2025-03-03T19:31:46.407+03:00  INFO 14551 --- [kpo] [Test worker] hse.kpo.services.HseShipService          : Hse Ship Service created
2025-03-03T19:31:46.576+03:00  INFO 14551 --- [kpo] [Test worker] hse.kpo.HseTest                          : Started HseTest in 1.237 seconds (process running for 2.462)
2025-03-03T19:32:04.314+03:00  INFO 14557 --- [kpo] [Test worker] hse.kpo.HseTest                          : Starting HseTest using Java 21.0.5 with PID 14557 (started by artemakulov in /Users/artemakulov/Study/2 course/2 sem/kpo-2025/practice/practise-8)
2025-03-03T19:32:04.315+03:00  INFO 14557 --- [kpo] [Test worker] hse.kpo.HseTest                          : No active profile set, falling back to 1 default profile: "default"
2025-03-03T19:32:04.894+03:00  INFO 14557 --- [kpo] [Test worker] hse.kpo.services.HseCarService           : Hse Car Service created
2025-03-03T19:32:04.933+03:00  INFO 14557 --- [kpo] [Test worker] hse.kpo.services.HseShipService          : Hse Ship Service created
2025-03-03T19:32:05.093+03:00  INFO 14557 --- [kpo] [Test worker] hse.kpo.HseTest                          : Started HseTest in 1.208 seconds (process running for 2.518)
